{
    "results": {
        "test_list_init": {
            "return_code": "skipped: unimplemented",
            "stdout": "",
            "stderr": "",
            "passed": false,
            "skipped": true
        },
        "test_list_add_item_at_pos": {
            "return_code": 0,
            "stdout": "[==========] tests: Running 1 test(s).\n[ RUN      ] test_list_add_item_at_pos\n[       OK ] test_list_add_item_at_pos\n[==========] tests: 1 test(s) run.\n",
            "stderr": "[  PASSED  ] 1 test(s).\n\nSummary: [#]\n\n",
            "passed": true,
            "skipped": false
        },
        "test_list_item_to_string": {
            "return_code": 0,
            "stdout": "[==========] tests: Running 1 test(s).\n[ RUN      ] test_list_item_to_string\n[       OK ] test_list_item_to_string\n[==========] tests: 1 test(s) run.\n",
            "stderr": "[  PASSED  ] 1 test(s).\n\nSummary: [#]\n\n",
            "passed": true,
            "skipped": false
        },
        "test_list_print": {
            "return_code": 0,
            "stdout": "[==========] tests: Running 1 test(s).\n[ RUN      ] test_list_print\n[       OK ] test_list_print\n[==========] tests: 1 test(s) run.\n",
            "stderr": "[  PASSED  ] 1 test(s).\n\nSummary: [#]\n\n",
            "passed": true,
            "skipped": false
        },
        "test_list_update_item_at_pos": {
            "return_code": 0,
            "stdout": "[==========] tests: Running 1 test(s).\n[ RUN      ] test_list_update_item_at_pos\n[       OK ] test_list_update_item_at_pos\n[==========] tests: 1 test(s) run.\n",
            "stderr": "[  PASSED  ] 1 test(s).\n\nSummary: [#]\n\n",
            "passed": true,
            "skipped": false
        },
        "test_list_remove_item_at_pos": {
            "return_code": 0,
            "stdout": "[==========] tests: Running 1 test(s).\n[ RUN      ] test_list_remove_item_at_pos\n[       OK ] test_list_remove_item_at_pos\n[==========] tests: 1 test(s) run.\n",
            "stderr": "[  PASSED  ] 1 test(s).\n\nSummary: [#]\n\n",
            "passed": true,
            "skipped": false
        },
        "test_list_swap_item_positions": {
            "return_code": "skipped: compile_error",
            "stdout": "",
            "stderr": "",
            "passed": false,
            "skipped": true
        },
        "test_list_find_highest_price_item_position": {
            "return_code": "skipped: compile_error",
            "stdout": "",
            "stderr": "",
            "passed": false,
            "skipped": true
        },
        "test_list_cost_sum": {
            "return_code": "skipped: compile_error",
            "stdout": "",
            "stderr": "",
            "passed": false,
            "skipped": true
        },
        "test_list_save": {
            "return_code": "skipped: compile_error",
            "stdout": "",
            "stderr": "",
            "passed": false,
            "skipped": true
        },
        "test_list_load": {
            "return_code": 1,
            "stdout": "[==========] tests: Running 1 test(s).\n[ RUN      ] test_list_load\n",
            "stderr": "AddressSanitizer:DEADLYSIGNAL\n=================================================================\n==3828400==ERROR: AddressSanitizer: SEGV on unknown address 0x000000000000 (pc 0x56526ef0a945 bp 0x7ffcc8864930 sp 0x7ffcc8864890 T0)\n==3828400==The signal is caused by a READ memory access.\n==3828400==Hint: address points to the zero page.\n    #0 0x56526ef0a944 in test_list_load tests_orig/test_list_load.c:28\n    #1 0x56526ef08c35 in cmocka_run_one_test_or_fixture cmocka/cmocka.c:2937\n    #2 0x56526ef09175 in cmocka_run_one_tests cmocka/cmocka.c:3045\n    #3 0x56526ef09ba3 in _cmocka_run_group_tests cmocka/cmocka.c:3176\n    #4 0x56526ef0b0fb in main tests_orig/test_list_load.c:44\n    #5 0x7efd1d685fcf in __libc_start_call_main ../sysdeps/nptl/libc_start_call_main.h:58\n    #6 0x7efd1d68607c in __libc_start_main_impl ../csu/libc-start.c:409\n    #7 0x56526eefe824 in _start (/home/gustavo/git/codex_study_grading/repos/dc47e379-a3ba-464c-aa89-69374080111a/tests_orig/test_list_load.bin+0x6824)\n\nAddressSanitizer can not provide additional info.\nSUMMARY: AddressSanitizer: SEGV tests_orig/test_list_load.c:28 in test_list_load\n==3828400==ABORTING\n",
            "passed": false,
            "skipped": false
        },
        "test_list_deduplicate": {
            "return_code": 1,
            "stdout": "[==========] tests: Running 1 test(s).\n[ RUN      ] test_list_deduplicate\n[  FAILED  ] test_list_deduplicate\n[==========] tests: 1 test(s) run.\n",
            "stderr": "[  ERROR   ] --- 0x1 != 0xb\n[   LINE   ] --- tests_orig/test_list_deduplicate.c:28: error: Failure!\n[  PASSED  ] 0 test(s).\n[  FAILED  ] tests: 1 test(s), listed below:\n[  FAILED  ] test_list_deduplicate\n\n 1 FAILED TEST(S)\n\nSummary: [X]\n\n",
            "passed": false,
            "skipped": false
        }
    },
    "passed": 5,
    "total": 12,
    "passed_functional": 5,
    "total_functional": 12
}
