{
    "results": {
        "test_list_init": {
            "return_code": "skipped: unimplemented",
            "stdout": "",
            "stderr": "",
            "passed": false,
            "skipped": true
        },
        "test_list_add_item_at_pos": {
            "return_code": 1,
            "stdout": "[==========] tests: Running 1 test(s).\n[ RUN      ] test_list_add_item_at_pos\n[  FAILED  ] test_list_add_item_at_pos\n[==========] tests: 1 test(s) run.\n",
            "stderr": "[  ERROR   ] --- 0x1 != 0\n[   LINE   ] --- tests_orig/test_list_add_item_at_pos.c:23: error: Failure!\n[  PASSED  ] 0 test(s).\n[  FAILED  ] tests: 1 test(s), listed below:\n[  FAILED  ] test_list_add_item_at_pos\n\n 1 FAILED TEST(S)\n\nSummary: [X]\n\n",
            "passed": false,
            "skipped": false
        },
        "test_list_item_to_string": {
            "return_code": 1,
            "stdout": "[==========] tests: Running 1 test(s).\n[ RUN      ] test_list_item_to_string\n",
            "stderr": "=================================================================\n==3828194==ERROR: AddressSanitizer: attempting free on address which was not malloc()-ed: 0x7ffce24b59b0 in thread T0\n    #0 0x7ff1ac39240f in __interceptor_free ../../../../src/libsanitizer/asan/asan_malloc_linux.cc:122\n    #1 0x56331e504950 in list_item_to_string parts/gen_list_item_to_string.c:35\n    #2 0x56331e510928 in test_list_item_to_string tests_orig/test_list_item_to_string.c:25\n    #3 0x56331e50ebd2 in cmocka_run_one_test_or_fixture cmocka/cmocka.c:2937\n    #4 0x56331e50f112 in cmocka_run_one_tests cmocka/cmocka.c:3045\n    #5 0x56331e50fb40 in _cmocka_run_group_tests cmocka/cmocka.c:3176\n    #6 0x56331e510b91 in main tests_orig/test_list_item_to_string.c:34\n    #7 0x7ff1ac086fcf in __libc_start_call_main ../sysdeps/nptl/libc_start_call_main.h:58\n    #8 0x7ff1ac08707c in __libc_start_main_impl ../csu/libc-start.c:409\n    #9 0x56331e504824 in _start (/home/gustavo/git/codex_study_grading/repos/a5ba06a2-cd4d-4aed-92ac-eeee80fe3e73/tests_orig/test_list_item_to_string.bin+0x6824)\n\nAddress 0x7ffce24b59b0 is located in stack of thread T0 at offset 96 in frame\n    #0 0x56331e5107b4 in test_list_item_to_string tests_orig/test_list_item_to_string.c:19\n\n  This frame has 2 object(s):\n    [32, 40) 'head'\n    [96, 196) 'str' <== Memory access at offset 96 is inside this variable\nHINT: this may be a false positive if your program uses some custom stack unwind mechanism, swapcontext or vfork\n      (longjmp and C++ exceptions *are* supported)\nSUMMARY: AddressSanitizer: bad-free ../../../../src/libsanitizer/asan/asan_malloc_linux.cc:122 in __interceptor_free\n==3828194==ABORTING\n",
            "passed": false,
            "skipped": false
        },
        "test_list_print": {
            "return_code": 1,
            "stdout": "[==========] tests: Running 1 test(s).\n[ RUN      ] test_list_print\n[  FAILED  ] test_list_print\n[==========] tests: 1 test(s) run.\n",
            "stderr": "[  ERROR   ] --- \"0: 3 * banana @ $1.00 ea\n1: 2 * orange @ $2.00 ea\n2: 4 * apple @ $3.00 ea\n\" != \"1: 3 * banana @ $1.00 ea\n2: 2 * orange @ $2.00 ea\n3: 4 * apple @ $3.00 ea\n\"\n[   LINE   ] --- tests_orig/test_list_print.c:32: error: Failure!\n[  PASSED  ] 0 test(s).\n[  FAILED  ] tests: 1 test(s), listed below:\n[  FAILED  ] test_list_print\n\n 1 FAILED TEST(S)\n\nSummary: [X]\n\n",
            "passed": false,
            "skipped": false
        },
        "test_list_update_item_at_pos": {
            "return_code": 1,
            "stdout": "[==========] tests: Running 1 test(s).\n[ RUN      ] test_list_update_item_at_pos\n[  FAILED  ] test_list_update_item_at_pos\n[==========] tests: 1 test(s) run.\n",
            "stderr": "[  ERROR   ] --- 0x1 != 0\n[   LINE   ] --- tests_orig/test_list_update_item_at_pos.c:25: error: Failure!\n[  PASSED  ] 0 test(s).\n[  FAILED  ] tests: 1 test(s), listed below:\n[  FAILED  ] test_list_update_item_at_pos\n\n 1 FAILED TEST(S)\n\nSummary: [X]\n\n",
            "passed": false,
            "skipped": false
        },
        "test_list_remove_item_at_pos": {
            "return_code": 1,
            "stdout": "[==========] tests: Running 1 test(s).\n[ RUN      ] test_list_remove_item_at_pos\n[  FAILED  ] test_list_remove_item_at_pos\n[==========] tests: 1 test(s) run.\n",
            "stderr": "[  ERROR   ] --- head\n[   LINE   ] --- tests_orig/test_list_remove_item_at_pos.c:25: error: Failure!\n[  PASSED  ] 0 test(s).\n[  FAILED  ] tests: 1 test(s), listed below:\n[  FAILED  ] test_list_remove_item_at_pos\n\n 1 FAILED TEST(S)\n\nSummary: [X]\n\n",
            "passed": false,
            "skipped": false
        },
        "test_list_swap_item_positions": {
            "return_code": 1,
            "stdout": "[==========] tests: Running 1 test(s).\n[ RUN      ] test_list_swap_item_positions\n[  FAILED  ] test_list_swap_item_positions\n[==========] tests: 1 test(s) run.\n",
            "stderr": "[  ERROR   ] --- \"item1\" != \"item2\"\n[   LINE   ] --- tests_orig/test_list_swap_item_positions.c:26: error: Failure!\n[  PASSED  ] 0 test(s).\n[  FAILED  ] tests: 1 test(s), listed below:\n[  FAILED  ] test_list_swap_item_positions\n\n 1 FAILED TEST(S)\n\nSummary: [X]\n\n",
            "passed": false,
            "skipped": false
        },
        "test_list_find_highest_price_item_position": {
            "return_code": 1,
            "stdout": "[==========] tests: Running 1 test(s).\n[ RUN      ] test_list_find_highest_price_item_position\n[  FAILED  ] test_list_find_highest_price_item_position\n[==========] tests: 1 test(s) run.\n",
            "stderr": "[  ERROR   ] --- 0 != 0x3\n[   LINE   ] --- tests_orig/test_list_find_highest_price_item_position.c:28: error: Failure!\n[  PASSED  ] 0 test(s).\n[  FAILED  ] tests: 1 test(s), listed below:\n[  FAILED  ] test_list_find_highest_price_item_position\n\n 1 FAILED TEST(S)\n\nSummary: [X]\n\n",
            "passed": false,
            "skipped": false
        },
        "test_list_cost_sum": {
            "return_code": 1,
            "stdout": "[==========] tests: Running 1 test(s).\n[ RUN      ] test_list_cost_sum\n[  FAILED  ] test_list_cost_sum\n[==========] tests: 1 test(s) run.\n",
            "stderr": "[  ERROR   ] --- 0.000000 != 16.000000\n[   LINE   ] --- tests_orig/test_list_cost_sum.c:28: error: Failure!\n[  PASSED  ] 0 test(s).\n[  FAILED  ] tests: 1 test(s), listed below:\n[  FAILED  ] test_list_cost_sum\n\n 1 FAILED TEST(S)\n\nSummary: [X]\n\n",
            "passed": false,
            "skipped": false
        },
        "test_list_save": {
            "return_code": 1,
            "stdout": "[==========] tests: Running 1 test(s).\n[ RUN      ] test_list_save\n[  FAILED  ] test_list_save\n[==========] tests: 1 test(s) run.\n",
            "stderr": "[  ERROR   ] --- \"item1,1.000000,1\n\" != \"item1,1.00,1\n\"\n[   LINE   ] --- tests_orig/test_list_save.c:34: error: Failure!\n[  PASSED  ] 0 test(s).\n[  FAILED  ] tests: 1 test(s), listed below:\n[  FAILED  ] test_list_save\n\n 1 FAILED TEST(S)\n\nSummary: [X]\n\n",
            "passed": false,
            "skipped": false
        },
        "test_list_load": {
            "return_code": 1,
            "stdout": "[==========] tests: Running 1 test(s).\n[ RUN      ] test_list_load\n[  FAILED  ] test_list_load\n[==========] tests: 1 test(s) run.\n",
            "stderr": "[  ERROR   ] --- 0x1 != 0\n[   LINE   ] --- tests_orig/test_list_load.c:23: error: Failure!\n[  PASSED  ] 0 test(s).\n[  FAILED  ] tests: 1 test(s), listed below:\n[  FAILED  ] test_list_load\n\n 1 FAILED TEST(S)\n\nSummary: [X]\n\n",
            "passed": false,
            "skipped": false
        },
        "test_list_deduplicate": {
            "return_code": 1,
            "stdout": "[==========] tests: Running 1 test(s).\n[ RUN      ] test_list_deduplicate\n[  FAILED  ] test_list_deduplicate\n[==========] tests: 1 test(s) run.\n",
            "stderr": "[  ERROR   ] --- 0x1 != 0xb\n[   LINE   ] --- tests_orig/test_list_deduplicate.c:28: error: Failure!\n[  PASSED  ] 0 test(s).\n[  FAILED  ] tests: 1 test(s), listed below:\n[  FAILED  ] test_list_deduplicate\n\n 1 FAILED TEST(S)\n\nSummary: [X]\n\n",
            "passed": false,
            "skipped": false
        }
    },
    "passed": 0,
    "total": 12,
    "passed_functional": 0,
    "total_functional": 12
}
