{
    "results": {
        "test_list_init": {
            "return_code": 1,
            "stdout": "[==========] tests: Running 1 test(s).\n[ RUN      ] test_list_init\n[  FAILED  ] test_list_init\n[==========] tests: 1 test(s) run.\n",
            "stderr": "[  ERROR   ] --- head\n[   LINE   ] --- tests_orig/test_list_init.c:23: error: Failure!\n[  PASSED  ] 0 test(s).\n[  FAILED  ] tests: 1 test(s), listed below:\n[  FAILED  ] test_list_init\n\n 1 FAILED TEST(S)\n\nSummary: [X]\n\n",
            "passed": false,
            "skipped": false
        },
        "test_list_add_item_at_pos": {
            "return_code": 1,
            "stdout": "[==========] tests: Running 1 test(s).\n[ RUN      ] test_list_add_item_at_pos\n",
            "stderr": "AddressSanitizer:DEADLYSIGNAL\n=================================================================\n==3045045==ERROR: AddressSanitizer: SEGV on unknown address 0x000000000010 (pc 0x55c58822a9da bp 0x7ffd013b69f0 sp 0x7ffd013b69b0 T0)\n==3045045==The signal is caused by a READ memory access.\n==3045045==Hint: address points to the zero page.\n    #0 0x55c58822a9d9 in list_add_item_at_pos parts/gen_list_add_item_at_pos.c:77\n    #1 0x55c58823694c in test_list_add_item_at_pos tests_orig/test_list_add_item_at_pos.c:23\n    #2 0x55c588234c38 in cmocka_run_one_test_or_fixture cmocka/cmocka.c:2937\n    #3 0x55c58823516d in cmocka_run_one_tests cmocka/cmocka.c:3045\n    #4 0x55c588235bb1 in _cmocka_run_group_tests cmocka/cmocka.c:3176\n    #5 0x55c588236be5 in main tests_orig/test_list_add_item_at_pos.c:32\n    #6 0x7f9372257082 in __libc_start_main ../csu/libc-start.c:308\n    #7 0x55c58822a80d in _start (/home/moyix/git/codex_study_grading/repos/cushman-001_05/tests_orig/test_list_add_item_at_pos.bin+0x680d)\n\nAddressSanitizer can not provide additional info.\nSUMMARY: AddressSanitizer: SEGV parts/gen_list_add_item_at_pos.c:77 in list_add_item_at_pos\n==3045045==ABORTING\n",
            "passed": false,
            "skipped": false
        },
        "test_list_item_to_string": {
            "return_code": 1,
            "stdout": "[==========] tests: Running 1 test(s).\n[ RUN      ] test_list_item_to_string\n[  FAILED  ] test_list_item_to_string\n[==========] tests: 1 test(s) run.\n",
            "stderr": "[  ERROR   ] --- 0x1 != 0\n[   LINE   ] --- tests_orig/test_list_item_to_string.c:25: error: Failure!\n[  PASSED  ] 0 test(s).\n[  FAILED  ] tests: 1 test(s), listed below:\n[  FAILED  ] test_list_item_to_string\n\n 1 FAILED TEST(S)\n\nSummary: [X]\n\n",
            "passed": false,
            "skipped": false
        },
        "test_list_print": {
            "return_code": 0,
            "stdout": "[==========] tests: Running 1 test(s).\n[ RUN      ] test_list_print\n[       OK ] test_list_print\n[==========] tests: 1 test(s) run.\n",
            "stderr": "[  PASSED  ] 1 test(s).\n\nSummary: [#]\n\n",
            "passed": true,
            "skipped": false
        },
        "test_list_update_item_at_pos": {
            "return_code": 0,
            "stdout": "[==========] tests: Running 1 test(s).\n[ RUN      ] test_list_update_item_at_pos\n[       OK ] test_list_update_item_at_pos\n[==========] tests: 1 test(s) run.\n",
            "stderr": "[  PASSED  ] 1 test(s).\n\nSummary: [#]\n\n",
            "passed": true,
            "skipped": false
        },
        "test_list_remove_item_at_pos": {
            "return_code": 1,
            "stdout": "[==========] tests: Running 1 test(s).\n[ RUN      ] test_list_remove_item_at_pos\n[  FAILED  ] test_list_remove_item_at_pos\n[==========] tests: 1 test(s) run.\n",
            "stderr": "[  ERROR   ] --- 0x1 != 0\n[   LINE   ] --- tests_orig/test_list_remove_item_at_pos.c:24: error: Failure!\n[  PASSED  ] 0 test(s).\n[  FAILED  ] tests: 1 test(s), listed below:\n[  FAILED  ] test_list_remove_item_at_pos\n\n 1 FAILED TEST(S)\n\nSummary: [X]\n\n",
            "passed": false,
            "skipped": false
        },
        "test_list_swap_item_positions": {
            "return_code": 1,
            "stdout": "[==========] tests: Running 1 test(s).\n[ RUN      ] test_list_swap_item_positions\n[  FAILED  ] test_list_swap_item_positions\n[==========] tests: 1 test(s) run.\n",
            "stderr": "[  ERROR   ] --- 0x1 != 0\n[   LINE   ] --- tests_orig/test_list_swap_item_positions.c:25: error: Failure!\n[  PASSED  ] 0 test(s).\n[  FAILED  ] tests: 1 test(s), listed below:\n[  FAILED  ] test_list_swap_item_positions\n\n 1 FAILED TEST(S)\n\nSummary: [X]\n\n",
            "passed": false,
            "skipped": false
        },
        "test_list_find_highest_price_item_position": {
            "return_code": 1,
            "stdout": "[==========] tests: Running 1 test(s).\n[ RUN      ] test_list_find_highest_price_item_position\n[  FAILED  ] test_list_find_highest_price_item_position\n[==========] tests: 1 test(s) run.\n",
            "stderr": "[  ERROR   ] --- 0x2 != 0x3\n[   LINE   ] --- tests_orig/test_list_find_highest_price_item_position.c:28: error: Failure!\n[  PASSED  ] 0 test(s).\n[  FAILED  ] tests: 1 test(s), listed below:\n[  FAILED  ] test_list_find_highest_price_item_position\n\n 1 FAILED TEST(S)\n\nSummary: [X]\n\n",
            "passed": false,
            "skipped": false
        },
        "test_list_cost_sum": {
            "return_code": 0,
            "stdout": "[==========] tests: Running 1 test(s).\n[ RUN      ] test_list_cost_sum\n[       OK ] test_list_cost_sum\n[==========] tests: 1 test(s) run.\n",
            "stderr": "[  PASSED  ] 1 test(s).\n\nSummary: [#]\n\n",
            "passed": true,
            "skipped": false
        },
        "test_list_save": {
            "return_code": 1,
            "stdout": "[==========] tests: Running 1 test(s).\n[ RUN      ] test_list_save\n[  FAILED  ] test_list_save\n[==========] tests: 1 test(s) run.\n",
            "stderr": "[  ERROR   ] --- \"item1,1.000000,1\n\" != \"item1,1.00,1\n\"\n[   LINE   ] --- tests_orig/test_list_save.c:34: error: Failure!\n[  PASSED  ] 0 test(s).\n[  FAILED  ] tests: 1 test(s), listed below:\n[  FAILED  ] test_list_save\n\n 1 FAILED TEST(S)\n\nSummary: [X]\n\n",
            "passed": false,
            "skipped": false
        },
        "test_list_load": {
            "return_code": 1,
            "stdout": "[==========] tests: Running 1 test(s).\n[ RUN      ] test_list_load\n[  FAILED  ] test_list_load\n[==========] tests: 1 test(s) run.\n",
            "stderr": "[  ERROR   ] --- 0x1 != 0\n[   LINE   ] --- tests_orig/test_list_load.c:23: error: Failure!\n[  PASSED  ] 0 test(s).\n[  FAILED  ] tests: 1 test(s), listed below:\n[  FAILED  ] test_list_load\n\n 1 FAILED TEST(S)\n\nSummary: [X]\n\n",
            "passed": false,
            "skipped": false
        },
        "test_list_deduplicate": {
            "return_code": 0,
            "stdout": "[==========] tests: Running 1 test(s).\n[ RUN      ] test_list_deduplicate\n[       OK ] test_list_deduplicate\n[==========] tests: 1 test(s) run.\n",
            "stderr": "[  PASSED  ] 1 test(s).\n\nSummary: [#]\n\n",
            "passed": true,
            "skipped": false
        }
    },
    "passed": 4,
    "total": 12,
    "passed_functional": 4,
    "total_functional": 12
}
