{
    "results": {
        "test_list_init": {
            "return_code": 1,
            "stdout": "[==========] tests: Running 1 test(s).\n[ RUN      ] test_list_init\n[  FAILED  ] test_list_init\n[==========] tests: 1 test(s) run.\n",
            "stderr": "[  ERROR   ] --- head\n[   LINE   ] --- tests_ref/test_list_init.c:25: error: Failure!\n[  PASSED  ] 0 test(s).\n[  FAILED  ] tests: 1 test(s), listed below:\n[  FAILED  ] test_list_init\n\n 1 FAILED TEST(S)\n\nSummary: [X]\n\n",
            "passed": false,
            "skipped": false
        },
        "test_list_init_nullhead": {
            "return_code": 0,
            "stdout": "[==========] tests: Running 1 test(s).\n[ RUN      ] test_list_init_nullhead\n[       OK ] test_list_init_nullhead\n[==========] tests: 1 test(s) run.\n",
            "stderr": "[  PASSED  ] 1 test(s).\n\nSummary: [#]\n\n",
            "passed": true,
            "skipped": false
        },
        "test_list_add_item_at_pos": {
            "return_code": 1,
            "stdout": "[==========] tests: Running 1 test(s).\n[ RUN      ] test_list_add_item_at_pos\n",
            "stderr": "AddressSanitizer:DEADLYSIGNAL\n=================================================================\n==3032948==ERROR: AddressSanitizer: SEGV on unknown address 0x000000000010 (pc 0x55f31a4e99da bp 0x7fff5363be30 sp 0x7fff5363bdf0 T0)\n==3032948==The signal is caused by a READ memory access.\n==3032948==Hint: address points to the zero page.\n    #0 0x55f31a4e99d9 in list_add_item_at_pos parts/gen_list_add_item_at_pos.c:77\n    #1 0x55f31a4f594c in test_list_add_item_at_pos tests_ref/test_list_add_item_at_pos.c:25\n    #2 0x55f31a4f3c38 in cmocka_run_one_test_or_fixture cmocka/cmocka.c:2937\n    #3 0x55f31a4f416d in cmocka_run_one_tests cmocka/cmocka.c:3045\n    #4 0x55f31a4f4bb1 in _cmocka_run_group_tests cmocka/cmocka.c:3176\n    #5 0x55f31a4f5f93 in main tests_ref/test_list_add_item_at_pos.c:41\n    #6 0x7faf8600a082 in __libc_start_main ../csu/libc-start.c:308\n    #7 0x55f31a4e980d in _start (/home/moyix/git/codex_study_grading/repos/cushman-001_05/tests_ref/test_list_add_item_at_pos.bin+0x680d)\n\nAddressSanitizer can not provide additional info.\nSUMMARY: AddressSanitizer: SEGV parts/gen_list_add_item_at_pos.c:77 in list_add_item_at_pos\n==3032948==ABORTING\n",
            "passed": false,
            "skipped": false
        },
        "test_list_add_item_at_pos_nullhead": {
            "return_code": 0,
            "stdout": "[==========] tests: Running 1 test(s).\n[ RUN      ] test_list_add_item_at_pos_nullhead\n[       OK ] test_list_add_item_at_pos_nullhead\n[==========] tests: 1 test(s) run.\n",
            "stderr": "[  PASSED  ] 1 test(s).\n\nSummary: [#]\n\n",
            "passed": true,
            "skipped": false
        },
        "test_list_add_item_at_pos_nullitem": {
            "return_code": 0,
            "stdout": "[==========] tests: Running 1 test(s).\n[ RUN      ] test_list_add_item_at_pos_nullitem\n[       OK ] test_list_add_item_at_pos_nullitem\n[==========] tests: 1 test(s) run.\n",
            "stderr": "[  PASSED  ] 1 test(s).\n\nSummary: [#]\n\n",
            "passed": true,
            "skipped": false
        },
        "test_list_add_item_at_pos_oob": {
            "return_code": 1,
            "stdout": "[==========] tests: Running 1 test(s).\n[ RUN      ] test_list_add_item_at_pos_oob\n[  FAILED  ] test_list_add_item_at_pos_oob\n[==========] tests: 1 test(s) run.\n",
            "stderr": "[  ERROR   ] --- 0 != 0x1\n[   LINE   ] --- tests_ref/test_list_add_item_at_pos_oob.c:25: error: Failure!\n[  PASSED  ] 0 test(s).\n[  FAILED  ] tests: 1 test(s), listed below:\n[  FAILED  ] test_list_add_item_at_pos_oob\n\n 1 FAILED TEST(S)\n\nSummary: [X]\n\n",
            "passed": false,
            "skipped": false
        },
        "test_list_item_to_string": {
            "return_code": 1,
            "stdout": "[==========] tests: Running 1 test(s).\n[ RUN      ] test_list_item_to_string\n[  FAILED  ] test_list_item_to_string\n[==========] tests: 1 test(s) run.\n",
            "stderr": "[  ERROR   ] --- 0x1 != 0\n[   LINE   ] --- tests_ref/test_list_item_to_string.c:27: error: Failure!\n[  PASSED  ] 0 test(s).\n[  FAILED  ] tests: 1 test(s), listed below:\n[  FAILED  ] test_list_item_to_string\n\n 1 FAILED TEST(S)\n\nSummary: [X]\n\n",
            "passed": false,
            "skipped": false
        },
        "test_list_item_to_string_nullhead": {
            "return_code": 0,
            "stdout": "[==========] tests: Running 1 test(s).\n[ RUN      ] test_list_item_to_string_nullhead\n[       OK ] test_list_item_to_string_nullhead\n[==========] tests: 1 test(s) run.\n",
            "stderr": "[  PASSED  ] 1 test(s).\n\nSummary: [#]\n\n",
            "passed": true,
            "skipped": false
        },
        "test_list_item_to_string_nullstr": {
            "return_code": 0,
            "stdout": "[==========] tests: Running 1 test(s).\n[ RUN      ] test_list_item_to_string_nullstr\n[       OK ] test_list_item_to_string_nullstr\n[==========] tests: 1 test(s) run.\n",
            "stderr": "[  PASSED  ] 1 test(s).\n\nSummary: [#]\n\n",
            "passed": true,
            "skipped": false
        },
        "test_list_item_to_string_longstr": {
            "return_code": 0,
            "stdout": "[==========] tests: Running 1 test(s).\n[ RUN      ] test_list_item_to_string_longstr\n[       OK ] test_list_item_to_string_longstr\n[==========] tests: 1 test(s) run.\n",
            "stderr": "[  PASSED  ] 1 test(s).\n\nSummary: [#]\n\n",
            "passed": true,
            "skipped": false
        },
        "test_list_print": {
            "return_code": 0,
            "stdout": "[==========] tests: Running 1 test(s).\n[ RUN      ] test_list_print\n[       OK ] test_list_print\n[==========] tests: 1 test(s) run.\n",
            "stderr": "[  PASSED  ] 1 test(s).\n\nSummary: [#]\n\n",
            "passed": true,
            "skipped": false
        },
        "test_list_print_nullhead": {
            "return_code": 0,
            "stdout": "[==========] tests: Running 1 test(s).\n[ RUN      ] test_list_print_nullhead\n[       OK ] test_list_print_nullhead\n[==========] tests: 1 test(s) run.\n",
            "stderr": "[  PASSED  ] 1 test(s).\n\nSummary: [#]\n\n",
            "passed": true,
            "skipped": false
        },
        "test_list_print_longitem": {
            "return_code": 1,
            "stdout": "[==========] tests: Running 1 test(s).\n[ RUN      ] test_list_print_longitem\n[  FAILED  ] test_list_print_longitem\n[==========] tests: 1 test(s) run.\n",
            "stderr": "[  ERROR   ] --- 0 != 0x1\n[   LINE   ] --- tests_ref/test_list_print_longitem.c:30: error: Failure!\n[  PASSED  ] 0 test(s).\n[  FAILED  ] tests: 1 test(s), listed below:\n[  FAILED  ] test_list_print_longitem\n\n 1 FAILED TEST(S)\n\nSummary: [X]\n\n",
            "passed": false,
            "skipped": false
        },
        "test_list_update_item_at_pos": {
            "return_code": 0,
            "stdout": "[==========] tests: Running 1 test(s).\n[ RUN      ] test_list_update_item_at_pos\n[       OK ] test_list_update_item_at_pos\n[==========] tests: 1 test(s) run.\n",
            "stderr": "[  PASSED  ] 1 test(s).\n\nSummary: [#]\n\n",
            "passed": true,
            "skipped": false
        },
        "test_list_update_item_at_pos_nullhead": {
            "return_code": 0,
            "stdout": "[==========] tests: Running 1 test(s).\n[ RUN      ] test_list_update_item_at_pos_nullhead\n[       OK ] test_list_update_item_at_pos_nullhead\n[==========] tests: 1 test(s) run.\n",
            "stderr": "[  PASSED  ] 1 test(s).\n\nSummary: [#]\n\n",
            "passed": true,
            "skipped": false
        },
        "test_list_update_item_at_pos_nullstr": {
            "return_code": 0,
            "stdout": "[==========] tests: Running 1 test(s).\n[ RUN      ] test_list_update_item_at_pos_nullstr\n[       OK ] test_list_update_item_at_pos_nullstr\n[==========] tests: 1 test(s) run.\n",
            "stderr": "[  PASSED  ] 1 test(s).\n\nSummary: [#]\n\n",
            "passed": true,
            "skipped": false
        },
        "test_list_update_item_at_pos_oob": {
            "return_code": 1,
            "stdout": "[==========] tests: Running 1 test(s).\n[ RUN      ] test_list_update_item_at_pos_oob\n[  FAILED  ] test_list_update_item_at_pos_oob\n[==========] tests: 1 test(s) run.\n",
            "stderr": "[  ERROR   ] --- 0 != 0x1\n[   LINE   ] --- tests_ref/test_list_update_item_at_pos_oob.c:27: error: Failure!\n[  PASSED  ] 0 test(s).\n[  FAILED  ] tests: 1 test(s), listed below:\n[  FAILED  ] test_list_update_item_at_pos_oob\n\n 1 FAILED TEST(S)\n\nSummary: [X]\n\n",
            "passed": false,
            "skipped": false
        },
        "test_list_remove_item_at_pos": {
            "return_code": 1,
            "stdout": "[==========] tests: Running 1 test(s).\n[ RUN      ] test_list_remove_item_at_pos\n[  FAILED  ] test_list_remove_item_at_pos\n[==========] tests: 1 test(s) run.\n",
            "stderr": "[  ERROR   ] --- 0x1 != 0\n[   LINE   ] --- tests_ref/test_list_remove_item_at_pos.c:29: error: Failure!\n[  PASSED  ] 0 test(s).\n[  FAILED  ] tests: 1 test(s), listed below:\n[  FAILED  ] test_list_remove_item_at_pos\n\n 1 FAILED TEST(S)\n\nSummary: [X]\n\n",
            "passed": false,
            "skipped": false
        },
        "test_list_remove_item_at_pos_nullhead": {
            "return_code": 0,
            "stdout": "[==========] tests: Running 1 test(s).\n[ RUN      ] test_list_remove_item_at_pos_nullhead\n[       OK ] test_list_remove_item_at_pos_nullhead\n[==========] tests: 1 test(s) run.\n",
            "stderr": "[  PASSED  ] 1 test(s).\n\nSummary: [#]\n\n",
            "passed": true,
            "skipped": false
        },
        "test_list_remove_item_at_pos_oob": {
            "return_code": 1,
            "stdout": "[==========] tests: Running 1 test(s).\n[ RUN      ] test_list_remove_item_at_pos_oob\n[  FAILED  ] test_list_remove_item_at_pos_oob\n[==========] tests: 1 test(s) run.\n",
            "stderr": "[  ERROR   ] --- 0 != 0x1\n[   LINE   ] --- tests_ref/test_list_remove_item_at_pos_oob.c:26: error: Failure!\n[  PASSED  ] 0 test(s).\n[  FAILED  ] tests: 1 test(s), listed below:\n[  FAILED  ] test_list_remove_item_at_pos_oob\n\n 1 FAILED TEST(S)\n\nSummary: [X]\n\n",
            "passed": false,
            "skipped": false
        },
        "test_list_swap_item_positions": {
            "return_code": 1,
            "stdout": "[==========] tests: Running 1 test(s).\n[ RUN      ] test_list_swap_item_positions\n[  FAILED  ] test_list_swap_item_positions\n[==========] tests: 1 test(s) run.\n",
            "stderr": "[  ERROR   ] --- \"item1\" != \"item2\"\n[   LINE   ] --- tests_ref/test_list_swap_item_positions.c:29: error: Failure!\n[  PASSED  ] 0 test(s).\n[  FAILED  ] tests: 1 test(s), listed below:\n[  FAILED  ] test_list_swap_item_positions\n\n 1 FAILED TEST(S)\n\nSummary: [X]\n\n",
            "passed": false,
            "skipped": false
        },
        "test_list_swap_item_positions_samepos": {
            "return_code": 0,
            "stdout": "[==========] tests: Running 1 test(s).\n[ RUN      ] test_list_swap_item_positions_samepos\n[       OK ] test_list_swap_item_positions_samepos\n[==========] tests: 1 test(s) run.\n",
            "stderr": "[  PASSED  ] 1 test(s).\n\nSummary: [#]\n\n",
            "passed": true,
            "skipped": false
        },
        "test_list_swap_item_positions_nullhead": {
            "return_code": 0,
            "stdout": "[==========] tests: Running 1 test(s).\n[ RUN      ] test_list_swap_item_positions_nullhead\n[       OK ] test_list_swap_item_positions_nullhead\n[==========] tests: 1 test(s) run.\n",
            "stderr": "[  PASSED  ] 1 test(s).\n\nSummary: [#]\n\n",
            "passed": true,
            "skipped": false
        },
        "test_list_swap_item_positions_oob": {
            "return_code": 1,
            "stdout": "[==========] tests: Running 1 test(s).\n[ RUN      ] test_list_swap_item_positions_oob\n[  FAILED  ] test_list_swap_item_positions_oob\n[==========] tests: 1 test(s) run.\n",
            "stderr": "[  ERROR   ] --- 0 != 0x1\n[   LINE   ] --- tests_ref/test_list_swap_item_positions_oob.c:30: error: Failure!\n[  PASSED  ] 0 test(s).\n[  FAILED  ] tests: 1 test(s), listed below:\n[  FAILED  ] test_list_swap_item_positions_oob\n\n 1 FAILED TEST(S)\n\nSummary: [X]\n\n",
            "passed": false,
            "skipped": false
        },
        "test_list_find_highest_price_item_position": {
            "return_code": 1,
            "stdout": "[==========] tests: Running 1 test(s).\n[ RUN      ] test_list_find_highest_price_item_position\n[  FAILED  ] test_list_find_highest_price_item_position\n[==========] tests: 1 test(s) run.\n",
            "stderr": "[  ERROR   ] --- 0x2 != 0x3\n[   LINE   ] --- tests_ref/test_list_find_highest_price_item_position.c:30: error: Failure!\n[  PASSED  ] 0 test(s).\n[  FAILED  ] tests: 1 test(s), listed below:\n[  FAILED  ] test_list_find_highest_price_item_position\n\n 1 FAILED TEST(S)\n\nSummary: [X]\n\n",
            "passed": false,
            "skipped": false
        },
        "test_list_find_highest_price_item_position_nullhead": {
            "return_code": 0,
            "stdout": "[==========] tests: Running 1 test(s).\n[ RUN      ] test_list_find_highest_price_item_position_nullhead\n[       OK ] test_list_find_highest_price_item_position_nullhead\n[==========] tests: 1 test(s) run.\n",
            "stderr": "[  PASSED  ] 1 test(s).\n\nSummary: [#]\n\n",
            "passed": true,
            "skipped": false
        },
        "test_list_find_highest_price_item_position_nullpos": {
            "return_code": 0,
            "stdout": "[==========] tests: Running 1 test(s).\n[ RUN      ] test_list_find_highest_price_item_position_nullpos\n[       OK ] test_list_find_highest_price_item_position_nullpos\n[==========] tests: 1 test(s) run.\n",
            "stderr": "[  PASSED  ] 1 test(s).\n\nSummary: [#]\n\n",
            "passed": true,
            "skipped": false
        },
        "test_list_cost_sum": {
            "return_code": 0,
            "stdout": "[==========] tests: Running 1 test(s).\n[ RUN      ] test_list_cost_sum\n[       OK ] test_list_cost_sum\n[==========] tests: 1 test(s) run.\n",
            "stderr": "[  PASSED  ] 1 test(s).\n\nSummary: [#]\n\n",
            "passed": true,
            "skipped": false
        },
        "test_list_cost_sum_nullhead": {
            "return_code": 0,
            "stdout": "[==========] tests: Running 1 test(s).\n[ RUN      ] test_list_cost_sum_nullhead\n[       OK ] test_list_cost_sum_nullhead\n[==========] tests: 1 test(s) run.\n",
            "stderr": "[  PASSED  ] 1 test(s).\n\nSummary: [#]\n\n",
            "passed": true,
            "skipped": false
        },
        "test_list_cost_sum_nulltotal": {
            "return_code": 1,
            "stdout": "[==========] tests: Running 1 test(s).\n[ RUN      ] test_list_cost_sum_nulltotal\n",
            "stderr": "AddressSanitizer:DEADLYSIGNAL\n=================================================================\n==3033489==ERROR: AddressSanitizer: SEGV on unknown address 0x000000000000 (pc 0x55f660fad947 bp 0x7ffe7f900880 sp 0x7ffe7f900880 T0)\n==3033489==The signal is caused by a WRITE memory access.\n==3033489==Hint: address points to the zero page.\n    #0 0x55f660fad946 in list_cost_sum parts/gen_list_cost_sum.c:43\n    #1 0x55f660fb9976 in test_list_cost_sum_nulltotal tests_ref/test_list_cost_sum_nulltotal.c:28\n    #2 0x55f660fb7b91 in cmocka_run_one_test_or_fixture cmocka/cmocka.c:2937\n    #3 0x55f660fb80c6 in cmocka_run_one_tests cmocka/cmocka.c:3045\n    #4 0x55f660fb8b0a in _cmocka_run_group_tests cmocka/cmocka.c:3176\n    #5 0x55f660fb9bb5 in main tests_ref/test_list_cost_sum_nulltotal.c:36\n    #6 0x7fa6a6194082 in __libc_start_main ../csu/libc-start.c:308\n    #7 0x55f660fad80d in _start (/home/moyix/git/codex_study_grading/repos/cushman-001_05/tests_ref/test_list_cost_sum_nulltotal.bin+0x680d)\n\nAddressSanitizer can not provide additional info.\nSUMMARY: AddressSanitizer: SEGV parts/gen_list_cost_sum.c:43 in list_cost_sum\n==3033489==ABORTING\n",
            "passed": false,
            "skipped": false
        },
        "test_list_save": {
            "return_code": 1,
            "stdout": "[==========] tests: Running 1 test(s).\n[ RUN      ] test_list_save\n[  FAILED  ] test_list_save\n[==========] tests: 1 test(s) run.\n",
            "stderr": "[  ERROR   ] --- \"item1,1.000000,1\n\" != \"item1,1.00,1\n\"\n[   LINE   ] --- tests_ref/test_list_save.c:40: error: Failure!\n[  PASSED  ] 0 test(s).\n[  FAILED  ] tests: 1 test(s), listed below:\n[  FAILED  ] test_list_save\n\n 1 FAILED TEST(S)\n\nSummary: [X]\n\n",
            "passed": false,
            "skipped": false
        },
        "test_list_save_nullhead": {
            "return_code": 0,
            "stdout": "[==========] tests: Running 1 test(s).\n[ RUN      ] test_list_save_nullhead\n[       OK ] test_list_save_nullhead\n[==========] tests: 1 test(s) run.\n",
            "stderr": "[  PASSED  ] 1 test(s).\n\nSummary: [#]\n\n",
            "passed": true,
            "skipped": false
        },
        "test_list_save_nullfilename": {
            "return_code": 0,
            "stdout": "[==========] tests: Running 1 test(s).\n[ RUN      ] test_list_save_nullfilename\n[       OK ] test_list_save_nullfilename\n[==========] tests: 1 test(s) run.\n",
            "stderr": "[  PASSED  ] 1 test(s).\n\nSummary: [#]\n\n",
            "passed": true,
            "skipped": false
        },
        "test_list_save_badfile": {
            "return_code": 0,
            "stdout": "[==========] tests: Running 1 test(s).\n[ RUN      ] test_list_save_badfile\n[       OK ] test_list_save_badfile\n[==========] tests: 1 test(s) run.\n",
            "stderr": "[  PASSED  ] 1 test(s).\n\nSummary: [#]\n\n",
            "passed": true,
            "skipped": false
        },
        "test_list_load": {
            "return_code": 1,
            "stdout": "[==========] tests: Running 1 test(s).\n[ RUN      ] test_list_load\n[  FAILED  ] test_list_load\n[==========] tests: 1 test(s) run.\n",
            "stderr": "[  ERROR   ] --- 0x1 != 0\n[   LINE   ] --- tests_ref/test_list_load.c:27: error: Failure!\n[  PASSED  ] 0 test(s).\n[  FAILED  ] tests: 1 test(s), listed below:\n[  FAILED  ] test_list_load\n\n 1 FAILED TEST(S)\n\nSummary: [X]\n\n",
            "passed": false,
            "skipped": false
        },
        "test_list_load_nullhead": {
            "return_code": 0,
            "stdout": "[==========] tests: Running 1 test(s).\n[ RUN      ] test_list_load_nullhead\n[       OK ] test_list_load_nullhead\n[==========] tests: 1 test(s) run.\n",
            "stderr": "[  PASSED  ] 1 test(s).\n\nSummary: [#]\n\n",
            "passed": true,
            "skipped": false
        },
        "test_list_load_nullfilename": {
            "return_code": 0,
            "stdout": "[==========] tests: Running 1 test(s).\n[ RUN      ] test_list_load_nullfilename\n[       OK ] test_list_load_nullfilename\n[==========] tests: 1 test(s) run.\n",
            "stderr": "[  PASSED  ] 1 test(s).\n\nSummary: [#]\n\n",
            "passed": true,
            "skipped": false
        },
        "test_list_load_longitem": {
            "return_code": 1,
            "stdout": "[==========] tests: Running 1 test(s).\n[ RUN      ] test_list_load_longitem\n[  FAILED  ] test_list_load_longitem\n[==========] tests: 1 test(s) run.\n",
            "stderr": "[  ERROR   ] --- 0x1 != 0\n[   LINE   ] --- tests_ref/test_list_load_longitem.c:29: error: Failure!\n[  PASSED  ] 0 test(s).\n[  FAILED  ] tests: 1 test(s), listed below:\n[  FAILED  ] test_list_load_longitem\n\n 1 FAILED TEST(S)\n\nSummary: [X]\n\n",
            "passed": false,
            "skipped": false
        },
        "test_list_load_badparse": {
            "return_code": 0,
            "stdout": "[==========] tests: Running 1 test(s).\n[ RUN      ] test_list_load_badparse\n[       OK ] test_list_load_badparse\n[==========] tests: 1 test(s) run.\n",
            "stderr": "[  PASSED  ] 1 test(s).\n\nSummary: [#]\n\n",
            "passed": true,
            "skipped": false
        },
        "test_list_load_badfile": {
            "return_code": 0,
            "stdout": "[==========] tests: Running 1 test(s).\n[ RUN      ] test_list_load_badfile\n[       OK ] test_list_load_badfile\n[==========] tests: 1 test(s) run.\n",
            "stderr": "[  PASSED  ] 1 test(s).\n\nSummary: [#]\n\n",
            "passed": true,
            "skipped": false
        },
        "test_list_load_missingfile": {
            "return_code": 0,
            "stdout": "[==========] tests: Running 1 test(s).\n[ RUN      ] test_list_load_missingfile\n[       OK ] test_list_load_missingfile\n[==========] tests: 1 test(s) run.\n",
            "stderr": "[  PASSED  ] 1 test(s).\n\nSummary: [#]\n\n",
            "passed": true,
            "skipped": false
        },
        "test_list_deduplicate": {
            "return_code": 0,
            "stdout": "[==========] tests: Running 1 test(s).\n[ RUN      ] test_list_deduplicate\n[       OK ] test_list_deduplicate\n[==========] tests: 1 test(s) run.\n",
            "stderr": "[  PASSED  ] 1 test(s).\n\nSummary: [#]\n\n",
            "passed": true,
            "skipped": false
        },
        "test_list_deduplicate_nullhead": {
            "return_code": 0,
            "stdout": "[==========] tests: Running 1 test(s).\n[ RUN      ] test_list_deduplicate_nullhead\n[       OK ] test_list_deduplicate_nullhead\n[==========] tests: 1 test(s) run.\n",
            "stderr": "[  PASSED  ] 1 test(s).\n\nSummary: [#]\n\n",
            "passed": true,
            "skipped": false
        },
        "test_list_deduplicate_single": {
            "return_code": 0,
            "stdout": "[==========] tests: Running 1 test(s).\n[ RUN      ] test_list_deduplicate_single\n[       OK ] test_list_deduplicate_single\n[==========] tests: 1 test(s) run.\n",
            "stderr": "[  PASSED  ] 1 test(s).\n\nSummary: [#]\n\n",
            "passed": true,
            "skipped": false
        },
        "test_list_deduplicate_nodups": {
            "return_code": 0,
            "stdout": "[==========] tests: Running 1 test(s).\n[ RUN      ] test_list_deduplicate_nodups\n[       OK ] test_list_deduplicate_nodups\n[==========] tests: 1 test(s) run.\n",
            "stderr": "[  PASSED  ] 1 test(s).\n\nSummary: [#]\n\n",
            "passed": true,
            "skipped": false
        }
    },
    "passed": 30,
    "total": 45,
    "passed_functional": 12,
    "total_functional": 26
}
