{
    "results": {
        "test_list_init": {
            "return_code": "skipped: unimplemented",
            "stdout": "",
            "stderr": "",
            "passed": false,
            "skipped": true
        },
        "test_list_init_nullhead": {
            "return_code": "skipped: unimplemented",
            "stdout": "",
            "stderr": "",
            "passed": false,
            "skipped": true
        },
        "test_list_add_item_at_pos": {
            "return_code": "skipped: compile_error",
            "stdout": "",
            "stderr": "",
            "passed": false,
            "skipped": true
        },
        "test_list_add_item_at_pos_nullhead": {
            "return_code": "skipped: compile_error",
            "stdout": "",
            "stderr": "",
            "passed": false,
            "skipped": true
        },
        "test_list_add_item_at_pos_nullitem": {
            "return_code": "skipped: compile_error",
            "stdout": "",
            "stderr": "",
            "passed": false,
            "skipped": true
        },
        "test_list_add_item_at_pos_oob": {
            "return_code": "skipped: compile_error",
            "stdout": "",
            "stderr": "",
            "passed": false,
            "skipped": true
        },
        "test_list_item_to_string": {
            "return_code": 0,
            "stdout": "[==========] tests: Running 1 test(s).\n[ RUN      ] test_list_item_to_string\n[       OK ] test_list_item_to_string\n[==========] tests: 1 test(s) run.\n",
            "stderr": "[  PASSED  ] 1 test(s).\n\nSummary: [#]\n\n",
            "passed": true,
            "skipped": false
        },
        "test_list_item_to_string_nullhead": {
            "return_code": 0,
            "stdout": "[==========] tests: Running 1 test(s).\n[ RUN      ] test_list_item_to_string_nullhead\n[       OK ] test_list_item_to_string_nullhead\n[==========] tests: 1 test(s) run.\n",
            "stderr": "[  PASSED  ] 1 test(s).\n\nSummary: [#]\n\n",
            "passed": true,
            "skipped": false
        },
        "test_list_item_to_string_nullstr": {
            "return_code": 1,
            "stdout": "[==========] tests: Running 1 test(s).\n[ RUN      ] test_list_item_to_string_nullstr\n",
            "stderr": "AddressSanitizer:DEADLYSIGNAL\n=================================================================\n==3819845==ERROR: AddressSanitizer: SEGV on unknown address 0x000000000000 (pc 0x7f255ce3f667 bp 0x000000000031 sp 0x7ffeea486af0 T0)\n==3819845==The signal is caused by a WRITE memory access.\n==3819845==Hint: address points to the zero page.\n    #0 0x7f255ce3f666 in __GI__IO_str_overflow libio/strops.c:133\n    #1 0x7f255ce3dde3 in __GI__IO_default_xsputn libio/genops.c:399\n    #2 0x7f255ce3dde3 in __GI__IO_default_xsputn libio/genops.c:370\n    #3 0x7f255ce25b23 in outstring_func stdio-common/vfprintf-internal.c:239\n    #4 0x7f255ce25b23 in __vfprintf_internal stdio-common/vfprintf-internal.c:1646\n    #5 0x7f255ce31ae7 in __vsprintf_internal libio/iovsprintf.c:95\n    #6 0x7f255ce31ae7 in __vsprintf libio/iovsprintf.c:104\n    #7 0x7f255d076664 in __interceptor_vsprintf ../../../../src/libsanitizer/sanitizer_common/sanitizer_common_interceptors.inc:1627\n    #8 0x7f255d076bde in __interceptor_sprintf ../../../../src/libsanitizer/sanitizer_common/sanitizer_common_interceptors.inc:1670\n    #9 0x5556ea5b693d in list_item_to_string parts/gen_list_item_to_string.c:34\n    #10 0x5556ea5c28e5 in test_list_item_to_string_nullstr tests_ref/test_list_item_to_string_nullstr.c:26\n    #11 0x5556ea5c0bbf in cmocka_run_one_test_or_fixture cmocka/cmocka.c:2937\n    #12 0x5556ea5c10ff in cmocka_run_one_tests cmocka/cmocka.c:3045\n    #13 0x5556ea5c1b2d in _cmocka_run_group_tests cmocka/cmocka.c:3176\n    #14 0x5556ea5c2b0c in main tests_ref/test_list_item_to_string_nullstr.c:34\n    #15 0x7f255cdd9fcf in __libc_start_call_main ../sysdeps/nptl/libc_start_call_main.h:58\n    #16 0x7f255cdda07c in __libc_start_main_impl ../csu/libc-start.c:409\n    #17 0x5556ea5b6824 in _start (/home/gustavo/git/codex_study_grading/repos/3cff10bf-23d9-48f4-9f45-96a223a8e2de/tests_ref/test_list_item_to_string_nullstr.bin+0x5824)\n\nAddressSanitizer can not provide additional info.\nSUMMARY: AddressSanitizer: SEGV libio/strops.c:133 in __GI__IO_str_overflow\n==3819845==ABORTING\n",
            "passed": false,
            "skipped": false
        },
        "test_list_item_to_string_longstr": {
            "return_code": 1,
            "stdout": "[==========] tests: Running 1 test(s).\n[ RUN      ] test_list_item_to_string_longstr\n",
            "stderr": "=================================================================\n==3820165==ERROR: AddressSanitizer: stack-buffer-overflow on address 0x7fffd4742c74 at pc 0x7f001b76a725 bp 0x7fffd4742a80 sp 0x7fffd4742210\nWRITE of size 527 at 0x7fffd4742c74 thread T0\n    #0 0x7f001b76a724 in __interceptor_vsprintf ../../../../src/libsanitizer/sanitizer_common/sanitizer_common_interceptors.inc:1627\n    #1 0x7f001b76abde in __interceptor_sprintf ../../../../src/libsanitizer/sanitizer_common/sanitizer_common_interceptors.inc:1670\n    #2 0x56446e82695d in list_item_to_string parts/gen_list_item_to_string.c:34\n    #3 0x56446e8329ac in test_list_item_to_string_longstr tests_ref/test_list_item_to_string_longstr.c:30\n    #4 0x56446e830bdf in cmocka_run_one_test_or_fixture cmocka/cmocka.c:2937\n    #5 0x56446e83111f in cmocka_run_one_tests cmocka/cmocka.c:3045\n    #6 0x56446e831b4d in _cmocka_run_group_tests cmocka/cmocka.c:3176\n    #7 0x56446e832c61 in main tests_ref/test_list_item_to_string_longstr.c:38\n    #8 0x7f001b4cdfcf in __libc_start_call_main ../sysdeps/nptl/libc_start_call_main.h:58\n    #9 0x7f001b4ce07c in __libc_start_main_impl ../csu/libc-start.c:409\n    #10 0x56446e826844 in _start (/home/gustavo/git/codex_study_grading/repos/3cff10bf-23d9-48f4-9f45-96a223a8e2de/tests_ref/test_list_item_to_string_longstr.bin+0x5844)\n\nAddress 0x7fffd4742c74 is located in stack of thread T0 at offset 196 in frame\n    #0 0x56446e8327c1 in test_list_item_to_string_longstr tests_ref/test_list_item_to_string_longstr.c:21\n\n  This frame has 3 object(s):\n    [32, 40) 'head'\n    [96, 196) 'str'\n    [256, 768) 'longstr' <== Memory access at offset 196 partially underflows this variable\nHINT: this may be a false positive if your program uses some custom stack unwind mechanism, swapcontext or vfork\n      (longjmp and C++ exceptions *are* supported)\nSUMMARY: AddressSanitizer: stack-buffer-overflow ../../../../src/libsanitizer/sanitizer_common/sanitizer_common_interceptors.inc:1627 in __interceptor_vsprintf\nShadow bytes around the buggy address:\n  0x10007a8e0530: 00 00 00 00 00 00 00 00 00 00 00 00 00 00 00 00\n  0x10007a8e0540: 00 00 00 00 00 00 00 00 00 00 00 00 00 00 00 00\n  0x10007a8e0550: 00 00 00 00 00 00 00 00 00 00 00 00 00 00 00 00\n  0x10007a8e0560: 00 00 00 00 00 00 00 00 00 00 00 00 00 00 00 00\n  0x10007a8e0570: 00 00 00 00 00 00 f1 f1 f1 f1 00 f2 f2 f2 f2 f2\n=>0x10007a8e0580: f2 f2 00 00 00 00 00 00 00 00 00 00 00 00[04]f2\n  0x10007a8e0590: f2 f2 f2 f2 f2 f2 00 00 00 00 00 00 00 00 00 00\n  0x10007a8e05a0: 00 00 00 00 00 00 00 00 00 00 00 00 00 00 00 00\n  0x10007a8e05b0: 00 00 00 00 00 00 00 00 00 00 00 00 00 00 00 00\n  0x10007a8e05c0: 00 00 00 00 00 00 00 00 00 00 00 00 00 00 00 00\n  0x10007a8e05d0: 00 00 00 00 00 00 f3 f3 f3 f3 00 00 00 00 00 00\nShadow byte legend (one shadow byte represents 8 application bytes):\n  Addressable:           00\n  Partially addressable: 01 02 03 04 05 06 07 \n  Heap left redzone:       fa\n  Freed heap region:       fd\n  Stack left redzone:      f1\n  Stack mid redzone:       f2\n  Stack right redzone:     f3\n  Stack after return:      f5\n  Stack use after scope:   f8\n  Global redzone:          f9\n  Global init order:       f6\n  Poisoned by user:        f7\n  Container overflow:      fc\n  Array cookie:            ac\n  Intra object redzone:    bb\n  ASan internal:           fe\n  Left alloca redzone:     ca\n  Right alloca redzone:    cb\n  Shadow gap:              cc\n==3820165==ABORTING\n",
            "passed": false,
            "skipped": false
        },
        "test_list_print": {
            "return_code": 1,
            "stdout": "[==========] tests: Running 1 test(s).\n[ RUN      ] test_list_print\n[  FAILED  ] test_list_print\n[==========] tests: 1 test(s) run.\n",
            "stderr": "[  ERROR   ] --- \"3 * banana @ $1.00 ea\n2 * orange @ $2.00 ea\n4 * apple @ $3.00 ea\n\" != \"1: 3 * banana @ $1.00 ea\n2: 2 * orange @ $2.00 ea\n3: 4 * apple @ $3.00 ea\n\"\n[   LINE   ] --- tests_ref/test_list_print.c:34: error: Failure!\n[  PASSED  ] 0 test(s).\n[  FAILED  ] tests: 1 test(s), listed below:\n[  FAILED  ] test_list_print\n\n 1 FAILED TEST(S)\n\nSummary: [X]\n\n",
            "passed": false,
            "skipped": false
        },
        "test_list_print_nullhead": {
            "return_code": 0,
            "stdout": "[==========] tests: Running 1 test(s).\n[ RUN      ] test_list_print_nullhead\n[       OK ] test_list_print_nullhead\n[==========] tests: 1 test(s) run.\n",
            "stderr": "[  PASSED  ] 1 test(s).\n\nSummary: [#]\n\n",
            "passed": true,
            "skipped": false
        },
        "test_list_print_longitem": {
            "return_code": 1,
            "stdout": "[==========] tests: Running 1 test(s).\n[ RUN      ] test_list_print_longitem\n[  FAILED  ] test_list_print_longitem\n[==========] tests: 1 test(s) run.\n",
            "stderr": "[  ERROR   ] --- 0 != 0x1\n[   LINE   ] --- tests_ref/test_list_print_longitem.c:30: error: Failure!\n[  PASSED  ] 0 test(s).\n[  FAILED  ] tests: 1 test(s), listed below:\n[  FAILED  ] test_list_print_longitem\n\n 1 FAILED TEST(S)\n\nSummary: [X]\n\n",
            "passed": false,
            "skipped": false
        },
        "test_list_update_item_at_pos": {
            "return_code": 1,
            "stdout": "[==========] tests: Running 1 test(s).\n[ RUN      ] test_list_update_item_at_pos\n",
            "stderr": "AddressSanitizer:DEADLYSIGNAL\n=================================================================\n==3820479==ERROR: AddressSanitizer: SEGV on unknown address 0x55df920a5750 (pc 0x7f3ebd3fea16 bp 0x55df920a5750 sp 0x7ffc05419f20 T0)\n==3820479==The signal is caused by a WRITE memory access.\n    #0 0x7f3ebd3fea15 in bool __sanitizer::atomic_compare_exchange_strong<__sanitizer::atomic_uint8_t>(__sanitizer::atomic_uint8_t volatile*, __sanitizer::atomic_uint8_t::Type*, __sanitizer::atomic_uint8_t::Type, __sanitizer::memory_order) ../../../../src/libsanitizer/sanitizer_common/sanitizer_atomic_clang.h:79\n    #1 0x7f3ebd3fea15 in __asan::Allocator::AtomicallySetQuarantineFlagIfAllocated(__asan::AsanChunk*, void*, __sanitizer::BufferedStackTrace*) ../../../../src/libsanitizer/asan/asan_allocator.cc:552\n    #2 0x7f3ebd3fea15 in __asan::Allocator::Deallocate(void*, unsigned long, unsigned long, __sanitizer::BufferedStackTrace*, __asan::AllocType) ../../../../src/libsanitizer/asan/asan_allocator.cc:629\n    #3 0x7f3ebd3fea15 in __asan::asan_free(void*, __sanitizer::BufferedStackTrace*, __asan::AllocType) ../../../../src/libsanitizer/asan/asan_allocator.cc:865\n    #4 0x7f3ebd4e33d8 in __interceptor_free ../../../../src/libsanitizer/asan/asan_malloc_linux.cc:127\n    #5 0x55df920a13f4 in list_free test_common.h:35\n    #6 0x55df920a1abc in test_list_update_item_at_pos tests_ref/test_list_update_item_at_pos.c:31\n    #7 0x55df9209fc15 in cmocka_run_one_test_or_fixture cmocka/cmocka.c:2937\n    #8 0x55df920a0155 in cmocka_run_one_tests cmocka/cmocka.c:3045\n    #9 0x55df920a0b83 in _cmocka_run_group_tests cmocka/cmocka.c:3176\n    #10 0x55df920a1cbd in main tests_ref/test_list_update_item_at_pos.c:38\n    #11 0x7f3ebd1d7fcf in __libc_start_call_main ../sysdeps/nptl/libc_start_call_main.h:58\n    #12 0x7f3ebd1d807c in __libc_start_main_impl ../csu/libc-start.c:409\n    #13 0x55df92095804 in _start (/home/gustavo/git/codex_study_grading/repos/3cff10bf-23d9-48f4-9f45-96a223a8e2de/tests_ref/test_list_update_item_at_pos.bin+0x5804)\n\nAddressSanitizer can not provide additional info.\nSUMMARY: AddressSanitizer: SEGV ../../../../src/libsanitizer/sanitizer_common/sanitizer_atomic_clang.h:79 in bool __sanitizer::atomic_compare_exchange_strong<__sanitizer::atomic_uint8_t>(__sanitizer::atomic_uint8_t volatile*, __sanitizer::atomic_uint8_t::Type*, __sanitizer::atomic_uint8_t::Type, __sanitizer::memory_order)\n==3820479==ABORTING\n",
            "passed": false,
            "skipped": false
        },
        "test_list_update_item_at_pos_nullhead": {
            "return_code": 0,
            "stdout": "[==========] tests: Running 1 test(s).\n[ RUN      ] test_list_update_item_at_pos_nullhead\n[       OK ] test_list_update_item_at_pos_nullhead\n[==========] tests: 1 test(s) run.\n",
            "stderr": "[  PASSED  ] 1 test(s).\n\nSummary: [#]\n\n",
            "passed": true,
            "skipped": false
        },
        "test_list_update_item_at_pos_nullstr": {
            "return_code": 1,
            "stdout": "[==========] tests: Running 1 test(s).\n[ RUN      ] test_list_update_item_at_pos_nullstr\n[  FAILED  ] test_list_update_item_at_pos_nullstr\n[==========] tests: 1 test(s) run.\n",
            "stderr": "[  ERROR   ] --- 0 != 0x1\n[   LINE   ] --- tests_ref/test_list_update_item_at_pos_nullstr.c:26: error: Failure!\n[  PASSED  ] 0 test(s).\n[  FAILED  ] tests: 1 test(s), listed below:\n[  FAILED  ] test_list_update_item_at_pos_nullstr\n\n 1 FAILED TEST(S)\n\nSummary: [X]\n\n",
            "passed": false,
            "skipped": false
        },
        "test_list_update_item_at_pos_oob": {
            "return_code": 1,
            "stdout": "[==========] tests: Running 1 test(s).\n[ RUN      ] test_list_update_item_at_pos_oob\n[  FAILED  ] test_list_update_item_at_pos_oob\n[==========] tests: 1 test(s) run.\n",
            "stderr": "[  ERROR   ] --- 0 != 0x1\n[   LINE   ] --- tests_ref/test_list_update_item_at_pos_oob.c:27: error: Failure!\n[  PASSED  ] 0 test(s).\n[  FAILED  ] tests: 1 test(s), listed below:\n[  FAILED  ] test_list_update_item_at_pos_oob\n\n 1 FAILED TEST(S)\n\nSummary: [X]\n\n",
            "passed": false,
            "skipped": false
        },
        "test_list_remove_item_at_pos": {
            "return_code": "skipped: compile_error",
            "stdout": "",
            "stderr": "",
            "passed": false,
            "skipped": true
        },
        "test_list_remove_item_at_pos_nullhead": {
            "return_code": "skipped: compile_error",
            "stdout": "",
            "stderr": "",
            "passed": false,
            "skipped": true
        },
        "test_list_remove_item_at_pos_oob": {
            "return_code": "skipped: compile_error",
            "stdout": "",
            "stderr": "",
            "passed": false,
            "skipped": true
        },
        "test_list_swap_item_positions": {
            "return_code": 1,
            "stdout": "[==========] tests: Running 1 test(s).\n[ RUN      ] test_list_swap_item_positions\n[  FAILED  ] test_list_swap_item_positions\n[==========] tests: 1 test(s) run.\n",
            "stderr": "[  ERROR   ] --- 0x1 != 0\n[   LINE   ] --- tests_ref/test_list_swap_item_positions.c:28: error: Failure!\n[  PASSED  ] 0 test(s).\n[  FAILED  ] tests: 1 test(s), listed below:\n[  FAILED  ] test_list_swap_item_positions\n\n 1 FAILED TEST(S)\n\nSummary: [X]\n\n",
            "passed": false,
            "skipped": false
        },
        "test_list_swap_item_positions_samepos": {
            "return_code": 1,
            "stdout": "[==========] tests: Running 1 test(s).\n[ RUN      ] test_list_swap_item_positions_samepos\n[  FAILED  ] test_list_swap_item_positions_samepos\n[==========] tests: 1 test(s) run.\n",
            "stderr": "[  ERROR   ] --- 0x1 != 0\n[   LINE   ] --- tests_ref/test_list_swap_item_positions_samepos.c:27: error: Failure!\n[  PASSED  ] 0 test(s).\n[  FAILED  ] tests: 1 test(s), listed below:\n[  FAILED  ] test_list_swap_item_positions_samepos\n\n 1 FAILED TEST(S)\n\nSummary: [X]\n\n",
            "passed": false,
            "skipped": false
        },
        "test_list_swap_item_positions_nullhead": {
            "return_code": 0,
            "stdout": "[==========] tests: Running 1 test(s).\n[ RUN      ] test_list_swap_item_positions_nullhead\n[       OK ] test_list_swap_item_positions_nullhead\n[==========] tests: 1 test(s) run.\n",
            "stderr": "[  PASSED  ] 1 test(s).\n\nSummary: [#]\n\n",
            "passed": true,
            "skipped": false
        },
        "test_list_swap_item_positions_oob": {
            "return_code": 0,
            "stdout": "[==========] tests: Running 1 test(s).\n[ RUN      ] test_list_swap_item_positions_oob\n[       OK ] test_list_swap_item_positions_oob\n[==========] tests: 1 test(s) run.\n",
            "stderr": "[  PASSED  ] 1 test(s).\n\nSummary: [#]\n\n",
            "passed": true,
            "skipped": false
        },
        "test_list_find_highest_price_item_position": {
            "return_code": 1,
            "stdout": "[==========] tests: Running 1 test(s).\n[ RUN      ] test_list_find_highest_price_item_position\n[  FAILED  ] test_list_find_highest_price_item_position\n[==========] tests: 1 test(s) run.\n",
            "stderr": "[  ERROR   ] --- 0x1 != 0\n[   LINE   ] --- tests_ref/test_list_find_highest_price_item_position.c:29: error: Failure!\n[  PASSED  ] 0 test(s).\n[  FAILED  ] tests: 1 test(s), listed below:\n[  FAILED  ] test_list_find_highest_price_item_position\n\n 1 FAILED TEST(S)\n\nSummary: [X]\n\n",
            "passed": false,
            "skipped": false
        },
        "test_list_find_highest_price_item_position_nullhead": {
            "return_code": 0,
            "stdout": "[==========] tests: Running 1 test(s).\n[ RUN      ] test_list_find_highest_price_item_position_nullhead\n[       OK ] test_list_find_highest_price_item_position_nullhead\n[==========] tests: 1 test(s) run.\n",
            "stderr": "[  PASSED  ] 1 test(s).\n\nSummary: [#]\n\n",
            "passed": true,
            "skipped": false
        },
        "test_list_find_highest_price_item_position_nullpos": {
            "return_code": 0,
            "stdout": "[==========] tests: Running 1 test(s).\n[ RUN      ] test_list_find_highest_price_item_position_nullpos\n[       OK ] test_list_find_highest_price_item_position_nullpos\n[==========] tests: 1 test(s) run.\n",
            "stderr": "[  PASSED  ] 1 test(s).\n\nSummary: [#]\n\n",
            "passed": true,
            "skipped": false
        },
        "test_list_cost_sum": {
            "return_code": 1,
            "stdout": "[==========] tests: Running 1 test(s).\n[ RUN      ] test_list_cost_sum\n[  FAILED  ] test_list_cost_sum\n[==========] tests: 1 test(s) run.\n",
            "stderr": "[  ERROR   ] --- 0x1 != 0\n[   LINE   ] --- tests_ref/test_list_cost_sum.c:29: error: Failure!\n[  PASSED  ] 0 test(s).\n[  FAILED  ] tests: 1 test(s), listed below:\n[  FAILED  ] test_list_cost_sum\n\n 1 FAILED TEST(S)\n\nSummary: [X]\n\n",
            "passed": false,
            "skipped": false
        },
        "test_list_cost_sum_nullhead": {
            "return_code": 0,
            "stdout": "[==========] tests: Running 1 test(s).\n[ RUN      ] test_list_cost_sum_nullhead\n[       OK ] test_list_cost_sum_nullhead\n[==========] tests: 1 test(s) run.\n",
            "stderr": "[  PASSED  ] 1 test(s).\n\nSummary: [#]\n\n",
            "passed": true,
            "skipped": false
        },
        "test_list_cost_sum_nulltotal": {
            "return_code": 0,
            "stdout": "[==========] tests: Running 1 test(s).\n[ RUN      ] test_list_cost_sum_nulltotal\n[       OK ] test_list_cost_sum_nulltotal\n[==========] tests: 1 test(s) run.\n",
            "stderr": "[  PASSED  ] 1 test(s).\n\nSummary: [#]\n\n",
            "passed": true,
            "skipped": false
        },
        "test_list_save": {
            "return_code": 1,
            "stdout": "[==========] tests: Running 1 test(s).\n[ RUN      ] test_list_save\n[  FAILED  ] test_list_save\n[==========] tests: 1 test(s) run.\n",
            "stderr": "[  ERROR   ] --- 0x1 != 0\n[   LINE   ] --- tests_ref/test_list_save.c:32: error: Failure!\n[  PASSED  ] 0 test(s).\n[  FAILED  ] tests: 1 test(s), listed below:\n[  FAILED  ] test_list_save\n\n 1 FAILED TEST(S)\n\nSummary: [X]\n\n",
            "passed": false,
            "skipped": false
        },
        "test_list_save_nullhead": {
            "return_code": 0,
            "stdout": "[==========] tests: Running 1 test(s).\n[ RUN      ] test_list_save_nullhead\n[       OK ] test_list_save_nullhead\n[==========] tests: 1 test(s) run.\n",
            "stderr": "[  PASSED  ] 1 test(s).\n\nSummary: [#]\n\n",
            "passed": true,
            "skipped": false
        },
        "test_list_save_nullfilename": {
            "return_code": 0,
            "stdout": "[==========] tests: Running 1 test(s).\n[ RUN      ] test_list_save_nullfilename\n[       OK ] test_list_save_nullfilename\n[==========] tests: 1 test(s) run.\n",
            "stderr": "[  PASSED  ] 1 test(s).\n\nSummary: [#]\n\n",
            "passed": true,
            "skipped": false
        },
        "test_list_save_badfile": {
            "return_code": 0,
            "stdout": "[==========] tests: Running 1 test(s).\n[ RUN      ] test_list_save_badfile\n[       OK ] test_list_save_badfile\n[==========] tests: 1 test(s) run.\n",
            "stderr": "[  PASSED  ] 1 test(s).\n\nSummary: [#]\n\n",
            "passed": true,
            "skipped": false
        },
        "test_list_load": {
            "return_code": 1,
            "stdout": "[==========] tests: Running 1 test(s).\n[ RUN      ] test_list_load\n[  FAILED  ] test_list_load\n[==========] tests: 1 test(s) run.\n",
            "stderr": "[  ERROR   ] --- 0x1 != 0\n[   LINE   ] --- tests_ref/test_list_load.c:27: error: Failure!\n[  PASSED  ] 0 test(s).\n[  FAILED  ] tests: 1 test(s), listed below:\n[  FAILED  ] test_list_load\n\n 1 FAILED TEST(S)\n\nSummary: [X]\n\n",
            "passed": false,
            "skipped": false
        },
        "test_list_load_nullhead": {
            "return_code": 0,
            "stdout": "[==========] tests: Running 1 test(s).\n[ RUN      ] test_list_load_nullhead\n[       OK ] test_list_load_nullhead\n[==========] tests: 1 test(s) run.\n",
            "stderr": "[  PASSED  ] 1 test(s).\n\nSummary: [#]\n\n",
            "passed": true,
            "skipped": false
        },
        "test_list_load_nullfilename": {
            "return_code": 0,
            "stdout": "[==========] tests: Running 1 test(s).\n[ RUN      ] test_list_load_nullfilename\n[       OK ] test_list_load_nullfilename\n[==========] tests: 1 test(s) run.\n",
            "stderr": "[  PASSED  ] 1 test(s).\n\nSummary: [#]\n\n",
            "passed": true,
            "skipped": false
        },
        "test_list_load_longitem": {
            "return_code": 1,
            "stdout": "[==========] tests: Running 1 test(s).\n[ RUN      ] test_list_load_longitem\n[  FAILED  ] test_list_load_longitem\n[==========] tests: 1 test(s) run.\n",
            "stderr": "[  ERROR   ] --- 0x1 != 0\n[   LINE   ] --- tests_ref/test_list_load_longitem.c:29: error: Failure!\n[  PASSED  ] 0 test(s).\n[  FAILED  ] tests: 1 test(s), listed below:\n[  FAILED  ] test_list_load_longitem\n\n 1 FAILED TEST(S)\n\nSummary: [X]\n\n",
            "passed": false,
            "skipped": false
        },
        "test_list_load_badparse": {
            "return_code": 0,
            "stdout": "[==========] tests: Running 1 test(s).\n[ RUN      ] test_list_load_badparse\n[       OK ] test_list_load_badparse\n[==========] tests: 1 test(s) run.\n",
            "stderr": "[  PASSED  ] 1 test(s).\n\nSummary: [#]\n\n",
            "passed": true,
            "skipped": false
        },
        "test_list_load_badfile": {
            "return_code": 0,
            "stdout": "[==========] tests: Running 1 test(s).\n[ RUN      ] test_list_load_badfile\n[       OK ] test_list_load_badfile\n[==========] tests: 1 test(s) run.\n",
            "stderr": "[  PASSED  ] 1 test(s).\n\nSummary: [#]\n\n",
            "passed": true,
            "skipped": false
        },
        "test_list_load_missingfile": {
            "return_code": 0,
            "stdout": "[==========] tests: Running 1 test(s).\n[ RUN      ] test_list_load_missingfile\n[       OK ] test_list_load_missingfile\n[==========] tests: 1 test(s) run.\n",
            "stderr": "[  PASSED  ] 1 test(s).\n\nSummary: [#]\n\n",
            "passed": true,
            "skipped": false
        },
        "test_list_deduplicate": {
            "return_code": 1,
            "stdout": "[==========] tests: Running 1 test(s).\n[ RUN      ] test_list_deduplicate\n[  FAILED  ] test_list_deduplicate\n[==========] tests: 1 test(s) run.\n",
            "stderr": "[  ERROR   ] --- 0x1 != 0\n[   LINE   ] --- tests_ref/test_list_deduplicate.c:27: error: Failure!\n[  PASSED  ] 0 test(s).\n[  FAILED  ] tests: 1 test(s), listed below:\n[  FAILED  ] test_list_deduplicate\n\n 1 FAILED TEST(S)\n\nSummary: [X]\n\n",
            "passed": false,
            "skipped": false
        },
        "test_list_deduplicate_nullhead": {
            "return_code": 0,
            "stdout": "[==========] tests: Running 1 test(s).\n[ RUN      ] test_list_deduplicate_nullhead\n[       OK ] test_list_deduplicate_nullhead\n[==========] tests: 1 test(s) run.\n",
            "stderr": "[  PASSED  ] 1 test(s).\n\nSummary: [#]\n\n",
            "passed": true,
            "skipped": false
        },
        "test_list_deduplicate_single": {
            "return_code": 1,
            "stdout": "[==========] tests: Running 1 test(s).\n[ RUN      ] test_list_deduplicate_single\n[  FAILED  ] test_list_deduplicate_single\n[==========] tests: 1 test(s) run.\n",
            "stderr": "[  ERROR   ] --- 0x1 != 0\n[   LINE   ] --- tests_ref/test_list_deduplicate_single.c:26: error: Failure!\n[  PASSED  ] 0 test(s).\n[  FAILED  ] tests: 1 test(s), listed below:\n[  FAILED  ] test_list_deduplicate_single\n\n 1 FAILED TEST(S)\n\nSummary: [X]\n\n",
            "passed": false,
            "skipped": false
        },
        "test_list_deduplicate_nodups": {
            "return_code": 1,
            "stdout": "[==========] tests: Running 1 test(s).\n[ RUN      ] test_list_deduplicate_nodups\n[  FAILED  ] test_list_deduplicate_nodups\n[==========] tests: 1 test(s) run.\n",
            "stderr": "[  ERROR   ] --- 0x1 != 0\n[   LINE   ] --- tests_ref/test_list_deduplicate_nodups.c:27: error: Failure!\n[  PASSED  ] 0 test(s).\n[  FAILED  ] tests: 1 test(s), listed below:\n[  FAILED  ] test_list_deduplicate_nodups\n\n 1 FAILED TEST(S)\n\nSummary: [X]\n\n",
            "passed": false,
            "skipped": false
        }
    },
    "passed": 19,
    "total": 45,
    "passed_functional": 6,
    "total_functional": 26
}
