{
    "results": {
        "test_list_init": {
            "return_code": 0,
            "stdout": "[==========] tests: Running 1 test(s).\n[ RUN      ] test_list_init\n[       OK ] test_list_init\n[==========] tests: 1 test(s) run.\n",
            "stderr": "[  PASSED  ] 1 test(s).\n\nSummary: [#]\n\n",
            "passed": true,
            "skipped": false
        },
        "test_list_init_nullhead": {
            "return_code": 1,
            "stdout": "[==========] tests: Running 1 test(s).\n[ RUN      ] test_list_init_nullhead\n",
            "stderr": "AddressSanitizer:DEADLYSIGNAL\n=================================================================\n==3179094==ERROR: AddressSanitizer: SEGV on unknown address 0x000000000000 (pc 0x5609fa3288d9 bp 0x7ffcf27f22e0 sp 0x7ffcf27f22e0 T0)\n==3179094==The signal is caused by a WRITE memory access.\n==3179094==Hint: address points to the zero page.\n    #0 0x5609fa3288d8 in list_init parts/gen_list_init.c:25\n    #1 0x5609fa33474f in test_list_init_nullhead tests_ref/test_list_init_nullhead.c:23\n    #2 0x5609fa332b26 in cmocka_run_one_test_or_fixture cmocka/cmocka.c:2937\n    #3 0x5609fa33305b in cmocka_run_one_tests cmocka/cmocka.c:3045\n    #4 0x5609fa333a9f in _cmocka_run_group_tests cmocka/cmocka.c:3176\n    #5 0x5609fa334916 in main tests_ref/test_list_init_nullhead.c:30\n    #6 0x7f9503745082 in __libc_start_main ../csu/libc-start.c:308\n    #7 0x5609fa32880d in _start (/home/moyix/git/codex_study_grading/repos/davinci-002_04/tests_ref/test_list_init_nullhead.bin+0x580d)\n\nAddressSanitizer can not provide additional info.\nSUMMARY: AddressSanitizer: SEGV parts/gen_list_init.c:25 in list_init\n==3179094==ABORTING\n",
            "passed": false,
            "skipped": false
        },
        "test_list_add_item_at_pos": {
            "return_code": 1,
            "stdout": "[==========] tests: Running 1 test(s).\n[ RUN      ] test_list_add_item_at_pos\n",
            "stderr": "AddressSanitizer:DEADLYSIGNAL\n=================================================================\n==3180072==ERROR: AddressSanitizer: SEGV on unknown address 0x000000000010 (pc 0x55fff571fa62 bp 0x7ffd92887d10 sp 0x7ffd92887cd0 T0)\n==3180072==The signal is caused by a READ memory access.\n==3180072==Hint: address points to the zero page.\n    #0 0x55fff571fa61 in list_add_item_at_pos parts/gen_list_add_item_at_pos.c:61\n    #1 0x55fff572b9d4 in test_list_add_item_at_pos tests_ref/test_list_add_item_at_pos.c:25\n    #2 0x55fff5729cc0 in cmocka_run_one_test_or_fixture cmocka/cmocka.c:2937\n    #3 0x55fff572a1f5 in cmocka_run_one_tests cmocka/cmocka.c:3045\n    #4 0x55fff572ac39 in _cmocka_run_group_tests cmocka/cmocka.c:3176\n    #5 0x55fff572c01b in main tests_ref/test_list_add_item_at_pos.c:41\n    #6 0x7fa2fadce082 in __libc_start_main ../csu/libc-start.c:308\n    #7 0x55fff571f82d in _start (/home/moyix/git/codex_study_grading/repos/davinci-002_04/tests_ref/test_list_add_item_at_pos.bin+0x682d)\n\nAddressSanitizer can not provide additional info.\nSUMMARY: AddressSanitizer: SEGV parts/gen_list_add_item_at_pos.c:61 in list_add_item_at_pos\n==3180072==ABORTING\n",
            "passed": false,
            "skipped": false
        },
        "test_list_add_item_at_pos_nullhead": {
            "return_code": 0,
            "stdout": "[==========] tests: Running 1 test(s).\n[ RUN      ] test_list_add_item_at_pos_nullhead\n[       OK ] test_list_add_item_at_pos_nullhead\n[==========] tests: 1 test(s) run.\n",
            "stderr": "[  PASSED  ] 1 test(s).\n\nSummary: [#]\n\n",
            "passed": true,
            "skipped": false
        },
        "test_list_add_item_at_pos_nullitem": {
            "return_code": 0,
            "stdout": "[==========] tests: Running 1 test(s).\n[ RUN      ] test_list_add_item_at_pos_nullitem\n[       OK ] test_list_add_item_at_pos_nullitem\n[==========] tests: 1 test(s) run.\n",
            "stderr": "[  PASSED  ] 1 test(s).\n\nSummary: [#]\n\n",
            "passed": true,
            "skipped": false
        },
        "test_list_add_item_at_pos_oob": {
            "return_code": 1,
            "stdout": "[==========] tests: Running 1 test(s).\n[ RUN      ] test_list_add_item_at_pos_oob\n[  FAILED  ] test_list_add_item_at_pos_oob\n[==========] tests: 1 test(s) run.\n",
            "stderr": "[  ERROR   ] --- 0 != 0x1\n[   LINE   ] --- tests_ref/test_list_add_item_at_pos_oob.c:25: error: Failure!\n[  PASSED  ] 0 test(s).\n[  FAILED  ] tests: 1 test(s), listed below:\n[  FAILED  ] test_list_add_item_at_pos_oob\n\n 1 FAILED TEST(S)\n\nSummary: [X]\n\n",
            "passed": false,
            "skipped": false
        },
        "test_list_item_to_string": {
            "return_code": 0,
            "stdout": "[==========] tests: Running 1 test(s).\n[ RUN      ] test_list_item_to_string\n[       OK ] test_list_item_to_string\n[==========] tests: 1 test(s) run.\n",
            "stderr": "[  PASSED  ] 1 test(s).\n\nSummary: [#]\n\n",
            "passed": true,
            "skipped": false
        },
        "test_list_item_to_string_nullhead": {
            "return_code": 0,
            "stdout": "[==========] tests: Running 1 test(s).\n[ RUN      ] test_list_item_to_string_nullhead\n[       OK ] test_list_item_to_string_nullhead\n[==========] tests: 1 test(s) run.\n",
            "stderr": "[  PASSED  ] 1 test(s).\n\nSummary: [#]\n\n",
            "passed": true,
            "skipped": false
        },
        "test_list_item_to_string_nullstr": {
            "return_code": 0,
            "stdout": "[==========] tests: Running 1 test(s).\n[ RUN      ] test_list_item_to_string_nullstr\n[       OK ] test_list_item_to_string_nullstr\n[==========] tests: 1 test(s) run.\n",
            "stderr": "[  PASSED  ] 1 test(s).\n\nSummary: [#]\n\n",
            "passed": true,
            "skipped": false
        },
        "test_list_item_to_string_longstr": {
            "return_code": 1,
            "stdout": "[==========] tests: Running 1 test(s).\n[ RUN      ] test_list_item_to_string_longstr\n[  FAILED  ] test_list_item_to_string_longstr\n[==========] tests: 1 test(s) run.\n",
            "stderr": "[  ERROR   ] --- 0 != 0x1\n[   LINE   ] --- tests_ref/test_list_item_to_string_longstr.c:30: error: Failure!\n[  PASSED  ] 0 test(s).\n[  FAILED  ] tests: 1 test(s), listed below:\n[  FAILED  ] test_list_item_to_string_longstr\n\n 1 FAILED TEST(S)\n\nSummary: [X]\n\n",
            "passed": false,
            "skipped": false
        },
        "test_list_print": {
            "return_code": 0,
            "stdout": "[==========] tests: Running 1 test(s).\n[ RUN      ] test_list_print\n[       OK ] test_list_print\n[==========] tests: 1 test(s) run.\n",
            "stderr": "[  PASSED  ] 1 test(s).\n\nSummary: [#]\n\n",
            "passed": true,
            "skipped": false
        },
        "test_list_print_nullhead": {
            "return_code": 0,
            "stdout": "[==========] tests: Running 1 test(s).\n[ RUN      ] test_list_print_nullhead\n[       OK ] test_list_print_nullhead\n[==========] tests: 1 test(s) run.\n",
            "stderr": "[  PASSED  ] 1 test(s).\n\nSummary: [#]\n\n",
            "passed": true,
            "skipped": false
        },
        "test_list_print_longitem": {
            "return_code": 1,
            "stdout": "[==========] tests: Running 1 test(s).\n[ RUN      ] test_list_print_longitem\n[  FAILED  ] test_list_print_longitem\n[==========] tests: 1 test(s) run.\n",
            "stderr": "[  ERROR   ] --- 0 != 0x1\n[   LINE   ] --- tests_ref/test_list_print_longitem.c:30: error: Failure!\n[  PASSED  ] 0 test(s).\n[  FAILED  ] tests: 1 test(s), listed below:\n[  FAILED  ] test_list_print_longitem\n\n 1 FAILED TEST(S)\n\nSummary: [X]\n\n",
            "passed": false,
            "skipped": false
        },
        "test_list_update_item_at_pos": {
            "return_code": 0,
            "stdout": "[==========] tests: Running 1 test(s).\n[ RUN      ] test_list_update_item_at_pos\n[       OK ] test_list_update_item_at_pos\n[==========] tests: 1 test(s) run.\n",
            "stderr": "[  PASSED  ] 1 test(s).\n\nSummary: [#]\n\n",
            "passed": true,
            "skipped": false
        },
        "test_list_update_item_at_pos_nullhead": {
            "return_code": 0,
            "stdout": "[==========] tests: Running 1 test(s).\n[ RUN      ] test_list_update_item_at_pos_nullhead\n[       OK ] test_list_update_item_at_pos_nullhead\n[==========] tests: 1 test(s) run.\n",
            "stderr": "[  PASSED  ] 1 test(s).\n\nSummary: [#]\n\n",
            "passed": true,
            "skipped": false
        },
        "test_list_update_item_at_pos_nullstr": {
            "return_code": 0,
            "stdout": "[==========] tests: Running 1 test(s).\n[ RUN      ] test_list_update_item_at_pos_nullstr\n[       OK ] test_list_update_item_at_pos_nullstr\n[==========] tests: 1 test(s) run.\n",
            "stderr": "[  PASSED  ] 1 test(s).\n\nSummary: [#]\n\n",
            "passed": true,
            "skipped": false
        },
        "test_list_update_item_at_pos_oob": {
            "return_code": 1,
            "stdout": "[==========] tests: Running 1 test(s).\n[ RUN      ] test_list_update_item_at_pos_oob\n[  FAILED  ] test_list_update_item_at_pos_oob\n[==========] tests: 1 test(s) run.\n",
            "stderr": "[  ERROR   ] --- 0 != 0x1\n[   LINE   ] --- tests_ref/test_list_update_item_at_pos_oob.c:27: error: Failure!\n[  PASSED  ] 0 test(s).\n[  FAILED  ] tests: 1 test(s), listed below:\n[  FAILED  ] test_list_update_item_at_pos_oob\n\n 1 FAILED TEST(S)\n\nSummary: [X]\n\n",
            "passed": false,
            "skipped": false
        },
        "test_list_remove_item_at_pos": {
            "return_code": 1,
            "stdout": "[==========] tests: Running 1 test(s).\n[ RUN      ] test_list_remove_item_at_pos\n",
            "stderr": "AddressSanitizer:DEADLYSIGNAL\n=================================================================\n==3180507==ERROR: AddressSanitizer: SEGV on unknown address 0x000000000010 (pc 0x557de858e989 bp 0x7ffce3208370 sp 0x7ffce3208340 T0)\n==3180507==The signal is caused by a READ memory access.\n==3180507==Hint: address points to the zero page.\n    #0 0x557de858e988 in list_remove_item_at_pos parts/gen_list_remove_item_at_pos.c:44\n    #1 0x557de859a9b6 in test_list_remove_item_at_pos tests_ref/test_list_remove_item_at_pos.c:29\n    #2 0x557de8598bf6 in cmocka_run_one_test_or_fixture cmocka/cmocka.c:2937\n    #3 0x557de859912b in cmocka_run_one_tests cmocka/cmocka.c:3045\n    #4 0x557de8599b6f in _cmocka_run_group_tests cmocka/cmocka.c:3176\n    #5 0x557de859add4 in main tests_ref/test_list_remove_item_at_pos.c:45\n    #6 0x7f526c170082 in __libc_start_main ../csu/libc-start.c:308\n    #7 0x557de858e80d in _start (/home/moyix/git/codex_study_grading/repos/davinci-002_04/tests_ref/test_list_remove_item_at_pos.bin+0x680d)\n\nAddressSanitizer can not provide additional info.\nSUMMARY: AddressSanitizer: SEGV parts/gen_list_remove_item_at_pos.c:44 in list_remove_item_at_pos\n==3180507==ABORTING\n",
            "passed": false,
            "skipped": false
        },
        "test_list_remove_item_at_pos_nullhead": {
            "return_code": 0,
            "stdout": "[==========] tests: Running 1 test(s).\n[ RUN      ] test_list_remove_item_at_pos_nullhead\n[       OK ] test_list_remove_item_at_pos_nullhead\n[==========] tests: 1 test(s) run.\n",
            "stderr": "[  PASSED  ] 1 test(s).\n\nSummary: [#]\n\n",
            "passed": true,
            "skipped": false
        },
        "test_list_remove_item_at_pos_oob": {
            "return_code": 1,
            "stdout": "[==========] tests: Running 1 test(s).\n[ RUN      ] test_list_remove_item_at_pos_oob\n[  FAILED  ] test_list_remove_item_at_pos_oob\n[==========] tests: 1 test(s) run.\n",
            "stderr": "[  ERROR   ] --- 0 != 0x1\n[   LINE   ] --- tests_ref/test_list_remove_item_at_pos_oob.c:26: error: Failure!\n[  PASSED  ] 0 test(s).\n[  FAILED  ] tests: 1 test(s), listed below:\n[  FAILED  ] test_list_remove_item_at_pos_oob\n\n 1 FAILED TEST(S)\n\nSummary: [X]\n\n",
            "passed": false,
            "skipped": false
        },
        "test_list_swap_item_positions": {
            "return_code": 0,
            "stdout": "[==========] tests: Running 1 test(s).\n[ RUN      ] test_list_swap_item_positions\n[       OK ] test_list_swap_item_positions\n[==========] tests: 1 test(s) run.\n",
            "stderr": "[  PASSED  ] 1 test(s).\n\nSummary: [#]\n\n",
            "passed": true,
            "skipped": false
        },
        "test_list_swap_item_positions_samepos": {
            "return_code": 1,
            "stdout": "[==========] tests: Running 1 test(s).\n[ RUN      ] test_list_swap_item_positions_samepos\n",
            "stderr": "=================================================================\n==3180688==ERROR: AddressSanitizer: heap-use-after-free on address 0x602000000010 at pc 0x7fac8ac6aa7d bp 0x7ffd5f3705c0 sp 0x7ffd5f36fd68\nREAD of size 2 at 0x602000000010 thread T0\n    #0 0x7fac8ac6aa7c in __interceptor_strlen ../../../../src/libsanitizer/sanitizer_common/sanitizer_common_interceptors.inc:354\n    #1 0x559a9f287a07 in list_swap_item_positions parts/gen_list_swap_item_positions.c:48\n    #2 0x559a9f293a8d in test_list_swap_item_positions_samepos tests_ref/test_list_swap_item_positions_samepos.c:27\n    #3 0x559a9f291d08 in cmocka_run_one_test_or_fixture cmocka/cmocka.c:2937\n    #4 0x559a9f29223d in cmocka_run_one_tests cmocka/cmocka.c:3045\n    #5 0x559a9f292c81 in _cmocka_run_group_tests cmocka/cmocka.c:3176\n    #6 0x559a9f293db8 in main tests_ref/test_list_swap_item_positions_samepos.c:38\n    #7 0x7fac8aa35082 in __libc_start_main ../csu/libc-start.c:308\n    #8 0x559a9f28782d in _start (/home/moyix/git/codex_study_grading/repos/davinci-002_04/tests_ref/test_list_swap_item_positions_samepos.bin+0x682d)\n\n0x602000000010 is located 0 bytes inside of 6-byte region [0x602000000010,0x602000000016)\nfreed by thread T0 here:\n    #0 0x7fac8ad1040f in __interceptor_free ../../../../src/libsanitizer/asan/asan_malloc_linux.cc:122\n    #1 0x559a9f2879f8 in list_swap_item_positions parts/gen_list_swap_item_positions.c:47\n    #2 0x559a9f293a8d in test_list_swap_item_positions_samepos tests_ref/test_list_swap_item_positions_samepos.c:27\n    #3 0x559a9f291d08 in cmocka_run_one_test_or_fixture cmocka/cmocka.c:2937\n    #4 0x559a9f29223d in cmocka_run_one_tests cmocka/cmocka.c:3045\n    #5 0x559a9f292c81 in _cmocka_run_group_tests cmocka/cmocka.c:3176\n    #6 0x559a9f293db8 in main tests_ref/test_list_swap_item_positions_samepos.c:38\n    #7 0x7fac8aa35082 in __libc_start_main ../csu/libc-start.c:308\n\npreviously allocated by thread T0 here:\n    #0 0x7fac8ac993ed in __interceptor_strdup ../../../../src/libsanitizer/asan/asan_interceptors.cc:445\n    #1 0x559a9f287fbc in ref_list_add_item_at_pos /home/moyix/git/codex_study_grading/repos/davinci-002_04/reflist.c:118\n    #2 0x559a9f293a1c in test_list_swap_item_positions_samepos tests_ref/test_list_swap_item_positions_samepos.c:25\n    #3 0x559a9f291d08 in cmocka_run_one_test_or_fixture cmocka/cmocka.c:2937\n    #4 0x559a9f29223d in cmocka_run_one_tests cmocka/cmocka.c:3045\n    #5 0x559a9f292c81 in _cmocka_run_group_tests cmocka/cmocka.c:3176\n    #6 0x559a9f293db8 in main tests_ref/test_list_swap_item_positions_samepos.c:38\n    #7 0x7fac8aa35082 in __libc_start_main ../csu/libc-start.c:308\n\nSUMMARY: AddressSanitizer: heap-use-after-free ../../../../src/libsanitizer/sanitizer_common/sanitizer_common_interceptors.inc:354 in __interceptor_strlen\nShadow bytes around the buggy address:\n  0x0c047fff7fb0: 00 00 00 00 00 00 00 00 00 00 00 00 00 00 00 00\n  0x0c047fff7fc0: 00 00 00 00 00 00 00 00 00 00 00 00 00 00 00 00\n  0x0c047fff7fd0: 00 00 00 00 00 00 00 00 00 00 00 00 00 00 00 00\n  0x0c047fff7fe0: 00 00 00 00 00 00 00 00 00 00 00 00 00 00 00 00\n  0x0c047fff7ff0: 00 00 00 00 00 00 00 00 00 00 00 00 00 00 00 00\n=>0x0c047fff8000: fa fa[fd]fa fa fa 06 fa fa fa 06 fa fa fa fa fa\n  0x0c047fff8010: fa fa fa fa fa fa fa fa fa fa fa fa fa fa fa fa\n  0x0c047fff8020: fa fa fa fa fa fa fa fa fa fa fa fa fa fa fa fa\n  0x0c047fff8030: fa fa fa fa fa fa fa fa fa fa fa fa fa fa fa fa\n  0x0c047fff8040: fa fa fa fa fa fa fa fa fa fa fa fa fa fa fa fa\n  0x0c047fff8050: fa fa fa fa fa fa fa fa fa fa fa fa fa fa fa fa\nShadow byte legend (one shadow byte represents 8 application bytes):\n  Addressable:           00\n  Partially addressable: 01 02 03 04 05 06 07 \n  Heap left redzone:       fa\n  Freed heap region:       fd\n  Stack left redzone:      f1\n  Stack mid redzone:       f2\n  Stack right redzone:     f3\n  Stack after return:      f5\n  Stack use after scope:   f8\n  Global redzone:          f9\n  Global init order:       f6\n  Poisoned by user:        f7\n  Container overflow:      fc\n  Array cookie:            ac\n  Intra object redzone:    bb\n  ASan internal:           fe\n  Left alloca redzone:     ca\n  Right alloca redzone:    cb\n  Shadow gap:              cc\n==3180688==ABORTING\n",
            "passed": false,
            "skipped": false
        },
        "test_list_swap_item_positions_nullhead": {
            "return_code": 0,
            "stdout": "[==========] tests: Running 1 test(s).\n[ RUN      ] test_list_swap_item_positions_nullhead\n[       OK ] test_list_swap_item_positions_nullhead\n[==========] tests: 1 test(s) run.\n",
            "stderr": "[  PASSED  ] 1 test(s).\n\nSummary: [#]\n\n",
            "passed": true,
            "skipped": false
        },
        "test_list_swap_item_positions_oob": {
            "return_code": 1,
            "stdout": "[==========] tests: Running 1 test(s).\n[ RUN      ] test_list_swap_item_positions_oob\n[  FAILED  ] test_list_swap_item_positions_oob\n[==========] tests: 1 test(s) run.\n",
            "stderr": "[  ERROR   ] --- 0 != 0x1\n[   LINE   ] --- tests_ref/test_list_swap_item_positions_oob.c:27: error: Failure!\n[  PASSED  ] 0 test(s).\n[  FAILED  ] tests: 1 test(s), listed below:\n[  FAILED  ] test_list_swap_item_positions_oob\n\n 1 FAILED TEST(S)\n\nSummary: [X]\n\n",
            "passed": false,
            "skipped": false
        },
        "test_list_find_highest_price_item_position": {
            "return_code": 0,
            "stdout": "[==========] tests: Running 1 test(s).\n[ RUN      ] test_list_find_highest_price_item_position\n[       OK ] test_list_find_highest_price_item_position\n[==========] tests: 1 test(s) run.\n",
            "stderr": "[  PASSED  ] 1 test(s).\n\nSummary: [#]\n\n",
            "passed": true,
            "skipped": false
        },
        "test_list_find_highest_price_item_position_nullhead": {
            "return_code": 0,
            "stdout": "[==========] tests: Running 1 test(s).\n[ RUN      ] test_list_find_highest_price_item_position_nullhead\n[       OK ] test_list_find_highest_price_item_position_nullhead\n[==========] tests: 1 test(s) run.\n",
            "stderr": "[  PASSED  ] 1 test(s).\n\nSummary: [#]\n\n",
            "passed": true,
            "skipped": false
        },
        "test_list_find_highest_price_item_position_nullpos": {
            "return_code": 0,
            "stdout": "[==========] tests: Running 1 test(s).\n[ RUN      ] test_list_find_highest_price_item_position_nullpos\n[       OK ] test_list_find_highest_price_item_position_nullpos\n[==========] tests: 1 test(s) run.\n",
            "stderr": "[  PASSED  ] 1 test(s).\n\nSummary: [#]\n\n",
            "passed": true,
            "skipped": false
        },
        "test_list_cost_sum": {
            "return_code": 0,
            "stdout": "[==========] tests: Running 1 test(s).\n[ RUN      ] test_list_cost_sum\n[       OK ] test_list_cost_sum\n[==========] tests: 1 test(s) run.\n",
            "stderr": "[  PASSED  ] 1 test(s).\n\nSummary: [#]\n\n",
            "passed": true,
            "skipped": false
        },
        "test_list_cost_sum_nullhead": {
            "return_code": 0,
            "stdout": "[==========] tests: Running 1 test(s).\n[ RUN      ] test_list_cost_sum_nullhead\n[       OK ] test_list_cost_sum_nullhead\n[==========] tests: 1 test(s) run.\n",
            "stderr": "[  PASSED  ] 1 test(s).\n\nSummary: [#]\n\n",
            "passed": true,
            "skipped": false
        },
        "test_list_cost_sum_nulltotal": {
            "return_code": 0,
            "stdout": "[==========] tests: Running 1 test(s).\n[ RUN      ] test_list_cost_sum_nulltotal\n[       OK ] test_list_cost_sum_nulltotal\n[==========] tests: 1 test(s) run.\n",
            "stderr": "[  PASSED  ] 1 test(s).\n\nSummary: [#]\n\n",
            "passed": true,
            "skipped": false
        },
        "test_list_save": {
            "return_code": 0,
            "stdout": "[==========] tests: Running 1 test(s).\n[ RUN      ] test_list_save\n[       OK ] test_list_save\n[==========] tests: 1 test(s) run.\n",
            "stderr": "[  PASSED  ] 1 test(s).\n\nSummary: [#]\n\n",
            "passed": true,
            "skipped": false
        },
        "test_list_save_nullhead": {
            "return_code": 0,
            "stdout": "[==========] tests: Running 1 test(s).\n[ RUN      ] test_list_save_nullhead\n[       OK ] test_list_save_nullhead\n[==========] tests: 1 test(s) run.\n",
            "stderr": "[  PASSED  ] 1 test(s).\n\nSummary: [#]\n\n",
            "passed": true,
            "skipped": false
        },
        "test_list_save_nullfilename": {
            "return_code": 0,
            "stdout": "[==========] tests: Running 1 test(s).\n[ RUN      ] test_list_save_nullfilename\n[       OK ] test_list_save_nullfilename\n[==========] tests: 1 test(s) run.\n",
            "stderr": "[  PASSED  ] 1 test(s).\n\nSummary: [#]\n\n",
            "passed": true,
            "skipped": false
        },
        "test_list_save_badfile": {
            "return_code": 0,
            "stdout": "[==========] tests: Running 1 test(s).\n[ RUN      ] test_list_save_badfile\n[       OK ] test_list_save_badfile\n[==========] tests: 1 test(s) run.\n",
            "stderr": "[  PASSED  ] 1 test(s).\n\nSummary: [#]\n\n",
            "passed": true,
            "skipped": false
        },
        "test_list_load": {
            "return_code": 0,
            "stdout": "[==========] tests: Running 1 test(s).\n[ RUN      ] test_list_load\n[       OK ] test_list_load\n[==========] tests: 1 test(s) run.\n",
            "stderr": "[  PASSED  ] 1 test(s).\n\nSummary: [#]\n\n",
            "passed": true,
            "skipped": false
        },
        "test_list_load_nullhead": {
            "return_code": 0,
            "stdout": "[==========] tests: Running 1 test(s).\n[ RUN      ] test_list_load_nullhead\n[       OK ] test_list_load_nullhead\n[==========] tests: 1 test(s) run.\n",
            "stderr": "[  PASSED  ] 1 test(s).\n\nSummary: [#]\n\n",
            "passed": true,
            "skipped": false
        },
        "test_list_load_nullfilename": {
            "return_code": 0,
            "stdout": "[==========] tests: Running 1 test(s).\n[ RUN      ] test_list_load_nullfilename\n[       OK ] test_list_load_nullfilename\n[==========] tests: 1 test(s) run.\n",
            "stderr": "[  PASSED  ] 1 test(s).\n\nSummary: [#]\n\n",
            "passed": true,
            "skipped": false
        },
        "test_list_load_longitem": {
            "return_code": 1,
            "stdout": "[==========] tests: Running 1 test(s).\n[ RUN      ] test_list_load_longitem\n",
            "stderr": "=================================================================\n==3181751==AddressSanitizer CHECK failed: ../../../../src/libsanitizer/asan/asan_thread.cc:348 \"((ptr[0] == kCurrentStackFrameMagic)) != (0)\" (0x0, 0x0)\nAddressSanitizer:DEADLYSIGNAL\nAddressSanitizer: nested bug in the same thread, aborting.\n",
            "passed": false,
            "skipped": false
        },
        "test_list_load_badparse": {
            "return_code": 1,
            "stdout": "[==========] tests: Running 1 test(s).\n[ RUN      ] test_list_load_badparse\n[  FAILED  ] test_list_load_badparse\n[==========] tests: 1 test(s) run.\n",
            "stderr": "[  ERROR   ] --- 0 != 0x1\n[   LINE   ] --- tests_ref/test_list_load_badparse.c:27: error: Failure!\n[  PASSED  ] 0 test(s).\n[  FAILED  ] tests: 1 test(s), listed below:\n[  FAILED  ] test_list_load_badparse\n\n 1 FAILED TEST(S)\n\nSummary: [X]\n\n",
            "passed": false,
            "skipped": false
        },
        "test_list_load_badfile": {
            "return_code": 0,
            "stdout": "[==========] tests: Running 1 test(s).\n[ RUN      ] test_list_load_badfile\n[       OK ] test_list_load_badfile\n[==========] tests: 1 test(s) run.\n",
            "stderr": "[  PASSED  ] 1 test(s).\n\nSummary: [#]\n\n",
            "passed": true,
            "skipped": false
        },
        "test_list_load_missingfile": {
            "return_code": 0,
            "stdout": "[==========] tests: Running 1 test(s).\n[ RUN      ] test_list_load_missingfile\n[       OK ] test_list_load_missingfile\n[==========] tests: 1 test(s) run.\n",
            "stderr": "[  PASSED  ] 1 test(s).\n\nSummary: [#]\n\n",
            "passed": true,
            "skipped": false
        },
        "test_list_deduplicate": {
            "return_code": 0,
            "stdout": "[==========] tests: Running 1 test(s).\n[ RUN      ] test_list_deduplicate\n[       OK ] test_list_deduplicate\n[==========] tests: 1 test(s) run.\n",
            "stderr": "[  PASSED  ] 1 test(s).\n\nSummary: [#]\n\n",
            "passed": true,
            "skipped": false
        },
        "test_list_deduplicate_nullhead": {
            "return_code": 0,
            "stdout": "[==========] tests: Running 1 test(s).\n[ RUN      ] test_list_deduplicate_nullhead\n[       OK ] test_list_deduplicate_nullhead\n[==========] tests: 1 test(s) run.\n",
            "stderr": "[  PASSED  ] 1 test(s).\n\nSummary: [#]\n\n",
            "passed": true,
            "skipped": false
        },
        "test_list_deduplicate_single": {
            "return_code": 0,
            "stdout": "[==========] tests: Running 1 test(s).\n[ RUN      ] test_list_deduplicate_single\n[       OK ] test_list_deduplicate_single\n[==========] tests: 1 test(s) run.\n",
            "stderr": "[  PASSED  ] 1 test(s).\n\nSummary: [#]\n\n",
            "passed": true,
            "skipped": false
        },
        "test_list_deduplicate_nodups": {
            "return_code": 0,
            "stdout": "[==========] tests: Running 1 test(s).\n[ RUN      ] test_list_deduplicate_nodups\n[       OK ] test_list_deduplicate_nodups\n[==========] tests: 1 test(s) run.\n",
            "stderr": "[  PASSED  ] 1 test(s).\n\nSummary: [#]\n\n",
            "passed": true,
            "skipped": false
        }
    },
    "passed": 33,
    "total": 45,
    "passed_functional": 15,
    "total_functional": 26
}
