{
    "results": {
        "test_list_init": {
            "return_code": 0,
            "stdout": "[==========] tests: Running 1 test(s).\n[ RUN      ] test_list_init\n[       OK ] test_list_init\n[==========] tests: 1 test(s) run.\n",
            "stderr": "[  PASSED  ] 1 test(s).\n\nSummary: [#]\n\n",
            "passed": true,
            "skipped": false
        },
        "test_list_add_item_at_pos": {
            "return_code": 0,
            "stdout": "[==========] tests: Running 1 test(s).\n[ RUN      ] test_list_add_item_at_pos\n[       OK ] test_list_add_item_at_pos\n[==========] tests: 1 test(s) run.\n",
            "stderr": "[  PASSED  ] 1 test(s).\n\nSummary: [#]\n\n",
            "passed": true,
            "skipped": false
        },
        "test_list_item_to_string": {
            "return_code": 0,
            "stdout": "[==========] tests: Running 1 test(s).\n[ RUN      ] test_list_item_to_string\n[       OK ] test_list_item_to_string\n[==========] tests: 1 test(s) run.\n",
            "stderr": "[  PASSED  ] 1 test(s).\n\nSummary: [#]\n\n",
            "passed": true,
            "skipped": false
        },
        "test_list_print": {
            "return_code": 1,
            "stdout": "[==========] tests: Running 1 test(s).\n[ RUN      ] test_list_print\n[  FAILED  ] test_list_print\n[==========] tests: 1 test(s) run.\n",
            "stderr": "[  ERROR   ] --- \"4 * apple @ $3.00 ea\n\" != \"1: 3 * banana @ $1.00 ea\n2: 2 * orange @ $2.00 ea\n3: 4 * apple @ $3.00 ea\n\"\n[   LINE   ] --- tests_orig/test_list_print.c:32: error: Failure!\n[  PASSED  ] 0 test(s).\n[  FAILED  ] tests: 1 test(s), listed below:\n[  FAILED  ] test_list_print\n\n 1 FAILED TEST(S)\n\nSummary: [X]\n\n",
            "passed": false,
            "skipped": false
        },
        "test_list_update_item_at_pos": {
            "return_code": 0,
            "stdout": "[==========] tests: Running 1 test(s).\n[ RUN      ] test_list_update_item_at_pos\n[       OK ] test_list_update_item_at_pos\n[==========] tests: 1 test(s) run.\n",
            "stderr": "[  PASSED  ] 1 test(s).\n\nSummary: [#]\n\n",
            "passed": true,
            "skipped": false
        },
        "test_list_remove_item_at_pos": {
            "return_code": 0,
            "stdout": "[==========] tests: Running 1 test(s).\n[ RUN      ] test_list_remove_item_at_pos\n[       OK ] test_list_remove_item_at_pos\n[==========] tests: 1 test(s) run.\n",
            "stderr": "[  PASSED  ] 1 test(s).\n\nSummary: [#]\n\n",
            "passed": true,
            "skipped": false
        },
        "test_list_swap_item_positions": {
            "return_code": 1,
            "stdout": "[==========] tests: Running 1 test(s).\n[ RUN      ] test_list_swap_item_positions\n",
            "stderr": "AddressSanitizer:DEADLYSIGNAL\n=================================================================\n==3051859==ERROR: AddressSanitizer: SEGV on unknown address 0x000000000010 (pc 0x565232f7991c bp 0x7ffd3b9f6a70 sp 0x7ffd3b9f6a60 T0)\n==3051859==The signal is caused by a READ memory access.\n==3051859==Hint: address points to the zero page.\n    #0 0x565232f7991b in list_swap_item_positions parts/gen_list_swap_item_positions.c:46\n    #1 0x565232f7992f in list_swap_item_positions parts/gen_list_swap_item_positions.c:46\n    #2 0x565232f7992f in list_swap_item_positions parts/gen_list_swap_item_positions.c:46\n    #3 0x565232f7992f in list_swap_item_positions parts/gen_list_swap_item_positions.c:46\n    #4 0x565232f85950 in test_list_swap_item_positions tests_orig/test_list_swap_item_positions.c:25\n    #5 0x565232f83bc9 in cmocka_run_one_test_or_fixture cmocka/cmocka.c:2937\n    #6 0x565232f840fe in cmocka_run_one_tests cmocka/cmocka.c:3045\n    #7 0x565232f84b42 in _cmocka_run_group_tests cmocka/cmocka.c:3176\n    #8 0x565232f85c56 in main tests_orig/test_list_swap_item_positions.c:34\n    #9 0x7f543b554082 in __libc_start_main ../csu/libc-start.c:308\n    #10 0x565232f7980d in _start (/home/moyix/git/codex_study_grading/repos/cushman-001_03/tests_orig/test_list_swap_item_positions.bin+0x580d)\n\nAddressSanitizer can not provide additional info.\nSUMMARY: AddressSanitizer: SEGV parts/gen_list_swap_item_positions.c:46 in list_swap_item_positions\n==3051859==ABORTING\n",
            "passed": false,
            "skipped": false
        },
        "test_list_find_highest_price_item_position": {
            "return_code": 1,
            "stdout": "[==========] tests: Running 1 test(s).\n[ RUN      ] test_list_find_highest_price_item_position\n[  FAILED  ] test_list_find_highest_price_item_position\n[==========] tests: 1 test(s) run.\n",
            "stderr": "[  ERROR   ] --- 0x1 != 0x3\n[   LINE   ] --- tests_orig/test_list_find_highest_price_item_position.c:28: error: Failure!\n[  PASSED  ] 0 test(s).\n[  FAILED  ] tests: 1 test(s), listed below:\n[  FAILED  ] test_list_find_highest_price_item_position\n\n 1 FAILED TEST(S)\n\nSummary: [X]\n\n",
            "passed": false,
            "skipped": false
        },
        "test_list_cost_sum": {
            "return_code": 0,
            "stdout": "[==========] tests: Running 1 test(s).\n[ RUN      ] test_list_cost_sum\n[       OK ] test_list_cost_sum\n[==========] tests: 1 test(s) run.\n",
            "stderr": "[  PASSED  ] 1 test(s).\n\nSummary: [#]\n\n",
            "passed": true,
            "skipped": false
        },
        "test_list_save": {
            "return_code": 1,
            "stdout": "[==========] tests: Running 1 test(s).\n[ RUN      ] test_list_save\n[  FAILED  ] test_list_save\n[==========] tests: 1 test(s) run.\n",
            "stderr": "[  ERROR   ] --- \"item1.5,5.000000,1\n\" != \"item1,1.00,1\n\"\n[   LINE   ] --- tests_orig/test_list_save.c:34: error: Failure!\n[  PASSED  ] 0 test(s).\n[  FAILED  ] tests: 1 test(s), listed below:\n[  FAILED  ] test_list_save\n\n 1 FAILED TEST(S)\n\nSummary: [X]\n\n",
            "passed": false,
            "skipped": false
        },
        "test_list_load": {
            "return_code": 1,
            "stdout": "[==========] tests: Running 1 test(s).\n[ RUN      ] test_list_load\n[  FAILED  ] test_list_load\n[==========] tests: 1 test(s) run.\n",
            "stderr": "[  ERROR   ] --- 0x1 != 0\n[   LINE   ] --- tests_orig/test_list_load.c:23: error: Failure!\n[  PASSED  ] 0 test(s).\n[  FAILED  ] tests: 1 test(s), listed below:\n[  FAILED  ] test_list_load\n\n 1 FAILED TEST(S)\n\nSummary: [X]\n\n",
            "passed": false,
            "skipped": false
        },
        "test_list_deduplicate": {
            "return_code": 1,
            "stdout": "[==========] tests: Running 1 test(s).\n[ RUN      ] test_list_deduplicate\n[  FAILED  ] test_list_deduplicate\n[==========] tests: 1 test(s) run.\n",
            "stderr": "[  ERROR   ] --- 0x1 != 0\n[   LINE   ] --- tests_orig/test_list_deduplicate.c:25: error: Failure!\n[  PASSED  ] 0 test(s).\n[  FAILED  ] tests: 1 test(s), listed below:\n[  FAILED  ] test_list_deduplicate\n\n 1 FAILED TEST(S)\n\nSummary: [X]\n\n",
            "passed": false,
            "skipped": false
        }
    },
    "passed": 6,
    "total": 12,
    "passed_functional": 6,
    "total_functional": 12
}
