{
    "results": {
        "test_list_init": {
            "return_code": 0,
            "stdout": "[==========] tests: Running 1 test(s).\n[ RUN      ] test_list_init\n[       OK ] test_list_init\n[==========] tests: 1 test(s) run.\n",
            "stderr": "[  PASSED  ] 1 test(s).\n\nSummary: [#]\n\n",
            "passed": true,
            "skipped": false
        },
        "test_list_add_item_at_pos": {
            "return_code": 1,
            "stdout": "[==========] tests: Running 1 test(s).\n[ RUN      ] test_list_add_item_at_pos\n[  FAILED  ] test_list_add_item_at_pos\n[==========] tests: 1 test(s) run.\n",
            "stderr": "[  ERROR   ] --- 0x1 != 0\n[   LINE   ] --- tests_orig/test_list_add_item_at_pos.c:23: error: Failure!\n[  PASSED  ] 0 test(s).\n[  FAILED  ] tests: 1 test(s), listed below:\n[  FAILED  ] test_list_add_item_at_pos\n\n 1 FAILED TEST(S)\n\nSummary: [X]\n\n",
            "passed": false,
            "skipped": false
        },
        "test_list_item_to_string": {
            "return_code": 0,
            "stdout": "[==========] tests: Running 1 test(s).\n[ RUN      ] test_list_item_to_string\n[       OK ] test_list_item_to_string\n[==========] tests: 1 test(s) run.\n",
            "stderr": "[  PASSED  ] 1 test(s).\n\nSummary: [#]\n\n",
            "passed": true,
            "skipped": false
        },
        "test_list_print": {
            "return_code": 1,
            "stdout": "[==========] tests: Running 1 test(s).\n[ RUN      ] test_list_print\n[  FAILED  ] test_list_print\n[==========] tests: 1 test(s) run.\n",
            "stderr": "[  ERROR   ] --- \"0: 3 * banana @ $1.00 ea\n1: 2 * orange @ $2.00 ea\n2: 4 * apple @ $3.00 ea\n\" != \"1: 3 * banana @ $1.00 ea\n2: 2 * orange @ $2.00 ea\n3: 4 * apple @ $3.00 ea\n\"\n[   LINE   ] --- tests_orig/test_list_print.c:32: error: Failure!\n[  PASSED  ] 0 test(s).\n[  FAILED  ] tests: 1 test(s), listed below:\n[  FAILED  ] test_list_print\n\n 1 FAILED TEST(S)\n\nSummary: [X]\n\n",
            "passed": false,
            "skipped": false
        },
        "test_list_update_item_at_pos": {
            "return_code": 0,
            "stdout": "[==========] tests: Running 1 test(s).\n[ RUN      ] test_list_update_item_at_pos\n[       OK ] test_list_update_item_at_pos\n[==========] tests: 1 test(s) run.\n",
            "stderr": "[  PASSED  ] 1 test(s).\n\nSummary: [#]\n\n",
            "passed": true,
            "skipped": false
        },
        "test_list_remove_item_at_pos": {
            "return_code": 0,
            "stdout": "[==========] tests: Running 1 test(s).\n[ RUN      ] test_list_remove_item_at_pos\n[       OK ] test_list_remove_item_at_pos\n[==========] tests: 1 test(s) run.\n",
            "stderr": "[  PASSED  ] 1 test(s).\n\nSummary: [#]\n\n",
            "passed": true,
            "skipped": false
        },
        "test_list_swap_item_positions": {
            "return_code": 1,
            "stdout": "[==========] tests: Running 1 test(s).\n[ RUN      ] test_list_swap_item_positions\n[  FAILED  ] test_list_swap_item_positions\n[==========] tests: 1 test(s) run.\n",
            "stderr": "[  ERROR   ] --- \"item1\" != \"item2\"\n[   LINE   ] --- tests_orig/test_list_swap_item_positions.c:26: error: Failure!\n[  PASSED  ] 0 test(s).\n[  FAILED  ] tests: 1 test(s), listed below:\n[  FAILED  ] test_list_swap_item_positions\n\n 1 FAILED TEST(S)\n\nSummary: [X]\n\n",
            "passed": false,
            "skipped": false
        },
        "test_list_find_highest_price_item_position": {
            "return_code": 1,
            "stdout": "[==========] tests: Running 1 test(s).\n[ RUN      ] test_list_find_highest_price_item_position\n[  FAILED  ] test_list_find_highest_price_item_position\n[==========] tests: 1 test(s) run.\n",
            "stderr": "[  ERROR   ] --- 0x2 != 0x3\n[   LINE   ] --- tests_orig/test_list_find_highest_price_item_position.c:28: error: Failure!\n[  PASSED  ] 0 test(s).\n[  FAILED  ] tests: 1 test(s), listed below:\n[  FAILED  ] test_list_find_highest_price_item_position\n\n 1 FAILED TEST(S)\n\nSummary: [X]\n\n",
            "passed": false,
            "skipped": false
        },
        "test_list_cost_sum": {
            "return_code": 0,
            "stdout": "[==========] tests: Running 1 test(s).\n[ RUN      ] test_list_cost_sum\n[       OK ] test_list_cost_sum\n[==========] tests: 1 test(s) run.\n",
            "stderr": "[  PASSED  ] 1 test(s).\n\nSummary: [#]\n\n",
            "passed": true,
            "skipped": false
        },
        "test_list_save": {
            "return_code": 0,
            "stdout": "[==========] tests: Running 1 test(s).\n[ RUN      ] test_list_save\n[       OK ] test_list_save\n[==========] tests: 1 test(s) run.\n",
            "stderr": "[  PASSED  ] 1 test(s).\n\nSummary: [#]\n\n",
            "passed": true,
            "skipped": false
        },
        "test_list_load": {
            "return_code": 1,
            "stdout": "[==========] tests: Running 1 test(s).\n[ RUN      ] test_list_load\n",
            "stderr": "AddressSanitizer:DEADLYSIGNAL\n=================================================================\n==3050816==ERROR: AddressSanitizer: SEGV on unknown address 0x000000000000 (pc 0x55debd5bbaf9 bp 0x7ffe2043a070 sp 0x7ffe20439fd0 T0)\n==3050816==The signal is caused by a READ memory access.\n==3050816==Hint: address points to the zero page.\n    #0 0x55debd5bbaf8 in test_list_load tests_orig/test_list_load.c:28\n    #1 0x55debd5b9dac in cmocka_run_one_test_or_fixture cmocka/cmocka.c:2937\n    #2 0x55debd5ba2e1 in cmocka_run_one_tests cmocka/cmocka.c:3045\n    #3 0x55debd5bad25 in _cmocka_run_group_tests cmocka/cmocka.c:3176\n    #4 0x55debd5bc2cd in main tests_orig/test_list_load.c:44\n    #5 0x7f86b8a91082 in __libc_start_main ../csu/libc-start.c:308\n    #6 0x55debd5af86d in _start (/home/moyix/git/codex_study_grading/repos/davinci-001_03/tests_orig/test_list_load.bin+0x686d)\n\nAddressSanitizer can not provide additional info.\nSUMMARY: AddressSanitizer: SEGV tests_orig/test_list_load.c:28 in test_list_load\n==3050816==ABORTING\n",
            "passed": false,
            "skipped": false
        },
        "test_list_deduplicate": {
            "return_code": 1,
            "stdout": "[==========] tests: Running 1 test(s).\n[ RUN      ] test_list_deduplicate\n[  FAILED  ] test_list_deduplicate\n[==========] tests: 1 test(s) run.\n",
            "stderr": "[  ERROR   ] --- head->next\n[   LINE   ] --- tests_orig/test_list_deduplicate.c:29: error: Failure!\n[  PASSED  ] 0 test(s).\n[  FAILED  ] tests: 1 test(s), listed below:\n[  FAILED  ] test_list_deduplicate\n\n 1 FAILED TEST(S)\n\nSummary: [X]\n\n",
            "passed": false,
            "skipped": false
        }
    },
    "passed": 6,
    "total": 12,
    "passed_functional": 6,
    "total_functional": 12
}
