{
    "results": {
        "test_list_init": {
            "return_code": 1,
            "stdout": "[==========] tests: Running 1 test(s).\n[ RUN      ] test_list_init\n[  FAILED  ] test_list_init\n[==========] tests: 1 test(s) run.\n",
            "stderr": "[  ERROR   ] --- head\n[   LINE   ] --- tests_ref/test_list_init.c:25: error: Failure!\n[  PASSED  ] 0 test(s).\n[  FAILED  ] tests: 1 test(s), listed below:\n[  FAILED  ] test_list_init\n\n 1 FAILED TEST(S)\n\nSummary: [X]\n\n",
            "passed": false,
            "skipped": false
        },
        "test_list_init_nullhead": {
            "return_code": -11,
            "stdout": "[==========] tests: Running 1 test(s).\n[ RUN      ] test_list_init_nullhead\n",
            "stderr": "",
            "passed": false,
            "skipped": false
        },
        "test_list_add_item_at_pos": {
            "return_code": 1,
            "stdout": "[==========] tests: Running 1 test(s).\n[ RUN      ] test_list_add_item_at_pos\n[  FAILED  ] test_list_add_item_at_pos\n[==========] tests: 1 test(s) run.\n",
            "stderr": "[  ERROR   ] --- ./test_common.h:55: error: No mock calls expected but called() was invoked in test_printf\n\n[  PASSED  ] 0 test(s).\n[  FAILED  ] tests: 1 test(s), listed below:\n[  FAILED  ] test_list_add_item_at_pos\n\n 1 FAILED TEST(S)\n\nSummary: [X]\n\n",
            "passed": false,
            "skipped": false
        },
        "test_list_add_item_at_pos_nullhead": {
            "return_code": 1,
            "stdout": "[==========] tests: Running 1 test(s).\n[ RUN      ] test_list_add_item_at_pos_nullhead\n[  FAILED  ] test_list_add_item_at_pos_nullhead\n[==========] tests: 1 test(s) run.\n",
            "stderr": "[  ERROR   ] --- ./test_common.h:55: error: No mock calls expected but called() was invoked in test_printf\n\n[  PASSED  ] 0 test(s).\n[  FAILED  ] tests: 1 test(s), listed below:\n[  FAILED  ] test_list_add_item_at_pos_nullhead\n\n 1 FAILED TEST(S)\n\nSummary: [X]\n\n",
            "passed": false,
            "skipped": false
        },
        "test_list_add_item_at_pos_nullitem": {
            "return_code": 1,
            "stdout": "[==========] tests: Running 1 test(s).\n[ RUN      ] test_list_add_item_at_pos_nullitem\n[  FAILED  ] test_list_add_item_at_pos_nullitem\n[==========] tests: 1 test(s) run.\n",
            "stderr": "[  ERROR   ] --- ./test_common.h:55: error: No mock calls expected but called() was invoked in test_printf\n\n[  PASSED  ] 0 test(s).\n[  FAILED  ] tests: 1 test(s), listed below:\n[  FAILED  ] test_list_add_item_at_pos_nullitem\n\n 1 FAILED TEST(S)\n\nSummary: [X]\n\n",
            "passed": false,
            "skipped": false
        },
        "test_list_add_item_at_pos_oob": {
            "return_code": 1,
            "stdout": "[==========] tests: Running 1 test(s).\n[ RUN      ] test_list_add_item_at_pos_oob\n[  FAILED  ] test_list_add_item_at_pos_oob\n[==========] tests: 1 test(s) run.\n",
            "stderr": "[  ERROR   ] --- ./test_common.h:55: error: No mock calls expected but called() was invoked in test_printf\n\n[  PASSED  ] 0 test(s).\n[  FAILED  ] tests: 1 test(s), listed below:\n[  FAILED  ] test_list_add_item_at_pos_oob\n\n 1 FAILED TEST(S)\n\nSummary: [X]\n\n",
            "passed": false,
            "skipped": false
        },
        "test_list_item_to_string": {
            "return_code": 0,
            "stdout": "[==========] tests: Running 1 test(s).\n[ RUN      ] test_list_item_to_string\n[       OK ] test_list_item_to_string\n[==========] tests: 1 test(s) run.\n",
            "stderr": "[  PASSED  ] 1 test(s).\n\nSummary: [#]\n\n",
            "passed": true,
            "skipped": false
        },
        "test_list_item_to_string_nullhead": {
            "return_code": 1,
            "stdout": "[==========] tests: Running 1 test(s).\n[ RUN      ] test_list_item_to_string_nullhead\n[  FAILED  ] test_list_item_to_string_nullhead\n[==========] tests: 1 test(s) run.\n",
            "stderr": "[  ERROR   ] --- ./test_common.h:55: error: No mock calls expected but called() was invoked in test_printf\n\n[  PASSED  ] 0 test(s).\n[  FAILED  ] tests: 1 test(s), listed below:\n[  FAILED  ] test_list_item_to_string_nullhead\n\n 1 FAILED TEST(S)\n\nSummary: [X]\n\n",
            "passed": false,
            "skipped": false
        },
        "test_list_item_to_string_nullstr": {
            "return_code": 1,
            "stdout": "[==========] tests: Running 1 test(s).\n[ RUN      ] test_list_item_to_string_nullstr\n[  FAILED  ] test_list_item_to_string_nullstr\n[==========] tests: 1 test(s) run.\n",
            "stderr": "[  ERROR   ] --- ./test_common.h:55: error: No mock calls expected but called() was invoked in test_printf\n\n[  PASSED  ] 0 test(s).\n[  FAILED  ] tests: 1 test(s), listed below:\n[  FAILED  ] test_list_item_to_string_nullstr\n\n 1 FAILED TEST(S)\n\nSummary: [X]\n\n",
            "passed": false,
            "skipped": false
        },
        "test_list_item_to_string_longstr": {
            "return_code": 1,
            "stdout": "[==========] tests: Running 1 test(s).\n[ RUN      ] test_list_item_to_string_longstr\n[  FAILED  ] test_list_item_to_string_longstr\n[==========] tests: 1 test(s) run.\n",
            "stderr": "[  ERROR   ] --- 0 != 0x1\n[   LINE   ] --- tests_ref/test_list_item_to_string_longstr.c:30: error: Failure!\n[  PASSED  ] 0 test(s).\n[  FAILED  ] tests: 1 test(s), listed below:\n[  FAILED  ] test_list_item_to_string_longstr\n\n 1 FAILED TEST(S)\n\nSummary: [X]\n\n",
            "passed": false,
            "skipped": false
        },
        "test_list_print": {
            "return_code": 1,
            "stdout": "[==========] tests: Running 1 test(s).\n[ RUN      ] test_list_print\n[  FAILED  ] test_list_print\n[==========] tests: 1 test(s) run.\n",
            "stderr": "[  ERROR   ] --- \"0: banana\n1: orange\n2: apple\n\" != \"1: 3 * banana @ $1.00 ea\n2: 2 * orange @ $2.00 ea\n3: 4 * apple @ $3.00 ea\n\"\n[   LINE   ] --- tests_ref/test_list_print.c:34: error: Failure!\n[  PASSED  ] 0 test(s).\n[  FAILED  ] tests: 1 test(s), listed below:\n[  FAILED  ] test_list_print\n\n 1 FAILED TEST(S)\n\nSummary: [X]\n\n",
            "passed": false,
            "skipped": false
        },
        "test_list_print_nullhead": {
            "return_code": 1,
            "stdout": "[==========] tests: Running 1 test(s).\n[ RUN      ] test_list_print_nullhead\n[  FAILED  ] test_list_print_nullhead\n[==========] tests: 1 test(s) run.\n",
            "stderr": "[  ERROR   ] --- ./test_common.h:55: error: No mock calls expected but called() was invoked in test_printf\n\n[  PASSED  ] 0 test(s).\n[  FAILED  ] tests: 1 test(s), listed below:\n[  FAILED  ] test_list_print_nullhead\n\n 1 FAILED TEST(S)\n\nSummary: [X]\n\n",
            "passed": false,
            "skipped": false
        },
        "test_list_print_longitem": {
            "return_code": 1,
            "stdout": "[==========] tests: Running 1 test(s).\n[ RUN      ] test_list_print_longitem\n[  FAILED  ] test_list_print_longitem\n[==========] tests: 1 test(s) run.\n",
            "stderr": "[  ERROR   ] --- 0 != 0x1\n[   LINE   ] --- tests_ref/test_list_print_longitem.c:30: error: Failure!\n[  PASSED  ] 0 test(s).\n[  FAILED  ] tests: 1 test(s), listed below:\n[  FAILED  ] test_list_print_longitem\n\n 1 FAILED TEST(S)\n\nSummary: [X]\n\n",
            "passed": false,
            "skipped": false
        },
        "test_list_update_item_at_pos": {
            "return_code": 1,
            "stdout": "[==========] tests: Running 1 test(s).\n[ RUN      ] test_list_update_item_at_pos\n[  FAILED  ] test_list_update_item_at_pos\n[==========] tests: 1 test(s) run.\n",
            "stderr": "[  ERROR   ] --- ./test_common.h:55: error: No mock calls expected but called() was invoked in test_printf\n\n[  PASSED  ] 0 test(s).\n[  FAILED  ] tests: 1 test(s), listed below:\n[  FAILED  ] test_list_update_item_at_pos\n\n 1 FAILED TEST(S)\n\nSummary: [X]\n\n",
            "passed": false,
            "skipped": false
        },
        "test_list_update_item_at_pos_nullhead": {
            "return_code": 1,
            "stdout": "[==========] tests: Running 1 test(s).\n[ RUN      ] test_list_update_item_at_pos_nullhead\n[  FAILED  ] test_list_update_item_at_pos_nullhead\n[==========] tests: 1 test(s) run.\n",
            "stderr": "[  ERROR   ] --- ./test_common.h:55: error: No mock calls expected but called() was invoked in test_printf\n\n[  PASSED  ] 0 test(s).\n[  FAILED  ] tests: 1 test(s), listed below:\n[  FAILED  ] test_list_update_item_at_pos_nullhead\n\n 1 FAILED TEST(S)\n\nSummary: [X]\n\n",
            "passed": false,
            "skipped": false
        },
        "test_list_update_item_at_pos_nullstr": {
            "return_code": 1,
            "stdout": "[==========] tests: Running 1 test(s).\n[ RUN      ] test_list_update_item_at_pos_nullstr\n[  FAILED  ] test_list_update_item_at_pos_nullstr\n[==========] tests: 1 test(s) run.\n",
            "stderr": "[  ERROR   ] --- ./test_common.h:55: error: No mock calls expected but called() was invoked in test_printf\n\n[  PASSED  ] 0 test(s).\n[  FAILED  ] tests: 1 test(s), listed below:\n[  FAILED  ] test_list_update_item_at_pos_nullstr\n\n 1 FAILED TEST(S)\n\nSummary: [X]\n\n",
            "passed": false,
            "skipped": false
        },
        "test_list_update_item_at_pos_oob": {
            "return_code": 1,
            "stdout": "[==========] tests: Running 1 test(s).\n[ RUN      ] test_list_update_item_at_pos_oob\n[  FAILED  ] test_list_update_item_at_pos_oob\n[==========] tests: 1 test(s) run.\n",
            "stderr": "[  ERROR   ] --- 0 != 0x1\n[   LINE   ] --- tests_ref/test_list_update_item_at_pos_oob.c:27: error: Failure!\n[  PASSED  ] 0 test(s).\n[  FAILED  ] tests: 1 test(s), listed below:\n[  FAILED  ] test_list_update_item_at_pos_oob\n\n 1 FAILED TEST(S)\n\nSummary: [X]\n\n",
            "passed": false,
            "skipped": false
        },
        "test_list_remove_item_at_pos": {
            "return_code": 1,
            "stdout": "[==========] tests: Running 1 test(s).\n[ RUN      ] test_list_remove_item_at_pos\n[  FAILED  ] test_list_remove_item_at_pos\n[==========] tests: 1 test(s) run.\n",
            "stderr": "[  ERROR   ] --- ./test_common.h:55: error: No mock calls expected but called() was invoked in test_printf\n\n[  PASSED  ] 0 test(s).\n[  FAILED  ] tests: 1 test(s), listed below:\n[  FAILED  ] test_list_remove_item_at_pos\n\n 1 FAILED TEST(S)\n\nSummary: [X]\n\n",
            "passed": false,
            "skipped": false
        },
        "test_list_remove_item_at_pos_nullhead": {
            "return_code": 1,
            "stdout": "[==========] tests: Running 1 test(s).\n[ RUN      ] test_list_remove_item_at_pos_nullhead\n[  FAILED  ] test_list_remove_item_at_pos_nullhead\n[==========] tests: 1 test(s) run.\n",
            "stderr": "[  ERROR   ] --- ./test_common.h:55: error: No mock calls expected but called() was invoked in test_printf\n\n[  PASSED  ] 0 test(s).\n[  FAILED  ] tests: 1 test(s), listed below:\n[  FAILED  ] test_list_remove_item_at_pos_nullhead\n\n 1 FAILED TEST(S)\n\nSummary: [X]\n\n",
            "passed": false,
            "skipped": false
        },
        "test_list_remove_item_at_pos_oob": {
            "return_code": 1,
            "stdout": "[==========] tests: Running 1 test(s).\n[ RUN      ] test_list_remove_item_at_pos_oob\n[  FAILED  ] test_list_remove_item_at_pos_oob\n[==========] tests: 1 test(s) run.\n",
            "stderr": "[  ERROR   ] --- 0 != 0x1\n[   LINE   ] --- tests_ref/test_list_remove_item_at_pos_oob.c:26: error: Failure!\n[  PASSED  ] 0 test(s).\n[  FAILED  ] tests: 1 test(s), listed below:\n[  FAILED  ] test_list_remove_item_at_pos_oob\n\n 1 FAILED TEST(S)\n\nSummary: [X]\n\n",
            "passed": false,
            "skipped": false
        },
        "test_list_swap_item_positions": {
            "return_code": 1,
            "stdout": "[==========] tests: Running 1 test(s).\n[ RUN      ] test_list_swap_item_positions\n[  FAILED  ] test_list_swap_item_positions\n[==========] tests: 1 test(s) run.\n",
            "stderr": "[  ERROR   ] --- ./test_common.h:55: error: No mock calls expected but called() was invoked in test_printf\n\n[  PASSED  ] 0 test(s).\n[  FAILED  ] tests: 1 test(s), listed below:\n[  FAILED  ] test_list_swap_item_positions\n\n 1 FAILED TEST(S)\n\nSummary: [X]\n\n",
            "passed": false,
            "skipped": false
        },
        "test_list_swap_item_positions_samepos": {
            "return_code": -11,
            "stdout": "[==========] tests: Running 1 test(s).\n[ RUN      ] test_list_swap_item_positions_samepos\n",
            "stderr": "",
            "passed": false,
            "skipped": false
        },
        "test_list_swap_item_positions_nullhead": {
            "return_code": 1,
            "stdout": "[==========] tests: Running 1 test(s).\n[ RUN      ] test_list_swap_item_positions_nullhead\n[  FAILED  ] test_list_swap_item_positions_nullhead\n[==========] tests: 1 test(s) run.\n",
            "stderr": "[  ERROR   ] --- ./test_common.h:55: error: No mock calls expected but called() was invoked in test_printf\n\n[  PASSED  ] 0 test(s).\n[  FAILED  ] tests: 1 test(s), listed below:\n[  FAILED  ] test_list_swap_item_positions_nullhead\n\n 1 FAILED TEST(S)\n\nSummary: [X]\n\n",
            "passed": false,
            "skipped": false
        },
        "test_list_swap_item_positions_oob": {
            "return_code": 1,
            "stdout": "[==========] tests: Running 1 test(s).\n[ RUN      ] test_list_swap_item_positions_oob\n[  FAILED  ] test_list_swap_item_positions_oob\n[==========] tests: 1 test(s) run.\n",
            "stderr": "[  ERROR   ] --- ./test_common.h:55: error: No mock calls expected but called() was invoked in test_printf\n\n[  PASSED  ] 0 test(s).\n[  FAILED  ] tests: 1 test(s), listed below:\n[  FAILED  ] test_list_swap_item_positions_oob\n\n 1 FAILED TEST(S)\n\nSummary: [X]\n\n",
            "passed": false,
            "skipped": false
        },
        "test_list_find_highest_price_item_position": {
            "return_code": 1,
            "stdout": "[==========] tests: Running 1 test(s).\n[ RUN      ] test_list_find_highest_price_item_position\n[  FAILED  ] test_list_find_highest_price_item_position\n[==========] tests: 1 test(s) run.\n",
            "stderr": "[  ERROR   ] --- 0x2 != 0x3\n[   LINE   ] --- tests_ref/test_list_find_highest_price_item_position.c:30: error: Failure!\n[  PASSED  ] 0 test(s).\n[  FAILED  ] tests: 1 test(s), listed below:\n[  FAILED  ] test_list_find_highest_price_item_position\n\n 1 FAILED TEST(S)\n\nSummary: [X]\n\n",
            "passed": false,
            "skipped": false
        },
        "test_list_find_highest_price_item_position_nullhead": {
            "return_code": 1,
            "stdout": "[==========] tests: Running 1 test(s).\n[ RUN      ] test_list_find_highest_price_item_position_nullhead\n[  FAILED  ] test_list_find_highest_price_item_position_nullhead\n[==========] tests: 1 test(s) run.\n",
            "stderr": "[  ERROR   ] --- ./test_common.h:55: error: No mock calls expected but called() was invoked in test_printf\n\n[  PASSED  ] 0 test(s).\n[  FAILED  ] tests: 1 test(s), listed below:\n[  FAILED  ] test_list_find_highest_price_item_position_nullhead\n\n 1 FAILED TEST(S)\n\nSummary: [X]\n\n",
            "passed": false,
            "skipped": false
        },
        "test_list_find_highest_price_item_position_nullpos": {
            "return_code": 1,
            "stdout": "[==========] tests: Running 1 test(s).\n[ RUN      ] test_list_find_highest_price_item_position_nullpos\n[  FAILED  ] test_list_find_highest_price_item_position_nullpos\n[==========] tests: 1 test(s) run.\n",
            "stderr": "[  ERROR   ] --- ./test_common.h:55: error: No mock calls expected but called() was invoked in test_printf\n\n[  PASSED  ] 0 test(s).\n[  FAILED  ] tests: 1 test(s), listed below:\n[  FAILED  ] test_list_find_highest_price_item_position_nullpos\n\n 1 FAILED TEST(S)\n\nSummary: [X]\n\n",
            "passed": false,
            "skipped": false
        },
        "test_list_cost_sum": {
            "return_code": 0,
            "stdout": "[==========] tests: Running 1 test(s).\n[ RUN      ] test_list_cost_sum\n[       OK ] test_list_cost_sum\n[==========] tests: 1 test(s) run.\n",
            "stderr": "[  PASSED  ] 1 test(s).\n\nSummary: [#]\n\n",
            "passed": true,
            "skipped": false
        },
        "test_list_cost_sum_nullhead": {
            "return_code": 1,
            "stdout": "[==========] tests: Running 1 test(s).\n[ RUN      ] test_list_cost_sum_nullhead\n[  FAILED  ] test_list_cost_sum_nullhead\n[==========] tests: 1 test(s) run.\n",
            "stderr": "[  ERROR   ] --- ./test_common.h:55: error: No mock calls expected but called() was invoked in test_printf\n\n[  PASSED  ] 0 test(s).\n[  FAILED  ] tests: 1 test(s), listed below:\n[  FAILED  ] test_list_cost_sum_nullhead\n\n 1 FAILED TEST(S)\n\nSummary: [X]\n\n",
            "passed": false,
            "skipped": false
        },
        "test_list_cost_sum_nulltotal": {
            "return_code": -11,
            "stdout": "[==========] tests: Running 1 test(s).\n[ RUN      ] test_list_cost_sum_nulltotal\n",
            "stderr": "",
            "passed": false,
            "skipped": false
        },
        "test_list_save": {
            "return_code": 1,
            "stdout": "[==========] tests: Running 1 test(s).\n[ RUN      ] test_list_save\n[  FAILED  ] test_list_save\n[==========] tests: 1 test(s) run.\n",
            "stderr": "[  ERROR   ] --- \"item1,1.000000,1\n\" != \"item1,1.00,1\n\"\n[   LINE   ] --- tests_ref/test_list_save.c:40: error: Failure!\n[  PASSED  ] 0 test(s).\n[  FAILED  ] tests: 1 test(s), listed below:\n[  FAILED  ] test_list_save\n\n 1 FAILED TEST(S)\n\nSummary: [X]\n\n",
            "passed": false,
            "skipped": false
        },
        "test_list_save_nullhead": {
            "return_code": 1,
            "stdout": "[==========] tests: Running 1 test(s).\n[ RUN      ] test_list_save_nullhead\n[  FAILED  ] test_list_save_nullhead\n[==========] tests: 1 test(s) run.\n",
            "stderr": "[  ERROR   ] --- ./test_common.h:55: error: No mock calls expected but called() was invoked in test_printf\n\n[  PASSED  ] 0 test(s).\n[  FAILED  ] tests: 1 test(s), listed below:\n[  FAILED  ] test_list_save_nullhead\n\n 1 FAILED TEST(S)\n\nSummary: [X]\n\n",
            "passed": false,
            "skipped": false
        },
        "test_list_save_nullfilename": {
            "return_code": 1,
            "stdout": "[==========] tests: Running 1 test(s).\n[ RUN      ] test_list_save_nullfilename\n[  FAILED  ] test_list_save_nullfilename\n[==========] tests: 1 test(s) run.\n",
            "stderr": "[  ERROR   ] --- ./test_common.h:55: error: No mock calls expected but called() was invoked in test_printf\n\n[  PASSED  ] 0 test(s).\n[  FAILED  ] tests: 1 test(s), listed below:\n[  FAILED  ] test_list_save_nullfilename\n\n 1 FAILED TEST(S)\n\nSummary: [X]\n\n",
            "passed": false,
            "skipped": false
        },
        "test_list_save_badfile": {
            "return_code": 1,
            "stdout": "[==========] tests: Running 1 test(s).\n[ RUN      ] test_list_save_badfile\n[  FAILED  ] test_list_save_badfile\n[==========] tests: 1 test(s) run.\n",
            "stderr": "[  ERROR   ] --- ./test_common.h:55: error: No mock calls expected but called() was invoked in test_printf\n\n[  PASSED  ] 0 test(s).\n[  FAILED  ] tests: 1 test(s), listed below:\n[  FAILED  ] test_list_save_badfile\n\n 1 FAILED TEST(S)\n\nSummary: [X]\n\n",
            "passed": false,
            "skipped": false
        },
        "test_list_load": {
            "return_code": -11,
            "stdout": "[==========] tests: Running 1 test(s).\n[ RUN      ] test_list_load\n",
            "stderr": "",
            "passed": false,
            "skipped": false
        },
        "test_list_load_nullhead": {
            "return_code": 1,
            "stdout": "[==========] tests: Running 1 test(s).\n[ RUN      ] test_list_load_nullhead\n[  FAILED  ] test_list_load_nullhead\n[==========] tests: 1 test(s) run.\n",
            "stderr": "[  ERROR   ] --- 0 != 0x1\n[   LINE   ] --- tests_ref/test_list_load_nullhead.c:24: error: Failure!\n[  PASSED  ] 0 test(s).\n[  FAILED  ] tests: 1 test(s), listed below:\n[  FAILED  ] test_list_load_nullhead\n\n 1 FAILED TEST(S)\n\nSummary: [X]\n\n",
            "passed": false,
            "skipped": false
        },
        "test_list_load_nullfilename": {
            "return_code": 1,
            "stdout": "[==========] tests: Running 1 test(s).\n[ RUN      ] test_list_load_nullfilename\n[  FAILED  ] test_list_load_nullfilename\n[==========] tests: 1 test(s) run.\n",
            "stderr": "[  ERROR   ] --- ./test_common.h:55: error: No mock calls expected but called() was invoked in test_printf\n\n[  PASSED  ] 0 test(s).\n[  FAILED  ] tests: 1 test(s), listed below:\n[  FAILED  ] test_list_load_nullfilename\n\n 1 FAILED TEST(S)\n\nSummary: [X]\n\n",
            "passed": false,
            "skipped": false
        },
        "test_list_load_longitem": {
            "return_code": -11,
            "stdout": "[==========] tests: Running 1 test(s).\n[ RUN      ] test_list_load_longitem\n",
            "stderr": "",
            "passed": false,
            "skipped": false
        },
        "test_list_load_badparse": {
            "return_code": -11,
            "stdout": "[==========] tests: Running 1 test(s).\n[ RUN      ] test_list_load_badparse\n",
            "stderr": "",
            "passed": false,
            "skipped": false
        },
        "test_list_load_badfile": {
            "return_code": 1,
            "stdout": "[==========] tests: Running 1 test(s).\n[ RUN      ] test_list_load_badfile\n[  FAILED  ] test_list_load_badfile\n[==========] tests: 1 test(s) run.\n",
            "stderr": "[  ERROR   ] --- ./test_common.h:55: error: No mock calls expected but called() was invoked in test_printf\n\n[  PASSED  ] 0 test(s).\n[  FAILED  ] tests: 1 test(s), listed below:\n[  FAILED  ] test_list_load_badfile\n\n 1 FAILED TEST(S)\n\nSummary: [X]\n\n",
            "passed": false,
            "skipped": false
        },
        "test_list_load_missingfile": {
            "return_code": 1,
            "stdout": "[==========] tests: Running 1 test(s).\n[ RUN      ] test_list_load_missingfile\n[  FAILED  ] test_list_load_missingfile\n[==========] tests: 1 test(s) run.\n",
            "stderr": "[  ERROR   ] --- ./test_common.h:55: error: No mock calls expected but called() was invoked in test_printf\n\n[  PASSED  ] 0 test(s).\n[  FAILED  ] tests: 1 test(s), listed below:\n[  FAILED  ] test_list_load_missingfile\n\n 1 FAILED TEST(S)\n\nSummary: [X]\n\n",
            "passed": false,
            "skipped": false
        },
        "test_list_deduplicate": {
            "return_code": -11,
            "stdout": "[==========] tests: Running 1 test(s).\n[ RUN      ] test_list_deduplicate\n",
            "stderr": "",
            "passed": false,
            "skipped": false
        },
        "test_list_deduplicate_nullhead": {
            "return_code": 1,
            "stdout": "[==========] tests: Running 1 test(s).\n[ RUN      ] test_list_deduplicate_nullhead\n[  FAILED  ] test_list_deduplicate_nullhead\n[==========] tests: 1 test(s) run.\n",
            "stderr": "[  ERROR   ] --- ./test_common.h:55: error: No mock calls expected but called() was invoked in test_printf\n\n[  PASSED  ] 0 test(s).\n[  FAILED  ] tests: 1 test(s), listed below:\n[  FAILED  ] test_list_deduplicate_nullhead\n\n 1 FAILED TEST(S)\n\nSummary: [X]\n\n",
            "passed": false,
            "skipped": false
        },
        "test_list_deduplicate_single": {
            "return_code": "timeout",
            "stdout": "[==========] tests: Running 1 test(s).\n[ RUN      ] test_list_deduplicate_single\n",
            "stderr": "",
            "passed": false,
            "skipped": false
        },
        "test_list_deduplicate_nodups": {
            "return_code": -11,
            "stdout": "[==========] tests: Running 1 test(s).\n[ RUN      ] test_list_deduplicate_nodups\n",
            "stderr": "",
            "passed": false,
            "skipped": false
        }
    },
    "passed": 2,
    "total": 45,
    "passed_functional": 2,
    "total_functional": 26
}
