{
    "results": {
        "test_list_init": {
            "return_code": "skipped: unimplemented",
            "stdout": "",
            "stderr": "",
            "passed": false,
            "skipped": true
        },
        "test_list_add_item_at_pos": {
            "return_code": 0,
            "stdout": "[==========] tests: Running 1 test(s).\n[ RUN      ] test_list_add_item_at_pos\n[       OK ] test_list_add_item_at_pos\n[==========] tests: 1 test(s) run.\n",
            "stderr": "[  PASSED  ] 1 test(s).\n\nSummary: [#]\n\n",
            "passed": true,
            "skipped": false
        },
        "test_list_item_to_string": {
            "return_code": 0,
            "stdout": "[==========] tests: Running 1 test(s).\n[ RUN      ] test_list_item_to_string\n[       OK ] test_list_item_to_string\n[==========] tests: 1 test(s) run.\n",
            "stderr": "[  PASSED  ] 1 test(s).\n\nSummary: [#]\n\n",
            "passed": true,
            "skipped": false
        },
        "test_list_print": {
            "return_code": 1,
            "stdout": "[==========] tests: Running 1 test(s).\n[ RUN      ] test_list_print\n[  FAILED  ] test_list_print\n[==========] tests: 1 test(s) run.\n",
            "stderr": "[  ERROR   ] --- \"\" != \"1: 3 * banana @ $1.00 ea\n2: 2 * orange @ $2.00 ea\n3: 4 * apple @ $3.00 ea\n\"\n[   LINE   ] --- tests_orig/test_list_print.c:32: error: Failure!\n[  PASSED  ] 0 test(s).\n[  FAILED  ] tests: 1 test(s), listed below:\n[  FAILED  ] test_list_print\n\n 1 FAILED TEST(S)\n\nSummary: [X]\n\n",
            "passed": false,
            "skipped": false
        },
        "test_list_update_item_at_pos": {
            "return_code": 0,
            "stdout": "[==========] tests: Running 1 test(s).\n[ RUN      ] test_list_update_item_at_pos\n[       OK ] test_list_update_item_at_pos\n[==========] tests: 1 test(s) run.\n",
            "stderr": "[  PASSED  ] 1 test(s).\n\nSummary: [#]\n\n",
            "passed": true,
            "skipped": false
        },
        "test_list_remove_item_at_pos": {
            "return_code": 1,
            "stdout": "[==========] tests: Running 1 test(s).\n[ RUN      ] test_list_remove_item_at_pos\n",
            "stderr": "AddressSanitizer:DEADLYSIGNAL\n=================================================================\n==3826356==ERROR: AddressSanitizer: SEGV on unknown address 0x000000000010 (pc 0x55707edba92d bp 0x7ffc0e7effc0 sp 0x7ffc0e7effa0 T0)\n==3826356==The signal is caused by a WRITE memory access.\n==3826356==Hint: address points to the zero page.\n    #0 0x55707edba92c in list_remove_item_at_pos parts/gen_list_remove_item_at_pos.c:41\n    #1 0x55707edc68d6 in test_list_remove_item_at_pos tests_orig/test_list_remove_item_at_pos.c:24\n    #2 0x55707edc4bd2 in cmocka_run_one_test_or_fixture cmocka/cmocka.c:2937\n    #3 0x55707edc5112 in cmocka_run_one_tests cmocka/cmocka.c:3045\n    #4 0x55707edc5b40 in _cmocka_run_group_tests cmocka/cmocka.c:3176\n    #5 0x55707edc6b20 in main tests_orig/test_list_remove_item_at_pos.c:32\n    #6 0x7f3883aa2fcf in __libc_start_call_main ../sysdeps/nptl/libc_start_call_main.h:58\n    #7 0x7f3883aa307c in __libc_start_main_impl ../csu/libc-start.c:409\n    #8 0x55707edba804 in _start (/home/gustavo/git/codex_study_grading/repos/74bd8618-cc17-42a6-8657-abebc4b6b500/tests_orig/test_list_remove_item_at_pos.bin+0x5804)\n\nAddressSanitizer can not provide additional info.\nSUMMARY: AddressSanitizer: SEGV parts/gen_list_remove_item_at_pos.c:41 in list_remove_item_at_pos\n==3826356==ABORTING\n",
            "passed": false,
            "skipped": false
        },
        "test_list_swap_item_positions": {
            "return_code": 1,
            "stdout": "[==========] tests: Running 1 test(s).\n[ RUN      ] test_list_swap_item_positions\n[  FAILED  ] test_list_swap_item_positions\n[==========] tests: 1 test(s) run.\n",
            "stderr": "[  ERROR   ] --- \"item1\" != \"item2\"\n[   LINE   ] --- tests_orig/test_list_swap_item_positions.c:26: error: Failure!\n[  PASSED  ] 0 test(s).\n[  FAILED  ] tests: 1 test(s), listed below:\n[  FAILED  ] test_list_swap_item_positions\n\n 1 FAILED TEST(S)\n\nSummary: [X]\n\n",
            "passed": false,
            "skipped": false
        },
        "test_list_find_highest_price_item_position": {
            "return_code": "skipped: unimplemented",
            "stdout": "",
            "stderr": "",
            "passed": false,
            "skipped": true
        },
        "test_list_cost_sum": {
            "return_code": "skipped: unimplemented",
            "stdout": "",
            "stderr": "",
            "passed": false,
            "skipped": true
        },
        "test_list_save": {
            "return_code": "skipped: unimplemented",
            "stdout": "",
            "stderr": "",
            "passed": false,
            "skipped": true
        },
        "test_list_load": {
            "return_code": "skipped: unimplemented",
            "stdout": "",
            "stderr": "",
            "passed": false,
            "skipped": true
        },
        "test_list_deduplicate": {
            "return_code": "skipped: unimplemented",
            "stdout": "",
            "stderr": "",
            "passed": false,
            "skipped": true
        }
    },
    "passed": 3,
    "total": 12,
    "passed_functional": 3,
    "total_functional": 12
}
