{
    "results": {
        "test_list_init": {
            "return_code": 1,
            "stdout": "[==========] tests: Running 1 test(s).\n[ RUN      ] test_list_init\n[  FAILED  ] test_list_init\n[==========] tests: 1 test(s) run.\n",
            "stderr": "[  ERROR   ] --- head\n[   LINE   ] --- tests_orig/test_list_init.c:23: error: Failure!\n[  PASSED  ] 0 test(s).\n[  FAILED  ] tests: 1 test(s), listed below:\n[  FAILED  ] test_list_init\n\n 1 FAILED TEST(S)\n\nSummary: [X]\n\n",
            "passed": false,
            "skipped": false
        },
        "test_list_add_item_at_pos": {
            "return_code": 1,
            "stdout": "[==========] tests: Running 1 test(s).\n[ RUN      ] test_list_add_item_at_pos\n[  FAILED  ] test_list_add_item_at_pos\n[==========] tests: 1 test(s) run.\n",
            "stderr": "[  ERROR   ] --- 0x1 != 0\n[   LINE   ] --- tests_orig/test_list_add_item_at_pos.c:23: error: Failure!\n[  PASSED  ] 0 test(s).\n[  FAILED  ] tests: 1 test(s), listed below:\n[  FAILED  ] test_list_add_item_at_pos\n\n 1 FAILED TEST(S)\n\nSummary: [X]\n\n",
            "passed": false,
            "skipped": false
        },
        "test_list_item_to_string": {
            "return_code": 1,
            "stdout": "[==========] tests: Running 1 test(s).\n[ RUN      ] test_list_item_to_string\n[  FAILED  ] test_list_item_to_string\n[==========] tests: 1 test(s) run.\n",
            "stderr": "list_item_to_string: string not long enough\n[  ERROR   ] --- 0x1 != 0\n[   LINE   ] --- tests_orig/test_list_item_to_string.c:25: error: Failure!\n[  PASSED  ] 0 test(s).\n[  FAILED  ] tests: 1 test(s), listed below:\n[  FAILED  ] test_list_item_to_string\n\n 1 FAILED TEST(S)\n\nSummary: [X]\n\n",
            "passed": false,
            "skipped": false
        },
        "test_list_print": {
            "return_code": 0,
            "stdout": "[==========] tests: Running 1 test(s).\n[ RUN      ] test_list_print\n[       OK ] test_list_print\n[==========] tests: 1 test(s) run.\n",
            "stderr": "[  PASSED  ] 1 test(s).\n\nSummary: [#]\n\n",
            "passed": true,
            "skipped": false
        },
        "test_list_update_item_at_pos": {
            "return_code": "skipped: unimplemented",
            "stdout": "",
            "stderr": "",
            "passed": false,
            "skipped": true
        },
        "test_list_remove_item_at_pos": {
            "return_code": 1,
            "stdout": "[==========] tests: Running 1 test(s).\n[ RUN      ] test_list_remove_item_at_pos\n[  FAILED  ] test_list_remove_item_at_pos\n[==========] tests: 1 test(s) run.\n",
            "stderr": "[  ERROR   ] --- 0x1 != 0\n[   LINE   ] --- tests_orig/test_list_remove_item_at_pos.c:24: error: Failure!\n[  PASSED  ] 0 test(s).\n[  FAILED  ] tests: 1 test(s), listed below:\n[  FAILED  ] test_list_remove_item_at_pos\n\n 1 FAILED TEST(S)\n\nSummary: [X]\n\n",
            "passed": false,
            "skipped": false
        },
        "test_list_swap_item_positions": {
            "return_code": "skipped: unimplemented",
            "stdout": "",
            "stderr": "",
            "passed": false,
            "skipped": true
        },
        "test_list_find_highest_price_item_position": {
            "return_code": 1,
            "stdout": "[==========] tests: Running 1 test(s).\n[ RUN      ] test_list_find_highest_price_item_position\n[  FAILED  ] test_list_find_highest_price_item_position\n[==========] tests: 1 test(s) run.\n",
            "stderr": "[  ERROR   ] --- 0x1 != 0\n[   LINE   ] --- tests_orig/test_list_find_highest_price_item_position.c:27: error: Failure!\n[  PASSED  ] 0 test(s).\n[  FAILED  ] tests: 1 test(s), listed below:\n[  FAILED  ] test_list_find_highest_price_item_position\n\n 1 FAILED TEST(S)\n\nSummary: [X]\n\n",
            "passed": false,
            "skipped": false
        },
        "test_list_cost_sum": {
            "return_code": 0,
            "stdout": "[==========] tests: Running 1 test(s).\n[ RUN      ] test_list_cost_sum\n[       OK ] test_list_cost_sum\n[==========] tests: 1 test(s) run.\n",
            "stderr": "[  PASSED  ] 1 test(s).\n\nSummary: [#]\n\n",
            "passed": true,
            "skipped": false
        },
        "test_list_save": {
            "return_code": 1,
            "stdout": "[==========] tests: Running 1 test(s).\n[ RUN      ] test_list_save\n[  FAILED  ] test_list_save\n[==========] tests: 1 test(s) run.\n",
            "stderr": "[  ERROR   ] --- \"1 * item1 @ $1.00 ea\n\" != \"item1,1.00,1\n\"\n[   LINE   ] --- tests_orig/test_list_save.c:34: error: Failure!\n[  PASSED  ] 0 test(s).\n[  FAILED  ] tests: 1 test(s), listed below:\n[  FAILED  ] test_list_save\n\n 1 FAILED TEST(S)\n\nSummary: [X]\n\n",
            "passed": false,
            "skipped": false
        },
        "test_list_load": {
            "return_code": 1,
            "stdout": "[==========] tests: Running 1 test(s).\n[ RUN      ] test_list_load\n[  FAILED  ] test_list_load\n[==========] tests: 1 test(s) run.\n",
            "stderr": "list_load: node is null\n[  ERROR   ] --- 0x1 != 0\n[   LINE   ] --- tests_orig/test_list_load.c:23: error: Failure!\n[  PASSED  ] 0 test(s).\n[  FAILED  ] tests: 1 test(s), listed below:\n[  FAILED  ] test_list_load\n\n 1 FAILED TEST(S)\n\nSummary: [X]\n\n",
            "passed": false,
            "skipped": false
        },
        "test_list_deduplicate": {
            "return_code": 1,
            "stdout": "[==========] tests: Running 1 test(s).\n[ RUN      ] test_list_deduplicate\n",
            "stderr": "AddressSanitizer:DEADLYSIGNAL\n=================================================================\n==3043030==ERROR: AddressSanitizer: SEGV on unknown address 0x000000000000 (pc 0x5603d9b4c9e1 bp 0x7ffd02bc6440 sp 0x7ffd02bc63b0 T0)\n==3043030==The signal is caused by a READ memory access.\n==3043030==Hint: address points to the zero page.\n    #0 0x5603d9b4c9e0 in test_list_deduplicate tests_orig/test_list_deduplicate.c:26\n    #1 0x5603d9b4ac05 in cmocka_run_one_test_or_fixture cmocka/cmocka.c:2937\n    #2 0x5603d9b4b13a in cmocka_run_one_tests cmocka/cmocka.c:3045\n    #3 0x5603d9b4bb7e in _cmocka_run_group_tests cmocka/cmocka.c:3176\n    #4 0x5603d9b4cd64 in main tests_orig/test_list_deduplicate.c:36\n    #5 0x7fc79ad75082 in __libc_start_main ../csu/libc-start.c:308\n    #6 0x5603d9b4080d in _start (/home/moyix/git/codex_study_grading/repos/davinci-001_05/tests_orig/test_list_deduplicate.bin+0x580d)\n\nAddressSanitizer can not provide additional info.\nSUMMARY: AddressSanitizer: SEGV tests_orig/test_list_deduplicate.c:26 in test_list_deduplicate\n==3043030==ABORTING\n",
            "passed": false,
            "skipped": false
        }
    },
    "passed": 2,
    "total": 12,
    "passed_functional": 2,
    "total_functional": 12
}
