{
    "results": {
        "test_list_init": {
            "return_code": 0,
            "stdout": "[==========] tests: Running 1 test(s).\n[ RUN      ] test_list_init\n[       OK ] test_list_init\n[==========] tests: 1 test(s) run.\n",
            "stderr": "[  PASSED  ] 1 test(s).\n\nSummary: [#]\n\n",
            "passed": true,
            "skipped": false
        },
        "test_list_add_item_at_pos": {
            "return_code": 1,
            "stdout": "[==========] tests: Running 1 test(s).\n[ RUN      ] test_list_add_item_at_pos\n[  FAILED  ] test_list_add_item_at_pos\n[==========] tests: 1 test(s) run.\n",
            "stderr": "[  ERROR   ] --- 0x1 != 0\n[   LINE   ] --- tests_orig/test_list_add_item_at_pos.c:24: error: Failure!\n[  PASSED  ] 0 test(s).\n[  FAILED  ] tests: 1 test(s), listed below:\n[  FAILED  ] test_list_add_item_at_pos\n\n 1 FAILED TEST(S)\n\nSummary: [X]\n\n",
            "passed": false,
            "skipped": false
        },
        "test_list_item_to_string": {
            "return_code": 1,
            "stdout": "[==========] tests: Running 1 test(s).\n[ RUN      ] test_list_item_to_string\n[  FAILED  ] test_list_item_to_string\n[==========] tests: 1 test(s) run.\n",
            "stderr": "[  ERROR   ] --- 0x1 != 0\n[   LINE   ] --- tests_orig/test_list_item_to_string.c:25: error: Failure!\n[  PASSED  ] 0 test(s).\n[  FAILED  ] tests: 1 test(s), listed below:\n[  FAILED  ] test_list_item_to_string\n\n 1 FAILED TEST(S)\n\nSummary: [X]\n\n",
            "passed": false,
            "skipped": false
        },
        "test_list_print": {
            "return_code": 0,
            "stdout": "[==========] tests: Running 1 test(s).\n[ RUN      ] test_list_print\n[       OK ] test_list_print\n[==========] tests: 1 test(s) run.\n",
            "stderr": "[  PASSED  ] 1 test(s).\n\nSummary: [#]\n\n",
            "passed": true,
            "skipped": false
        },
        "test_list_update_item_at_pos": {
            "return_code": 0,
            "stdout": "[==========] tests: Running 1 test(s).\n[ RUN      ] test_list_update_item_at_pos\n[       OK ] test_list_update_item_at_pos\n[==========] tests: 1 test(s) run.\n",
            "stderr": "[  PASSED  ] 1 test(s).\n\nSummary: [#]\n\n",
            "passed": true,
            "skipped": false
        },
        "test_list_remove_item_at_pos": {
            "return_code": 1,
            "stdout": "[==========] tests: Running 1 test(s).\n[ RUN      ] test_list_remove_item_at_pos\n",
            "stderr": "AddressSanitizer:DEADLYSIGNAL\n=================================================================\n==3044820==ERROR: AddressSanitizer: SEGV on unknown address 0x000000000010 (pc 0x561ef7d6798a bp 0x7ffdb34ed0f0 sp 0x7ffdb34ed0c0 T0)\n==3044820==The signal is caused by a WRITE memory access.\n==3044820==Hint: address points to the zero page.\n    #0 0x561ef7d67989 in list_remove_item_at_pos parts/gen_list_remove_item_at_pos.c:49\n    #1 0x561ef7d73921 in test_list_remove_item_at_pos tests_orig/test_list_remove_item_at_pos.c:24\n    #2 0x561ef7d71be0 in cmocka_run_one_test_or_fixture cmocka/cmocka.c:2937\n    #3 0x561ef7d72115 in cmocka_run_one_tests cmocka/cmocka.c:3045\n    #4 0x561ef7d72b59 in _cmocka_run_group_tests cmocka/cmocka.c:3176\n    #5 0x561ef7d73b83 in main tests_orig/test_list_remove_item_at_pos.c:32\n    #6 0x7fbd2028a082 in __libc_start_main ../csu/libc-start.c:308\n    #7 0x561ef7d6780d in _start (/home/moyix/git/codex_study_grading/repos/cushman-001_08/tests_orig/test_list_remove_item_at_pos.bin+0x580d)\n\nAddressSanitizer can not provide additional info.\nSUMMARY: AddressSanitizer: SEGV parts/gen_list_remove_item_at_pos.c:49 in list_remove_item_at_pos\n==3044820==ABORTING\n",
            "passed": false,
            "skipped": false
        },
        "test_list_swap_item_positions": {
            "return_code": 1,
            "stdout": "[==========] tests: Running 1 test(s).\n[ RUN      ] test_list_swap_item_positions\n",
            "stderr": "AddressSanitizer:DEADLYSIGNAL\n=================================================================\n==3045120==ERROR: AddressSanitizer: SEGV on unknown address 0x000000000010 (pc 0x561eade3b9c5 bp 0x7ffe01d0fcc0 sp 0x7ffe01d0fcc0 T0)\n==3045120==The signal is caused by a WRITE memory access.\n==3045120==Hint: address points to the zero page.\n    #0 0x561eade3b9c4 in list_swap_item_positions parts/gen_list_swap_item_positions.c:53\n    #1 0x561eade479ce in test_list_swap_item_positions tests_orig/test_list_swap_item_positions.c:25\n    #2 0x561eade45c47 in cmocka_run_one_test_or_fixture cmocka/cmocka.c:2937\n    #3 0x561eade4617c in cmocka_run_one_tests cmocka/cmocka.c:3045\n    #4 0x561eade46bc0 in _cmocka_run_group_tests cmocka/cmocka.c:3176\n    #5 0x561eade47cd4 in main tests_orig/test_list_swap_item_positions.c:34\n    #6 0x7fb8e40a2082 in __libc_start_main ../csu/libc-start.c:308\n    #7 0x561eade3b80d in _start (/home/moyix/git/codex_study_grading/repos/cushman-001_08/tests_orig/test_list_swap_item_positions.bin+0x580d)\n\nAddressSanitizer can not provide additional info.\nSUMMARY: AddressSanitizer: SEGV parts/gen_list_swap_item_positions.c:53 in list_swap_item_positions\n==3045120==ABORTING\n",
            "passed": false,
            "skipped": false
        },
        "test_list_find_highest_price_item_position": {
            "return_code": 1,
            "stdout": "[==========] tests: Running 1 test(s).\n[ RUN      ] test_list_find_highest_price_item_position\n[  FAILED  ] test_list_find_highest_price_item_position\n[==========] tests: 1 test(s) run.\n",
            "stderr": "[  ERROR   ] --- 0x2 != 0x3\n[   LINE   ] --- tests_orig/test_list_find_highest_price_item_position.c:28: error: Failure!\n[  PASSED  ] 0 test(s).\n[  FAILED  ] tests: 1 test(s), listed below:\n[  FAILED  ] test_list_find_highest_price_item_position\n\n 1 FAILED TEST(S)\n\nSummary: [X]\n\n",
            "passed": false,
            "skipped": false
        },
        "test_list_cost_sum": {
            "return_code": 0,
            "stdout": "[==========] tests: Running 1 test(s).\n[ RUN      ] test_list_cost_sum\n[       OK ] test_list_cost_sum\n[==========] tests: 1 test(s) run.\n",
            "stderr": "[  PASSED  ] 1 test(s).\n\nSummary: [#]\n\n",
            "passed": true,
            "skipped": false
        },
        "test_list_save": {
            "return_code": 0,
            "stdout": "[==========] tests: Running 1 test(s).\n[ RUN      ] test_list_save\n[       OK ] test_list_save\n[==========] tests: 1 test(s) run.\n",
            "stderr": "[  PASSED  ] 1 test(s).\n\nSummary: [#]\n\n",
            "passed": true,
            "skipped": false
        },
        "test_list_load": {
            "return_code": 1,
            "stdout": "[==========] tests: Running 1 test(s).\n[ RUN      ] test_list_load\n[  FAILED  ] test_list_load\n[==========] tests: 1 test(s) run.\n",
            "stderr": "[  ERROR   ] --- 0x1 != 0\n[   LINE   ] --- tests_orig/test_list_load.c:23: error: Failure!\n[  PASSED  ] 0 test(s).\n[  FAILED  ] tests: 1 test(s), listed below:\n[  FAILED  ] test_list_load\n\n 1 FAILED TEST(S)\n\nSummary: [X]\n\n",
            "passed": false,
            "skipped": false
        },
        "test_list_deduplicate": {
            "return_code": 1,
            "stdout": "[==========] tests: Running 1 test(s).\n[ RUN      ] test_list_deduplicate\n[  FAILED  ] test_list_deduplicate\n[==========] tests: 1 test(s) run.\n",
            "stderr": "[  ERROR   ] --- 0x1 != 0\n[   LINE   ] --- tests_orig/test_list_deduplicate.c:25: error: Failure!\n[  PASSED  ] 0 test(s).\n[  FAILED  ] tests: 1 test(s), listed below:\n[  FAILED  ] test_list_deduplicate\n\n 1 FAILED TEST(S)\n\nSummary: [X]\n\n",
            "passed": false,
            "skipped": false
        }
    },
    "passed": 5,
    "total": 12,
    "passed_functional": 5,
    "total_functional": 12
}
