{
    "results": {
        "test_list_init": {
            "return_code": 0,
            "stdout": "[==========] tests: Running 1 test(s).\n[ RUN      ] test_list_init\n[       OK ] test_list_init\n[==========] tests: 1 test(s) run.\n",
            "stderr": "[  PASSED  ] 1 test(s).\n\nSummary: [#]\n\n",
            "passed": true,
            "skipped": false
        },
        "test_list_init_nullhead": {
            "return_code": 1,
            "stdout": "[==========] tests: Running 1 test(s).\n[ RUN      ] test_list_init_nullhead\n",
            "stderr": "AddressSanitizer:DEADLYSIGNAL\n=================================================================\n==3032110==ERROR: AddressSanitizer: SEGV on unknown address 0x000000000000 (pc 0x55ef7ef788d9 bp 0x7fff606123c0 sp 0x7fff606123c0 T0)\n==3032110==The signal is caused by a WRITE memory access.\n==3032110==Hint: address points to the zero page.\n    #0 0x55ef7ef788d8 in list_init parts/gen_list_init.c:25\n    #1 0x55ef7ef8474f in test_list_init_nullhead tests_ref/test_list_init_nullhead.c:23\n    #2 0x55ef7ef82b26 in cmocka_run_one_test_or_fixture cmocka/cmocka.c:2937\n    #3 0x55ef7ef8305b in cmocka_run_one_tests cmocka/cmocka.c:3045\n    #4 0x55ef7ef83a9f in _cmocka_run_group_tests cmocka/cmocka.c:3176\n    #5 0x55ef7ef84916 in main tests_ref/test_list_init_nullhead.c:30\n    #6 0x7f4d684d1082 in __libc_start_main ../csu/libc-start.c:308\n    #7 0x55ef7ef7880d in _start (/home/moyix/git/codex_study_grading/repos/cushman-001_08/tests_ref/test_list_init_nullhead.bin+0x580d)\n\nAddressSanitizer can not provide additional info.\nSUMMARY: AddressSanitizer: SEGV parts/gen_list_init.c:25 in list_init\n==3032110==ABORTING\n",
            "passed": false,
            "skipped": false
        },
        "test_list_add_item_at_pos": {
            "return_code": 1,
            "stdout": "[==========] tests: Running 1 test(s).\n[ RUN      ] test_list_add_item_at_pos\n[  FAILED  ] test_list_add_item_at_pos\n[==========] tests: 1 test(s) run.\n",
            "stderr": "[  ERROR   ] --- 0x1 != 0\n[   LINE   ] --- tests_ref/test_list_add_item_at_pos.c:26: error: Failure!\n[  PASSED  ] 0 test(s).\n[  FAILED  ] tests: 1 test(s), listed below:\n[  FAILED  ] test_list_add_item_at_pos\n\n 1 FAILED TEST(S)\n\nSummary: [X]\n\n",
            "passed": false,
            "skipped": false
        },
        "test_list_add_item_at_pos_nullhead": {
            "return_code": 0,
            "stdout": "[==========] tests: Running 1 test(s).\n[ RUN      ] test_list_add_item_at_pos_nullhead\n[       OK ] test_list_add_item_at_pos_nullhead\n[==========] tests: 1 test(s) run.\n",
            "stderr": "[  PASSED  ] 1 test(s).\n\nSummary: [#]\n\n",
            "passed": true,
            "skipped": false
        },
        "test_list_add_item_at_pos_nullitem": {
            "return_code": 0,
            "stdout": "[==========] tests: Running 1 test(s).\n[ RUN      ] test_list_add_item_at_pos_nullitem\n[       OK ] test_list_add_item_at_pos_nullitem\n[==========] tests: 1 test(s) run.\n",
            "stderr": "[  PASSED  ] 1 test(s).\n\nSummary: [#]\n\n",
            "passed": true,
            "skipped": false
        },
        "test_list_add_item_at_pos_oob": {
            "return_code": 1,
            "stdout": "[==========] tests: Running 1 test(s).\n[ RUN      ] test_list_add_item_at_pos_oob\n[  FAILED  ] test_list_add_item_at_pos_oob\n[==========] tests: 1 test(s) run.\n",
            "stderr": "[  ERROR   ] --- 0 != 0x1\n[   LINE   ] --- tests_ref/test_list_add_item_at_pos_oob.c:25: error: Failure!\n[  PASSED  ] 0 test(s).\n[  FAILED  ] tests: 1 test(s), listed below:\n[  FAILED  ] test_list_add_item_at_pos_oob\n\n 1 FAILED TEST(S)\n\nSummary: [X]\n\n",
            "passed": false,
            "skipped": false
        },
        "test_list_item_to_string": {
            "return_code": 1,
            "stdout": "[==========] tests: Running 1 test(s).\n[ RUN      ] test_list_item_to_string\n[  FAILED  ] test_list_item_to_string\n[==========] tests: 1 test(s) run.\n",
            "stderr": "[  ERROR   ] --- 0x1 != 0\n[   LINE   ] --- tests_ref/test_list_item_to_string.c:27: error: Failure!\n[  PASSED  ] 0 test(s).\n[  FAILED  ] tests: 1 test(s), listed below:\n[  FAILED  ] test_list_item_to_string\n\n 1 FAILED TEST(S)\n\nSummary: [X]\n\n",
            "passed": false,
            "skipped": false
        },
        "test_list_item_to_string_nullhead": {
            "return_code": 0,
            "stdout": "[==========] tests: Running 1 test(s).\n[ RUN      ] test_list_item_to_string_nullhead\n[       OK ] test_list_item_to_string_nullhead\n[==========] tests: 1 test(s) run.\n",
            "stderr": "[  PASSED  ] 1 test(s).\n\nSummary: [#]\n\n",
            "passed": true,
            "skipped": false
        },
        "test_list_item_to_string_nullstr": {
            "return_code": 0,
            "stdout": "[==========] tests: Running 1 test(s).\n[ RUN      ] test_list_item_to_string_nullstr\n[       OK ] test_list_item_to_string_nullstr\n[==========] tests: 1 test(s) run.\n",
            "stderr": "[  PASSED  ] 1 test(s).\n\nSummary: [#]\n\n",
            "passed": true,
            "skipped": false
        },
        "test_list_item_to_string_longstr": {
            "return_code": 0,
            "stdout": "[==========] tests: Running 1 test(s).\n[ RUN      ] test_list_item_to_string_longstr\n[       OK ] test_list_item_to_string_longstr\n[==========] tests: 1 test(s) run.\n",
            "stderr": "[  PASSED  ] 1 test(s).\n\nSummary: [#]\n\n",
            "passed": true,
            "skipped": false
        },
        "test_list_print": {
            "return_code": 0,
            "stdout": "[==========] tests: Running 1 test(s).\n[ RUN      ] test_list_print\n[       OK ] test_list_print\n[==========] tests: 1 test(s) run.\n",
            "stderr": "[  PASSED  ] 1 test(s).\n\nSummary: [#]\n\n",
            "passed": true,
            "skipped": false
        },
        "test_list_print_nullhead": {
            "return_code": 1,
            "stdout": "[==========] tests: Running 1 test(s).\n[ RUN      ] test_list_print_nullhead\n[  FAILED  ] test_list_print_nullhead\n[==========] tests: 1 test(s) run.\n",
            "stderr": "[  ERROR   ] --- 0 != 0x1\n[   LINE   ] --- tests_ref/test_list_print_nullhead.c:23: error: Failure!\n[  PASSED  ] 0 test(s).\n[  FAILED  ] tests: 1 test(s), listed below:\n[  FAILED  ] test_list_print_nullhead\n\n 1 FAILED TEST(S)\n\nSummary: [X]\n\n",
            "passed": false,
            "skipped": false
        },
        "test_list_print_longitem": {
            "return_code": 1,
            "stdout": "[==========] tests: Running 1 test(s).\n[ RUN      ] test_list_print_longitem\n[  FAILED  ] test_list_print_longitem\n[==========] tests: 1 test(s) run.\n",
            "stderr": "[  ERROR   ] --- 0 != 0x1\n[   LINE   ] --- tests_ref/test_list_print_longitem.c:30: error: Failure!\n[  PASSED  ] 0 test(s).\n[  FAILED  ] tests: 1 test(s), listed below:\n[  FAILED  ] test_list_print_longitem\n\n 1 FAILED TEST(S)\n\nSummary: [X]\n\n",
            "passed": false,
            "skipped": false
        },
        "test_list_update_item_at_pos": {
            "return_code": 1,
            "stdout": "[==========] tests: Running 1 test(s).\n[ RUN      ] test_list_update_item_at_pos\n",
            "stderr": "AddressSanitizer:DEADLYSIGNAL\n=================================================================\n==3032744==ERROR: AddressSanitizer: SEGV on unknown address 0x557d1f3a6830 (pc 0x7f1d437d2a16 bp 0x557d1f3a6830 sp 0x7ffff06d8140 T0)\n==3032744==The signal is caused by a WRITE memory access.\n    #0 0x7f1d437d2a15 in bool __sanitizer::atomic_compare_exchange_strong<__sanitizer::atomic_uint8_t>(__sanitizer::atomic_uint8_t volatile*, __sanitizer::atomic_uint8_t::Type*, __sanitizer::atomic_uint8_t::Type, __sanitizer::memory_order) ../../../../src/libsanitizer/sanitizer_common/sanitizer_atomic_clang.h:79\n    #1 0x7f1d437d2a15 in __asan::Allocator::AtomicallySetQuarantineFlagIfAllocated(__asan::AsanChunk*, void*, __sanitizer::BufferedStackTrace*) ../../../../src/libsanitizer/asan/asan_allocator.cc:552\n    #2 0x7f1d437d2a15 in __asan::Allocator::Deallocate(void*, unsigned long, unsigned long, __sanitizer::BufferedStackTrace*, __asan::AllocType) ../../../../src/libsanitizer/asan/asan_allocator.cc:629\n    #3 0x7f1d437d2a15 in __asan::asan_free(void*, __sanitizer::BufferedStackTrace*, __asan::AllocType) ../../../../src/libsanitizer/asan/asan_allocator.cc:865\n    #4 0x7f1d438b73d8 in __interceptor_free ../../../../src/libsanitizer/asan/asan_malloc_linux.cc:127\n    #5 0x557d1f3a23c2 in list_free test_common.h:35\n    #6 0x557d1f3a2aa1 in test_list_update_item_at_pos tests_ref/test_list_update_item_at_pos.c:31\n    #7 0x557d1f3a0bbb in cmocka_run_one_test_or_fixture cmocka/cmocka.c:2937\n    #8 0x557d1f3a10f0 in cmocka_run_one_tests cmocka/cmocka.c:3045\n    #9 0x557d1f3a1b34 in _cmocka_run_group_tests cmocka/cmocka.c:3176\n    #10 0x557d1f3a2cba in main tests_ref/test_list_update_item_at_pos.c:38\n    #11 0x7f1d435dc082 in __libc_start_main ../csu/libc-start.c:308\n    #12 0x557d1f39680d in _start (/home/moyix/git/codex_study_grading/repos/cushman-001_08/tests_ref/test_list_update_item_at_pos.bin+0x580d)\n\nAddressSanitizer can not provide additional info.\nSUMMARY: AddressSanitizer: SEGV ../../../../src/libsanitizer/sanitizer_common/sanitizer_atomic_clang.h:79 in bool __sanitizer::atomic_compare_exchange_strong<__sanitizer::atomic_uint8_t>(__sanitizer::atomic_uint8_t volatile*, __sanitizer::atomic_uint8_t::Type*, __sanitizer::atomic_uint8_t::Type, __sanitizer::memory_order)\n==3032744==ABORTING\n",
            "passed": false,
            "skipped": false
        },
        "test_list_update_item_at_pos_nullhead": {
            "return_code": 0,
            "stdout": "[==========] tests: Running 1 test(s).\n[ RUN      ] test_list_update_item_at_pos_nullhead\n[       OK ] test_list_update_item_at_pos_nullhead\n[==========] tests: 1 test(s) run.\n",
            "stderr": "[  PASSED  ] 1 test(s).\n\nSummary: [#]\n\n",
            "passed": true,
            "skipped": false
        },
        "test_list_update_item_at_pos_nullstr": {
            "return_code": 0,
            "stdout": "[==========] tests: Running 1 test(s).\n[ RUN      ] test_list_update_item_at_pos_nullstr\n[       OK ] test_list_update_item_at_pos_nullstr\n[==========] tests: 1 test(s) run.\n",
            "stderr": "[  PASSED  ] 1 test(s).\n\nSummary: [#]\n\n",
            "passed": true,
            "skipped": false
        },
        "test_list_update_item_at_pos_oob": {
            "return_code": 1,
            "stdout": "[==========] tests: Running 1 test(s).\n[ RUN      ] test_list_update_item_at_pos_oob\n[  FAILED  ] test_list_update_item_at_pos_oob\n[==========] tests: 1 test(s) run.\n",
            "stderr": "[  ERROR   ] --- 0 != 0x1\n[   LINE   ] --- tests_ref/test_list_update_item_at_pos_oob.c:27: error: Failure!\n[  PASSED  ] 0 test(s).\n[  FAILED  ] tests: 1 test(s), listed below:\n[  FAILED  ] test_list_update_item_at_pos_oob\n\n 1 FAILED TEST(S)\n\nSummary: [X]\n\n",
            "passed": false,
            "skipped": false
        },
        "test_list_remove_item_at_pos": {
            "return_code": 1,
            "stdout": "[==========] tests: Running 1 test(s).\n[ RUN      ] test_list_remove_item_at_pos\n",
            "stderr": "AddressSanitizer:DEADLYSIGNAL\n=================================================================\n==3032993==ERROR: AddressSanitizer: SEGV on unknown address 0x000000000011 (pc 0x55861150398a bp 0x7ffcce8990d0 sp 0x7ffcce8990a0 T0)\n==3032993==The signal is caused by a WRITE memory access.\n==3032993==Hint: address points to the zero page.\n    #0 0x558611503989 in list_remove_item_at_pos parts/gen_list_remove_item_at_pos.c:49\n    #1 0x55861150fa5f in test_list_remove_item_at_pos tests_ref/test_list_remove_item_at_pos.c:32\n    #2 0x55861150dbe0 in cmocka_run_one_test_or_fixture cmocka/cmocka.c:2937\n    #3 0x55861150e115 in cmocka_run_one_tests cmocka/cmocka.c:3045\n    #4 0x55861150eb59 in _cmocka_run_group_tests cmocka/cmocka.c:3176\n    #5 0x55861150fdbe in main tests_ref/test_list_remove_item_at_pos.c:45\n    #6 0x7f8a01b98082 in __libc_start_main ../csu/libc-start.c:308\n    #7 0x55861150380d in _start (/home/moyix/git/codex_study_grading/repos/cushman-001_08/tests_ref/test_list_remove_item_at_pos.bin+0x680d)\n\nAddressSanitizer can not provide additional info.\nSUMMARY: AddressSanitizer: SEGV parts/gen_list_remove_item_at_pos.c:49 in list_remove_item_at_pos\n==3032993==ABORTING\n",
            "passed": false,
            "skipped": false
        },
        "test_list_remove_item_at_pos_nullhead": {
            "return_code": 0,
            "stdout": "[==========] tests: Running 1 test(s).\n[ RUN      ] test_list_remove_item_at_pos_nullhead\n[       OK ] test_list_remove_item_at_pos_nullhead\n[==========] tests: 1 test(s) run.\n",
            "stderr": "[  PASSED  ] 1 test(s).\n\nSummary: [#]\n\n",
            "passed": true,
            "skipped": false
        },
        "test_list_remove_item_at_pos_oob": {
            "return_code": 1,
            "stdout": "[==========] tests: Running 1 test(s).\n[ RUN      ] test_list_remove_item_at_pos_oob\n[  FAILED  ] test_list_remove_item_at_pos_oob\n[==========] tests: 1 test(s) run.\n",
            "stderr": "[  ERROR   ] --- 0 != 0x1\n[   LINE   ] --- tests_ref/test_list_remove_item_at_pos_oob.c:26: error: Failure!\n[  PASSED  ] 0 test(s).\n[  FAILED  ] tests: 1 test(s), listed below:\n[  FAILED  ] test_list_remove_item_at_pos_oob\n\n 1 FAILED TEST(S)\n\nSummary: [X]\n\n",
            "passed": false,
            "skipped": false
        },
        "test_list_swap_item_positions": {
            "return_code": 1,
            "stdout": "[==========] tests: Running 1 test(s).\n[ RUN      ] test_list_swap_item_positions\n",
            "stderr": "AddressSanitizer:DEADLYSIGNAL\n=================================================================\n==3033290==ERROR: AddressSanitizer: SEGV on unknown address 0x000000000010 (pc 0x5606918069c5 bp 0x7ffdfc294700 sp 0x7ffdfc294700 T0)\n==3033290==The signal is caused by a WRITE memory access.\n==3033290==Hint: address points to the zero page.\n    #0 0x5606918069c4 in list_swap_item_positions parts/gen_list_swap_item_positions.c:53\n    #1 0x560691812a0c in test_list_swap_item_positions tests_ref/test_list_swap_item_positions.c:28\n    #2 0x560691810c47 in cmocka_run_one_test_or_fixture cmocka/cmocka.c:2937\n    #3 0x56069181117c in cmocka_run_one_tests cmocka/cmocka.c:3045\n    #4 0x560691811bc0 in _cmocka_run_group_tests cmocka/cmocka.c:3176\n    #5 0x560691813176 in main tests_ref/test_list_swap_item_positions.c:47\n    #6 0x7f9f48b3a082 in __libc_start_main ../csu/libc-start.c:308\n    #7 0x56069180680d in _start (/home/moyix/git/codex_study_grading/repos/cushman-001_08/tests_ref/test_list_swap_item_positions.bin+0x680d)\n\nAddressSanitizer can not provide additional info.\nSUMMARY: AddressSanitizer: SEGV parts/gen_list_swap_item_positions.c:53 in list_swap_item_positions\n==3033290==ABORTING\n",
            "passed": false,
            "skipped": false
        },
        "test_list_swap_item_positions_samepos": {
            "return_code": 0,
            "stdout": "[==========] tests: Running 1 test(s).\n[ RUN      ] test_list_swap_item_positions_samepos\n[       OK ] test_list_swap_item_positions_samepos\n[==========] tests: 1 test(s) run.\n",
            "stderr": "[  PASSED  ] 1 test(s).\n\nSummary: [#]\n\n",
            "passed": true,
            "skipped": false
        },
        "test_list_swap_item_positions_nullhead": {
            "return_code": 0,
            "stdout": "[==========] tests: Running 1 test(s).\n[ RUN      ] test_list_swap_item_positions_nullhead\n[       OK ] test_list_swap_item_positions_nullhead\n[==========] tests: 1 test(s) run.\n",
            "stderr": "[  PASSED  ] 1 test(s).\n\nSummary: [#]\n\n",
            "passed": true,
            "skipped": false
        },
        "test_list_swap_item_positions_oob": {
            "return_code": 1,
            "stdout": "[==========] tests: Running 1 test(s).\n[ RUN      ] test_list_swap_item_positions_oob\n",
            "stderr": "AddressSanitizer:DEADLYSIGNAL\n=================================================================\n==3033543==ERROR: AddressSanitizer: SEGV on unknown address 0x000000000011 (pc 0x564ad6ca29c5 bp 0x7ffea2cd4f60 sp 0x7ffea2cd4f60 T0)\n==3033543==The signal is caused by a WRITE memory access.\n==3033543==Hint: address points to the zero page.\n    #0 0x564ad6ca29c4 in list_swap_item_positions parts/gen_list_swap_item_positions.c:53\n    #1 0x564ad6cae9fd in test_list_swap_item_positions_oob tests_ref/test_list_swap_item_positions_oob.c:28\n    #2 0x564ad6cacc47 in cmocka_run_one_test_or_fixture cmocka/cmocka.c:2937\n    #3 0x564ad6cad17c in cmocka_run_one_tests cmocka/cmocka.c:3045\n    #4 0x564ad6cadbc0 in _cmocka_run_group_tests cmocka/cmocka.c:3176\n    #5 0x564ad6caedec in main tests_ref/test_list_swap_item_positions_oob.c:43\n    #6 0x7fa95e3f6082 in __libc_start_main ../csu/libc-start.c:308\n    #7 0x564ad6ca280d in _start (/home/moyix/git/codex_study_grading/repos/cushman-001_08/tests_ref/test_list_swap_item_positions_oob.bin+0x580d)\n\nAddressSanitizer can not provide additional info.\nSUMMARY: AddressSanitizer: SEGV parts/gen_list_swap_item_positions.c:53 in list_swap_item_positions\n==3033543==ABORTING\n",
            "passed": false,
            "skipped": false
        },
        "test_list_find_highest_price_item_position": {
            "return_code": 1,
            "stdout": "[==========] tests: Running 1 test(s).\n[ RUN      ] test_list_find_highest_price_item_position\n[  FAILED  ] test_list_find_highest_price_item_position\n[==========] tests: 1 test(s) run.\n",
            "stderr": "[  ERROR   ] --- 0x2 != 0x3\n[   LINE   ] --- tests_ref/test_list_find_highest_price_item_position.c:30: error: Failure!\n[  PASSED  ] 0 test(s).\n[  FAILED  ] tests: 1 test(s), listed below:\n[  FAILED  ] test_list_find_highest_price_item_position\n\n 1 FAILED TEST(S)\n\nSummary: [X]\n\n",
            "passed": false,
            "skipped": false
        },
        "test_list_find_highest_price_item_position_nullhead": {
            "return_code": 0,
            "stdout": "[==========] tests: Running 1 test(s).\n[ RUN      ] test_list_find_highest_price_item_position_nullhead\n[       OK ] test_list_find_highest_price_item_position_nullhead\n[==========] tests: 1 test(s) run.\n",
            "stderr": "[  PASSED  ] 1 test(s).\n\nSummary: [#]\n\n",
            "passed": true,
            "skipped": false
        },
        "test_list_find_highest_price_item_position_nullpos": {
            "return_code": 0,
            "stdout": "[==========] tests: Running 1 test(s).\n[ RUN      ] test_list_find_highest_price_item_position_nullpos\n[       OK ] test_list_find_highest_price_item_position_nullpos\n[==========] tests: 1 test(s) run.\n",
            "stderr": "[  PASSED  ] 1 test(s).\n\nSummary: [#]\n\n",
            "passed": true,
            "skipped": false
        },
        "test_list_cost_sum": {
            "return_code": 0,
            "stdout": "[==========] tests: Running 1 test(s).\n[ RUN      ] test_list_cost_sum\n[       OK ] test_list_cost_sum\n[==========] tests: 1 test(s) run.\n",
            "stderr": "[  PASSED  ] 1 test(s).\n\nSummary: [#]\n\n",
            "passed": true,
            "skipped": false
        },
        "test_list_cost_sum_nullhead": {
            "return_code": 0,
            "stdout": "[==========] tests: Running 1 test(s).\n[ RUN      ] test_list_cost_sum_nullhead\n[       OK ] test_list_cost_sum_nullhead\n[==========] tests: 1 test(s) run.\n",
            "stderr": "[  PASSED  ] 1 test(s).\n\nSummary: [#]\n\n",
            "passed": true,
            "skipped": false
        },
        "test_list_cost_sum_nulltotal": {
            "return_code": 0,
            "stdout": "[==========] tests: Running 1 test(s).\n[ RUN      ] test_list_cost_sum_nulltotal\n[       OK ] test_list_cost_sum_nulltotal\n[==========] tests: 1 test(s) run.\n",
            "stderr": "[  PASSED  ] 1 test(s).\n\nSummary: [#]\n\n",
            "passed": true,
            "skipped": false
        },
        "test_list_save": {
            "return_code": 0,
            "stdout": "[==========] tests: Running 1 test(s).\n[ RUN      ] test_list_save\n[       OK ] test_list_save\n[==========] tests: 1 test(s) run.\n",
            "stderr": "[  PASSED  ] 1 test(s).\n\nSummary: [#]\n\n",
            "passed": true,
            "skipped": false
        },
        "test_list_save_nullhead": {
            "return_code": 0,
            "stdout": "[==========] tests: Running 1 test(s).\n[ RUN      ] test_list_save_nullhead\n[       OK ] test_list_save_nullhead\n[==========] tests: 1 test(s) run.\n",
            "stderr": "[  PASSED  ] 1 test(s).\n\nSummary: [#]\n\n",
            "passed": true,
            "skipped": false
        },
        "test_list_save_nullfilename": {
            "return_code": 0,
            "stdout": "[==========] tests: Running 1 test(s).\n[ RUN      ] test_list_save_nullfilename\n[       OK ] test_list_save_nullfilename\n[==========] tests: 1 test(s) run.\n",
            "stderr": "[  PASSED  ] 1 test(s).\n\nSummary: [#]\n\n",
            "passed": true,
            "skipped": false
        },
        "test_list_save_badfile": {
            "return_code": 0,
            "stdout": "[==========] tests: Running 1 test(s).\n[ RUN      ] test_list_save_badfile\n[       OK ] test_list_save_badfile\n[==========] tests: 1 test(s) run.\n",
            "stderr": "[  PASSED  ] 1 test(s).\n\nSummary: [#]\n\n",
            "passed": true,
            "skipped": false
        },
        "test_list_load": {
            "return_code": 1,
            "stdout": "[==========] tests: Running 1 test(s).\n[ RUN      ] test_list_load\n[  FAILED  ] test_list_load\n[==========] tests: 1 test(s) run.\n",
            "stderr": "[  ERROR   ] --- 0x1 != 0\n[   LINE   ] --- tests_ref/test_list_load.c:27: error: Failure!\n[  PASSED  ] 0 test(s).\n[  FAILED  ] tests: 1 test(s), listed below:\n[  FAILED  ] test_list_load\n\n 1 FAILED TEST(S)\n\nSummary: [X]\n\n",
            "passed": false,
            "skipped": false
        },
        "test_list_load_nullhead": {
            "return_code": 0,
            "stdout": "[==========] tests: Running 1 test(s).\n[ RUN      ] test_list_load_nullhead\n[       OK ] test_list_load_nullhead\n[==========] tests: 1 test(s) run.\n",
            "stderr": "[  PASSED  ] 1 test(s).\n\nSummary: [#]\n\n",
            "passed": true,
            "skipped": false
        },
        "test_list_load_nullfilename": {
            "return_code": 0,
            "stdout": "[==========] tests: Running 1 test(s).\n[ RUN      ] test_list_load_nullfilename\n[       OK ] test_list_load_nullfilename\n[==========] tests: 1 test(s) run.\n",
            "stderr": "[  PASSED  ] 1 test(s).\n\nSummary: [#]\n\n",
            "passed": true,
            "skipped": false
        },
        "test_list_load_longitem": {
            "return_code": 1,
            "stdout": "[==========] tests: Running 1 test(s).\n[ RUN      ] test_list_load_longitem\n[  FAILED  ] test_list_load_longitem\n[==========] tests: 1 test(s) run.\n",
            "stderr": "[  ERROR   ] --- 0x1 != 0\n[   LINE   ] --- tests_ref/test_list_load_longitem.c:29: error: Failure!\n[  PASSED  ] 0 test(s).\n[  FAILED  ] tests: 1 test(s), listed below:\n[  FAILED  ] test_list_load_longitem\n\n 1 FAILED TEST(S)\n\nSummary: [X]\n\n",
            "passed": false,
            "skipped": false
        },
        "test_list_load_badparse": {
            "return_code": 0,
            "stdout": "[==========] tests: Running 1 test(s).\n[ RUN      ] test_list_load_badparse\n[       OK ] test_list_load_badparse\n[==========] tests: 1 test(s) run.\n",
            "stderr": "[  PASSED  ] 1 test(s).\n\nSummary: [#]\n\n",
            "passed": true,
            "skipped": false
        },
        "test_list_load_badfile": {
            "return_code": 0,
            "stdout": "[==========] tests: Running 1 test(s).\n[ RUN      ] test_list_load_badfile\n[       OK ] test_list_load_badfile\n[==========] tests: 1 test(s) run.\n",
            "stderr": "[  PASSED  ] 1 test(s).\n\nSummary: [#]\n\n",
            "passed": true,
            "skipped": false
        },
        "test_list_load_missingfile": {
            "return_code": 0,
            "stdout": "[==========] tests: Running 1 test(s).\n[ RUN      ] test_list_load_missingfile\n[       OK ] test_list_load_missingfile\n[==========] tests: 1 test(s) run.\n",
            "stderr": "[  PASSED  ] 1 test(s).\n\nSummary: [#]\n\n",
            "passed": true,
            "skipped": false
        },
        "test_list_deduplicate": {
            "return_code": 1,
            "stdout": "[==========] tests: Running 1 test(s).\n[ RUN      ] test_list_deduplicate\n[  FAILED  ] test_list_deduplicate\n[==========] tests: 1 test(s) run.\n",
            "stderr": "[  ERROR   ] --- 0x1 != 0\n[   LINE   ] --- tests_ref/test_list_deduplicate.c:27: error: Failure!\n[  PASSED  ] 0 test(s).\n[  FAILED  ] tests: 1 test(s), listed below:\n[  FAILED  ] test_list_deduplicate\n\n 1 FAILED TEST(S)\n\nSummary: [X]\n\n",
            "passed": false,
            "skipped": false
        },
        "test_list_deduplicate_nullhead": {
            "return_code": 0,
            "stdout": "[==========] tests: Running 1 test(s).\n[ RUN      ] test_list_deduplicate_nullhead\n[       OK ] test_list_deduplicate_nullhead\n[==========] tests: 1 test(s) run.\n",
            "stderr": "[  PASSED  ] 1 test(s).\n\nSummary: [#]\n\n",
            "passed": true,
            "skipped": false
        },
        "test_list_deduplicate_single": {
            "return_code": 1,
            "stdout": "[==========] tests: Running 1 test(s).\n[ RUN      ] test_list_deduplicate_single\n[  FAILED  ] test_list_deduplicate_single\n[==========] tests: 1 test(s) run.\n",
            "stderr": "[  ERROR   ] --- 0x1 != 0\n[   LINE   ] --- tests_ref/test_list_deduplicate_single.c:26: error: Failure!\n[  PASSED  ] 0 test(s).\n[  FAILED  ] tests: 1 test(s), listed below:\n[  FAILED  ] test_list_deduplicate_single\n\n 1 FAILED TEST(S)\n\nSummary: [X]\n\n",
            "passed": false,
            "skipped": false
        },
        "test_list_deduplicate_nodups": {
            "return_code": 1,
            "stdout": "[==========] tests: Running 1 test(s).\n[ RUN      ] test_list_deduplicate_nodups\n[  FAILED  ] test_list_deduplicate_nodups\n[==========] tests: 1 test(s) run.\n",
            "stderr": "[  ERROR   ] --- 0x1 != 0\n[   LINE   ] --- tests_ref/test_list_deduplicate_nodups.c:27: error: Failure!\n[  PASSED  ] 0 test(s).\n[  FAILED  ] tests: 1 test(s), listed below:\n[  FAILED  ] test_list_deduplicate_nodups\n\n 1 FAILED TEST(S)\n\nSummary: [X]\n\n",
            "passed": false,
            "skipped": false
        }
    },
    "passed": 27,
    "total": 45,
    "passed_functional": 10,
    "total_functional": 26
}
