{
    "results": {
        "test_list_init": {
            "return_code": "skipped: unimplemented",
            "stdout": "",
            "stderr": "",
            "passed": false,
            "skipped": true
        },
        "test_list_add_item_at_pos": {
            "return_code": 1,
            "stdout": "[==========] tests: Running 1 test(s).\n[ RUN      ] test_list_add_item_at_pos\n[  FAILED  ] test_list_add_item_at_pos\n[==========] tests: 1 test(s) run.\n",
            "stderr": "[  ERROR   ] --- 0x1 != 0\n[   LINE   ] --- tests_orig/test_list_add_item_at_pos.c:23: error: Failure!\n[  PASSED  ] 0 test(s).\n[  FAILED  ] tests: 1 test(s), listed below:\n[  FAILED  ] test_list_add_item_at_pos\n\n 1 FAILED TEST(S)\n\nSummary: [X]\n\n",
            "passed": false,
            "skipped": false
        },
        "test_list_item_to_string": {
            "return_code": 1,
            "stdout": "[==========] tests: Running 1 test(s).\n[ RUN      ] test_list_item_to_string\n[  FAILED  ] test_list_item_to_string\n[==========] tests: 1 test(s) run.\n",
            "stderr": "[  ERROR   ] --- \"1 * item1 @ 1.00 ea\" != \"1 * item1 @ $1.00 ea\"\n[   LINE   ] --- tests_orig/test_list_item_to_string.c:27: error: Failure!\n[  PASSED  ] 0 test(s).\n[  FAILED  ] tests: 1 test(s), listed below:\n[  FAILED  ] test_list_item_to_string\n\n 1 FAILED TEST(S)\n\nSummary: [X]\n\n",
            "passed": false,
            "skipped": false
        },
        "test_list_print": {
            "return_code": 1,
            "stdout": "[==========] tests: Running 1 test(s).\n[ RUN      ] test_list_print\n[  FAILED  ] test_list_print\n[==========] tests: 1 test(s) run.\n",
            "stderr": "[  ERROR   ] --- \"1: 3 * banana @ 1.00 ea\n2: 2 * orange @ 2.00 ea\n3: 4 * apple @ 3.00 ea\n\" != \"1: 3 * banana @ $1.00 ea\n2: 2 * orange @ $2.00 ea\n3: 4 * apple @ $3.00 ea\n\"\n[   LINE   ] --- tests_orig/test_list_print.c:32: error: Failure!\n[  PASSED  ] 0 test(s).\n[  FAILED  ] tests: 1 test(s), listed below:\n[  FAILED  ] test_list_print\n\n 1 FAILED TEST(S)\n\nSummary: [X]\n\n",
            "passed": false,
            "skipped": false
        },
        "test_list_update_item_at_pos": {
            "return_code": 0,
            "stdout": "[==========] tests: Running 1 test(s).\n[ RUN      ] test_list_update_item_at_pos\n[       OK ] test_list_update_item_at_pos\n[==========] tests: 1 test(s) run.\n",
            "stderr": "[  PASSED  ] 1 test(s).\n\nSummary: [#]\n\n",
            "passed": true,
            "skipped": false
        },
        "test_list_remove_item_at_pos": {
            "return_code": 0,
            "stdout": "[==========] tests: Running 1 test(s).\n[ RUN      ] test_list_remove_item_at_pos\n[       OK ] test_list_remove_item_at_pos\n[==========] tests: 1 test(s) run.\n",
            "stderr": "[  PASSED  ] 1 test(s).\n\nSummary: [#]\n\n",
            "passed": true,
            "skipped": false
        },
        "test_list_swap_item_positions": {
            "return_code": 1,
            "stdout": "[==========] tests: Running 1 test(s).\n[ RUN      ] test_list_swap_item_positions\n",
            "stderr": "AddressSanitizer:DEADLYSIGNAL\n=================================================================\n==3831680==ERROR: AddressSanitizer: SEGV on unknown address 0x000000000010 (pc 0x5652292719cf bp 0x7ffe302aec20 sp 0x7ffe302aec20 T0)\n==3831680==The signal is caused by a READ memory access.\n==3831680==Hint: address points to the zero page.\n    #0 0x5652292719ce in list_swap_item_positions parts/gen_list_swap_item_positions.c:65\n    #1 0x56522927d9be in test_list_swap_item_positions tests_orig/test_list_swap_item_positions.c:25\n    #2 0x56522927bc76 in cmocka_run_one_test_or_fixture cmocka/cmocka.c:2937\n    #3 0x56522927c1b6 in cmocka_run_one_tests cmocka/cmocka.c:3045\n    #4 0x56522927cbe4 in _cmocka_run_group_tests cmocka/cmocka.c:3176\n    #5 0x56522927dcaa in main tests_orig/test_list_swap_item_positions.c:34\n    #6 0x7f8ec5f5ffcf in __libc_start_call_main ../sysdeps/nptl/libc_start_call_main.h:58\n    #7 0x7f8ec5f6007c in __libc_start_main_impl ../csu/libc-start.c:409\n    #8 0x565229271804 in _start (/home/gustavo/git/codex_study_grading/repos/be6fa0a5-e7ff-4ae0-b846-57d9385acd84/tests_orig/test_list_swap_item_positions.bin+0x5804)\n\nAddressSanitizer can not provide additional info.\nSUMMARY: AddressSanitizer: SEGV parts/gen_list_swap_item_positions.c:65 in list_swap_item_positions\n==3831680==ABORTING\n",
            "passed": false,
            "skipped": false
        },
        "test_list_find_highest_price_item_position": {
            "return_code": 0,
            "stdout": "[==========] tests: Running 1 test(s).\n[ RUN      ] test_list_find_highest_price_item_position\n[       OK ] test_list_find_highest_price_item_position\n[==========] tests: 1 test(s) run.\n",
            "stderr": "[  PASSED  ] 1 test(s).\n\nSummary: [#]\n\n",
            "passed": true,
            "skipped": false
        },
        "test_list_cost_sum": {
            "return_code": 0,
            "stdout": "[==========] tests: Running 1 test(s).\n[ RUN      ] test_list_cost_sum\n[       OK ] test_list_cost_sum\n[==========] tests: 1 test(s) run.\n",
            "stderr": "[  PASSED  ] 1 test(s).\n\nSummary: [#]\n\n",
            "passed": true,
            "skipped": false
        },
        "test_list_save": {
            "return_code": 1,
            "stdout": "[==========] tests: Running 1 test(s).\n[ RUN      ] test_list_save\n[  FAILED  ] test_list_save\n[==========] tests: 1 test(s) run.\n",
            "stderr": "[  ERROR   ] --- r\n[   LINE   ] --- tests_orig/test_list_save.c:33: error: Failure!\n[  PASSED  ] 0 test(s).\n[  FAILED  ] tests: 1 test(s), listed below:\n[  FAILED  ] test_list_save\n\n 1 FAILED TEST(S)\n\nSummary: [X]\n\n",
            "passed": false,
            "skipped": false
        },
        "test_list_load": {
            "return_code": 1,
            "stdout": "[==========] tests: Running 1 test(s).\n[ RUN      ] test_list_load\n[  FAILED  ] test_list_load\n[==========] tests: 1 test(s) run.\n",
            "stderr": "[  ERROR   ] --- 0x80 != 0\n[   LINE   ] --- tests_orig/test_list_load.c:23: error: Failure!\n[  PASSED  ] 0 test(s).\n[  FAILED  ] tests: 1 test(s), listed below:\n[  FAILED  ] test_list_load\n\n 1 FAILED TEST(S)\n\nSummary: [X]\n\n",
            "passed": false,
            "skipped": false
        },
        "test_list_deduplicate": {
            "return_code": 1,
            "stdout": "[==========] tests: Running 1 test(s).\n[ RUN      ] test_list_deduplicate\n[  FAILED  ] test_list_deduplicate\n[==========] tests: 1 test(s) run.\n",
            "stderr": "[  ERROR   ] --- 0x1 != 0xb\n[   LINE   ] --- tests_orig/test_list_deduplicate.c:28: error: Failure!\n[  PASSED  ] 0 test(s).\n[  FAILED  ] tests: 1 test(s), listed below:\n[  FAILED  ] test_list_deduplicate\n\n 1 FAILED TEST(S)\n\nSummary: [X]\n\n",
            "passed": false,
            "skipped": false
        }
    },
    "passed": 4,
    "total": 12,
    "passed_functional": 4,
    "total_functional": 12
}
