{
    "results": {
        "test_list_init": {
            "return_code": "skipped: unimplemented",
            "stdout": "",
            "stderr": "",
            "passed": false,
            "skipped": true
        },
        "test_list_add_item_at_pos": {
            "return_code": 0,
            "stdout": "[==========] tests: Running 1 test(s).\n[ RUN      ] test_list_add_item_at_pos\n[       OK ] test_list_add_item_at_pos\n[==========] tests: 1 test(s) run.\n",
            "stderr": "[  PASSED  ] 1 test(s).\n\nSummary: [#]\n\n",
            "passed": true,
            "skipped": false
        },
        "test_list_item_to_string": {
            "return_code": 1,
            "stdout": "[==========] tests: Running 1 test(s).\n[ RUN      ] test_list_item_to_string\n[  FAILED  ] test_list_item_to_string\n[==========] tests: 1 test(s) run.\n",
            "stderr": "[  ERROR   ] --- \"\" != \"1 * item1 @ $1.00 ea\"\n[   LINE   ] --- tests_orig/test_list_item_to_string.c:27: error: Failure!\n[  PASSED  ] 0 test(s).\n[  FAILED  ] tests: 1 test(s), listed below:\n[  FAILED  ] test_list_item_to_string\n\n 1 FAILED TEST(S)\n\nSummary: [X]\n\n",
            "passed": false,
            "skipped": false
        },
        "test_list_print": {
            "return_code": 1,
            "stdout": "[==========] tests: Running 1 test(s).\n[ RUN      ] test_list_print\n",
            "stderr": "AddressSanitizer:DEADLYSIGNAL\n=================================================================\n==3828502==ERROR: AddressSanitizer: SEGV on unknown address 0x00002065610a (pc 0x7fb5dbccc616 bp 0x7ffc98cc9d20 sp 0x7ffc98cc9448 T0)\n==3828502==The signal is caused by a READ memory access.\n    #0 0x7fb5dbccc615 in __sanitizer::internal_strlen(char const*) ../../../../src/libsanitizer/sanitizer_common/sanitizer_libc.cc:164\n    #1 0x7fb5dbc4284a in printf_common ../../../../src/libsanitizer/sanitizer_common/sanitizer_common_interceptors_format.inc:489\n    #2 0x7fb5dbc45ad5 in __interceptor_vsnprintf ../../../../src/libsanitizer/sanitizer_common/sanitizer_common_interceptors.inc:1608\n    #3 0x55c98da2953b in test_printf test_common.h:53\n    #4 0x55c98da1d926 in list_print parts/gen_list_print.c:47\n    #5 0x55c98da2997f in test_list_print tests_orig/test_list_print.c:27\n    #6 0x55c98da27bbf in cmocka_run_one_test_or_fixture cmocka/cmocka.c:2937\n    #7 0x55c98da280ff in cmocka_run_one_tests cmocka/cmocka.c:3045\n    #8 0x55c98da28b2d in _cmocka_run_group_tests cmocka/cmocka.c:3176\n    #9 0x55c98da29bc4 in main tests_orig/test_list_print.c:40\n    #10 0x7fb5db9a7fcf in __libc_start_call_main ../sysdeps/nptl/libc_start_call_main.h:58\n    #11 0x7fb5db9a807c in __libc_start_main_impl ../csu/libc-start.c:409\n    #12 0x55c98da1d804 in _start (/home/gustavo/git/codex_study_grading/repos/40a638f7-3fe3-43b0-b6cd-c47427778724/tests_orig/test_list_print.bin+0x6804)\n\nAddressSanitizer can not provide additional info.\nSUMMARY: AddressSanitizer: SEGV ../../../../src/libsanitizer/sanitizer_common/sanitizer_libc.cc:164 in __sanitizer::internal_strlen(char const*)\n==3828502==ABORTING\n",
            "passed": false,
            "skipped": false
        },
        "test_list_update_item_at_pos": {
            "return_code": 0,
            "stdout": "[==========] tests: Running 1 test(s).\n[ RUN      ] test_list_update_item_at_pos\n[       OK ] test_list_update_item_at_pos\n[==========] tests: 1 test(s) run.\n",
            "stderr": "[  PASSED  ] 1 test(s).\n\nSummary: [#]\n\n",
            "passed": true,
            "skipped": false
        },
        "test_list_remove_item_at_pos": {
            "return_code": 0,
            "stdout": "[==========] tests: Running 1 test(s).\n[ RUN      ] test_list_remove_item_at_pos\n[       OK ] test_list_remove_item_at_pos\n[==========] tests: 1 test(s) run.\n",
            "stderr": "[  PASSED  ] 1 test(s).\n\nSummary: [#]\n\n",
            "passed": true,
            "skipped": false
        },
        "test_list_swap_item_positions": {
            "return_code": 1,
            "stdout": "[==========] tests: Running 1 test(s).\n[ RUN      ] test_list_swap_item_positions\n[  FAILED  ] test_list_swap_item_positions\n[==========] tests: 1 test(s) run.\n",
            "stderr": "[  ERROR   ] --- 0x1 != 0\n[   LINE   ] --- tests_orig/test_list_swap_item_positions.c:25: error: Failure!\n[  PASSED  ] 0 test(s).\n[  FAILED  ] tests: 1 test(s), listed below:\n[  FAILED  ] test_list_swap_item_positions\n\n 1 FAILED TEST(S)\n\nSummary: [X]\n\n",
            "passed": false,
            "skipped": false
        },
        "test_list_find_highest_price_item_position": {
            "return_code": 0,
            "stdout": "[==========] tests: Running 1 test(s).\n[ RUN      ] test_list_find_highest_price_item_position\n[       OK ] test_list_find_highest_price_item_position\n[==========] tests: 1 test(s) run.\n",
            "stderr": "[  PASSED  ] 1 test(s).\n\nSummary: [#]\n\n",
            "passed": true,
            "skipped": false
        },
        "test_list_cost_sum": {
            "return_code": 0,
            "stdout": "[==========] tests: Running 1 test(s).\n[ RUN      ] test_list_cost_sum\n[       OK ] test_list_cost_sum\n[==========] tests: 1 test(s) run.\n",
            "stderr": "[  PASSED  ] 1 test(s).\n\nSummary: [#]\n\n",
            "passed": true,
            "skipped": false
        },
        "test_list_save": {
            "return_code": 1,
            "stdout": "[==========] tests: Running 1 test(s).\n[ RUN      ] test_list_save\n[  FAILED  ] test_list_save\n[==========] tests: 1 test(s) run.\n",
            "stderr": "[  ERROR   ] --- 0x1 != 0\n[   LINE   ] --- tests_orig/test_list_save.c:26: error: Failure!\n[  PASSED  ] 0 test(s).\n[  FAILED  ] tests: 1 test(s), listed below:\n[  FAILED  ] test_list_save\n\n 1 FAILED TEST(S)\n\nSummary: [X]\n\n",
            "passed": false,
            "skipped": false
        },
        "test_list_load": {
            "return_code": 1,
            "stdout": "[==========] tests: Running 1 test(s).\n[ RUN      ] test_list_load\n[  FAILED  ] test_list_load\n[==========] tests: 1 test(s) run.\n",
            "stderr": "[  ERROR   ] --- 0x1 != 0\n[   LINE   ] --- tests_orig/test_list_load.c:23: error: Failure!\n[  PASSED  ] 0 test(s).\n[  FAILED  ] tests: 1 test(s), listed below:\n[  FAILED  ] test_list_load\n\n 1 FAILED TEST(S)\n\nSummary: [X]\n\n",
            "passed": false,
            "skipped": false
        },
        "test_list_deduplicate": {
            "return_code": "skipped: unimplemented",
            "stdout": "",
            "stderr": "",
            "passed": false,
            "skipped": true
        }
    },
    "passed": 5,
    "total": 12,
    "passed_functional": 5,
    "total_functional": 12
}
